{"numFailedTestSuites":0,"numFailedTests":0,"numPassedTestSuites":19,"numPassedTests":107,"numPendingTestSuites":0,"numPendingTests":0,"numRuntimeErrorTestSuites":0,"numTodoTests":0,"numTotalTestSuites":19,"numTotalTests":107,"openHandles":[],"snapshot":{"added":0,"didUpdate":false,"failure":false,"filesAdded":0,"filesRemoved":0,"filesRemovedList":[],"filesUnmatched":0,"filesUpdated":0,"matched":17,"total":17,"unchecked":0,"uncheckedKeysByFile":[],"unmatched":0,"updated":0},"startTime":1610387067742,"success":true,"testResults":[{"assertionResults":[{"ancestorTitles":[],"failureMessages":[],"fullName":"should render Menu Icon Actions component","location":null,"status":"passed","title":"should render Menu Icon Actions component"},{"ancestorTitles":[],"failureMessages":[],"fullName":"click edit menu item from menu drop down list and popup an alert one time","location":null,"status":"passed","title":"click edit menu item from menu drop down list and popup an alert one time"},{"ancestorTitles":[],"failureMessages":[],"fullName":"click delete menu item from menu drop down list and popup an alert one time","location":null,"status":"passed","title":"click delete menu item from menu drop down list and popup an alert one time"}],"endTime":1610387079770,"message":"","name":"C:\\Users\\Raymond\\Desktop\\helixcp-workspace\\regulatory-dashboard\\packages\\library\\lib\\components\\HelixMenuIcon\\HelixMenuIcon.test.js","startTime":1610387070639,"status":"passed","summary":""},{"assertionResults":[{"ancestorTitles":[],"failureMessages":[],"fullName":"should render a HelixTable","location":null,"status":"passed","title":"should render a HelixTable"},{"ancestorTitles":["HelixTable contains"],"failureMessages":[],"fullName":"HelixTable contains three data set rows","location":null,"status":"passed","title":"three data set rows"},{"ancestorTitles":["HelixTable contains"],"failureMessages":[],"fullName":"HelixTable contains nine header columns","location":null,"status":"passed","title":"nine header columns"},{"ancestorTitles":["HelixTable contains"],"failureMessages":[],"fullName":"HelixTable contains search bar component","location":null,"status":"passed","title":"search bar component"},{"ancestorTitles":["HelixTable contains"],"failureMessages":[],"fullName":"HelixTable contains rows per page component combobox","location":null,"status":"passed","title":"rows per page component combobox"},{"ancestorTitles":["HelixTable contains"],"failureMessages":[],"fullName":"HelixTable contains options that are available in 5, 10, 25, 50, and all","location":null,"status":"passed","title":"options that are available in 5, 10, 25, 50, and all"},{"ancestorTitles":["Can search for"],"failureMessages":[],"fullName":"Can search for first name 'John' in the table","location":null,"status":"passed","title":"first name 'John' in the table"},{"ancestorTitles":["Can search for"],"failureMessages":[],"fullName":"Can search for last name 'Doe' in the table","location":null,"status":"passed","title":"last name 'Doe' in the table"},{"ancestorTitles":["Can search for"],"failureMessages":[],"fullName":"Can search for business name 'Kircuit City' in the table","location":null,"status":"passed","title":"business name 'Kircuit City' in the table"},{"ancestorTitles":["Can search for"],"failureMessages":[],"fullName":"Can search for loan amount '125000' in the table","location":null,"status":"passed","title":"loan amount '125000' in the table"},{"ancestorTitles":["Can search for"],"failureMessages":[],"fullName":"Can search for tax id '258456913' in the table","location":null,"status":"passed","title":"tax id '258456913' in the table"},{"ancestorTitles":["One of the rows in HelixTable contains"],"failureMessages":[],"fullName":"One of the rows in HelixTable contains first name 'John' after user inputted 'John' into textbox","location":null,"status":"passed","title":"first name 'John' after user inputted 'John' into textbox"},{"ancestorTitles":["One of the rows in HelixTable contains"],"failureMessages":[],"fullName":"One of the rows in HelixTable contains two last name of 'Doe' after user inputted 'Doe' into textbox","location":null,"status":"passed","title":"two last name of 'Doe' after user inputted 'Doe' into textbox"},{"ancestorTitles":["One of the rows in HelixTable contains"],"failureMessages":[],"fullName":"One of the rows in HelixTable contains business name 'Kircuit City' after user inputted 'Kircuit City' into textbox","location":null,"status":"passed","title":"business name 'Kircuit City' after user inputted 'Kircuit City' into textbox"},{"ancestorTitles":["One of the rows in HelixTable contains"],"failureMessages":[],"fullName":"One of the rows in HelixTable contains loan amount '125000' after user inputted '125000' into textbox","location":null,"status":"passed","title":"loan amount '125000' after user inputted '125000' into textbox"},{"ancestorTitles":["One of the rows in HelixTable contains"],"failureMessages":[],"fullName":"One of the rows in HelixTable contains tax id '258456913' after user inputted '258456913' into textbox","location":null,"status":"passed","title":"tax id '258456913' after user inputted '258456913' into textbox"}],"endTime":1610387085623,"message":"","name":"C:\\Users\\Raymond\\Desktop\\helixcp-workspace\\regulatory-dashboard\\packages\\library\\src\\components\\Table\\HelixTable\\HelixTable.test.js","startTime":1610387070596,"status":"passed","summary":""},{"assertionResults":[{"ancestorTitles":[],"failureMessages":[],"fullName":"should return all true due to initial state","location":null,"status":"passed","title":"should return all true due to initial state"},{"ancestorTitles":["Setting should"],"failureMessages":[],"fullName":"Setting should return true since scheduled night light is on","location":null,"status":"passed","title":"return true since scheduled night light is on"},{"ancestorTitles":["Setting should"],"failureMessages":[],"fullName":"Setting should return true since most used app is on","location":null,"status":"passed","title":"return true since most used app is on"},{"ancestorTitles":["Setting should"],"failureMessages":[],"fullName":"Setting should return true since recently added App is on","location":null,"status":"passed","title":"return true since recently added App is on"},{"ancestorTitles":["Setting should"],"failureMessages":[],"fullName":"Setting should return false since scheduled night light is off (untoggle)","location":null,"status":"passed","title":"return false since scheduled night light is off (untoggle)"},{"ancestorTitles":["Setting should"],"failureMessages":[],"fullName":"Setting should return false since scheduled night light is off (untoggle)","location":null,"status":"passed","title":"return false since scheduled night light is off (untoggle)"},{"ancestorTitles":["Setting should"],"failureMessages":[],"fullName":"Setting should return false since scheduled night light is off (untoggle)","location":null,"status":"passed","title":"return false since scheduled night light is off (untoggle)"}],"endTime":1610387087347,"message":"","name":"C:\\Users\\Raymond\\Desktop\\helixcp-workspace\\regulatory-dashboard\\packages\\library\\lib\\components\\HelixSwitch\\HelixSwitch.test.js","startTime":1610387085904,"status":"passed","summary":""},{"assertionResults":[{"ancestorTitles":[],"failureMessages":[],"fullName":"should render a HelixTable","location":null,"status":"passed","title":"should render a HelixTable"},{"ancestorTitles":["HelixTable contains"],"failureMessages":[],"fullName":"HelixTable contains three data set rows","location":null,"status":"passed","title":"three data set rows"},{"ancestorTitles":["HelixTable contains"],"failureMessages":[],"fullName":"HelixTable contains nine header columns","location":null,"status":"passed","title":"nine header columns"},{"ancestorTitles":["HelixTable contains"],"failureMessages":[],"fullName":"HelixTable contains search bar component","location":null,"status":"passed","title":"search bar component"},{"ancestorTitles":["HelixTable contains"],"failureMessages":[],"fullName":"HelixTable contains rows per page component combobox","location":null,"status":"passed","title":"rows per page component combobox"},{"ancestorTitles":["HelixTable contains"],"failureMessages":[],"fullName":"HelixTable contains options that are available in 5, 10, 25, 50, and all","location":null,"status":"passed","title":"options that are available in 5, 10, 25, 50, and all"},{"ancestorTitles":["Can search for"],"failureMessages":[],"fullName":"Can search for first name 'John' in the table","location":null,"status":"passed","title":"first name 'John' in the table"},{"ancestorTitles":["Can search for"],"failureMessages":[],"fullName":"Can search for last name 'Doe' in the table","location":null,"status":"passed","title":"last name 'Doe' in the table"},{"ancestorTitles":["Can search for"],"failureMessages":[],"fullName":"Can search for business name 'Kircuit City' in the table","location":null,"status":"passed","title":"business name 'Kircuit City' in the table"},{"ancestorTitles":["Can search for"],"failureMessages":[],"fullName":"Can search for loan amount '125000' in the table","location":null,"status":"passed","title":"loan amount '125000' in the table"},{"ancestorTitles":["Can search for"],"failureMessages":[],"fullName":"Can search for tax id '258456913' in the table","location":null,"status":"passed","title":"tax id '258456913' in the table"},{"ancestorTitles":["One of the rows in HelixTable contains"],"failureMessages":[],"fullName":"One of the rows in HelixTable contains first name 'John' after user inputted 'John' into textbox","location":null,"status":"passed","title":"first name 'John' after user inputted 'John' into textbox"},{"ancestorTitles":["One of the rows in HelixTable contains"],"failureMessages":[],"fullName":"One of the rows in HelixTable contains two last name of 'Doe' after user inputted 'Doe' into textbox","location":null,"status":"passed","title":"two last name of 'Doe' after user inputted 'Doe' into textbox"},{"ancestorTitles":["One of the rows in HelixTable contains"],"failureMessages":[],"fullName":"One of the rows in HelixTable contains business name 'Kircuit City' after user inputted 'Kircuit City' into textbox","location":null,"status":"passed","title":"business name 'Kircuit City' after user inputted 'Kircuit City' into textbox"},{"ancestorTitles":["One of the rows in HelixTable contains"],"failureMessages":[],"fullName":"One of the rows in HelixTable contains loan amount '125000' after user inputted '125000' into textbox","location":null,"status":"passed","title":"loan amount '125000' after user inputted '125000' into textbox"},{"ancestorTitles":["One of the rows in HelixTable contains"],"failureMessages":[],"fullName":"One of the rows in HelixTable contains tax id '258456913' after user inputted '258456913' into textbox","location":null,"status":"passed","title":"tax id '258456913' after user inputted '258456913' into textbox"}],"endTime":1610387088366,"message":"","name":"C:\\Users\\Raymond\\Desktop\\helixcp-workspace\\regulatory-dashboard\\packages\\library\\lib\\components\\Table\\HelixTable\\HelixTable.test.js","startTime":1610387080047,"status":"passed","summary":""},{"assertionResults":[{"ancestorTitles":[],"failureMessages":[],"fullName":"should render Helix Collection List component","location":null,"status":"passed","title":"should render Helix Collection List component"},{"ancestorTitles":[],"failureMessages":[],"fullName":"should have 3 list item component","location":null,"status":"passed","title":"should have 3 list item component"},{"ancestorTitles":[],"failureMessages":[],"fullName":"click button Component 1 and pop up an alert","location":null,"status":"passed","title":"click button Component 1 and pop up an alert"},{"ancestorTitles":[],"failureMessages":[],"fullName":"click button Component 2 and pop up an alert","location":null,"status":"passed","title":"click button Component 2 and pop up an alert"},{"ancestorTitles":[],"failureMessages":[],"fullName":"click button Component 3 and pop up an alert","location":null,"status":"passed","title":"click button Component 3 and pop up an alert"},{"ancestorTitles":[],"failureMessages":[],"fullName":"click button Component 1, Component 2, and Component 3 and three alert popup called three times","location":null,"status":"passed","title":"click button Component 1, Component 2, and Component 3 and three alert popup called three times"}],"endTime":1610387089965,"message":"","name":"C:\\Users\\Raymond\\Desktop\\helixcp-workspace\\regulatory-dashboard\\packages\\library\\src\\components\\HelixCollectionList\\HelixCollectionList.test.js","startTime":1610387087521,"status":"passed","summary":""},{"assertionResults":[{"ancestorTitles":[],"failureMessages":[],"fullName":"should render Helix Collection List component","location":null,"status":"passed","title":"should render Helix Collection List component"},{"ancestorTitles":[],"failureMessages":[],"fullName":"should have 3 list item component","location":null,"status":"passed","title":"should have 3 list item component"},{"ancestorTitles":[],"failureMessages":[],"fullName":"click button Component 1 and pop up an alert","location":null,"status":"passed","title":"click button Component 1 and pop up an alert"},{"ancestorTitles":[],"failureMessages":[],"fullName":"click button Component 2 and pop up an alert","location":null,"status":"passed","title":"click button Component 2 and pop up an alert"},{"ancestorTitles":[],"failureMessages":[],"fullName":"click button Component 3 and pop up an alert","location":null,"status":"passed","title":"click button Component 3 and pop up an alert"},{"ancestorTitles":[],"failureMessages":[],"fullName":"click button Component 1, Component 2, and Component 3 and three alert popup called three times","location":null,"status":"passed","title":"click button Component 1, Component 2, and Component 3 and three alert popup called three times"}],"endTime":1610387090714,"message":"","name":"C:\\Users\\Raymond\\Desktop\\helixcp-workspace\\regulatory-dashboard\\packages\\library\\lib\\components\\HelixCollectionList\\HelixCollectionList.test.js","startTime":1610387088579,"status":"passed","summary":""},{"assertionResults":[{"ancestorTitles":["Storyshots","Helix Components/Confirm Dialog Modal"],"failureMessages":[],"fullName":"Storyshots Helix Components/Confirm Dialog Modal Sample Confirm Dialog Modal","location":null,"status":"passed","title":"Sample Confirm Dialog Modal"},{"ancestorTitles":["Storyshots","Helix Components/Helix Button"],"failureMessages":[],"fullName":"Storyshots Helix Components/Helix Button Sample Helix Button","location":null,"status":"passed","title":"Sample Helix Button"},{"ancestorTitles":["Storyshots","Helix Components/Helix Collection List"],"failureMessages":[],"fullName":"Storyshots Helix Components/Helix Collection List Sample Helix Collection List","location":null,"status":"passed","title":"Sample Helix Collection List"},{"ancestorTitles":["Storyshots","Helix Components/Helix Linear Progress"],"failureMessages":[],"fullName":"Storyshots Helix Components/Helix Linear Progress Sample Helix Linear Progress","location":null,"status":"passed","title":"Sample Helix Linear Progress"},{"ancestorTitles":["Storyshots","Helix Components/Functional Helix Menu Icon"],"failureMessages":[],"fullName":"Storyshots Helix Components/Functional Helix Menu Icon Sample Helix Menu Icon","location":null,"status":"passed","title":"Sample Helix Menu Icon"},{"ancestorTitles":["Storyshots","Helix Components/Helix Page Header"],"failureMessages":[],"fullName":"Storyshots Helix Components/Helix Page Header Sample Helix Page Header","location":null,"status":"passed","title":"Sample Helix Page Header"},{"ancestorTitles":["Storyshots","Helix Components/Helix Switch"],"failureMessages":[],"fullName":"Storyshots Helix Components/Helix Switch Sample Helix Switch","location":null,"status":"passed","title":"Sample Helix Switch"},{"ancestorTitles":["Storyshots","Helix Components/Helix Table"],"failureMessages":[],"fullName":"Storyshots Helix Components/Helix Table Sample Helix Table","location":null,"status":"passed","title":"Sample Helix Table"},{"ancestorTitles":["Storyshots","Helix Components/Helix Table Card"],"failureMessages":[],"fullName":"Storyshots Helix Components/Helix Table Card Sample Helix Table Card","location":null,"status":"passed","title":"Sample Helix Table Card"},{"ancestorTitles":["Storyshots","Helix Components/Helix Table Generic"],"failureMessages":[],"fullName":"Storyshots Helix Components/Helix Table Generic Sample Helix Table Generic","location":null,"status":"passed","title":"Sample Helix Table Generic"},{"ancestorTitles":["Storyshots","Helix Components/Helix Table with Collapsible Row"],"failureMessages":[],"fullName":"Storyshots Helix Components/Helix Table with Collapsible Row Sample Helix Table With Collapsible Row","location":null,"status":"passed","title":"Sample Helix Table With Collapsible Row"},{"ancestorTitles":["Storyshots","Helix Components/Helix Text Field"],"failureMessages":[],"fullName":"Storyshots Helix Components/Helix Text Field Sample Helix Text Field","location":null,"status":"passed","title":"Sample Helix Text Field"},{"ancestorTitles":["Storyshots","Helix Components/Helix Vertical Tab with Tab Panel"],"failureMessages":[],"fullName":"Storyshots Helix Components/Helix Vertical Tab with Tab Panel Sample Helix Vertical Tab With Tab Panel","location":null,"status":"passed","title":"Sample Helix Vertical Tab With Tab Panel"},{"ancestorTitles":["Storyshots","MUIButton"],"failureMessages":[],"fullName":"Storyshots MUIButton Basic Button","location":null,"status":"passed","title":"Basic Button"},{"ancestorTitles":["Storyshots","MUIButton"],"failureMessages":[],"fullName":"Storyshots MUIButton Colored Button","location":null,"status":"passed","title":"Colored Button"},{"ancestorTitles":["Storyshots","MUIButton"],"failureMessages":[],"fullName":"Storyshots MUIButton Disabled Button","location":null,"status":"passed","title":"Disabled Button"},{"ancestorTitles":["Storyshots","Helix Components/Notification"],"failureMessages":[],"fullName":"Storyshots Helix Components/Notification Sample Notification","location":null,"status":"passed","title":"Sample Notification"}],"endTime":1610387091365,"message":"","name":"C:\\Users\\Raymond\\Desktop\\helixcp-workspace\\regulatory-dashboard\\packages\\library\\storybook.test.js","startTime":1610387070657,"status":"passed","summary":""},{"assertionResults":[{"ancestorTitles":[],"failureMessages":[],"fullName":"should render Menu Icon Actions component","location":null,"status":"passed","title":"should render Menu Icon Actions component"},{"ancestorTitles":[],"failureMessages":[],"fullName":"click edit menu item from menu drop down list and popup an alert one time","location":null,"status":"passed","title":"click edit menu item from menu drop down list and popup an alert one time"},{"ancestorTitles":[],"failureMessages":[],"fullName":"click delete menu item from menu drop down list and popup an alert one time","location":null,"status":"passed","title":"click delete menu item from menu drop down list and popup an alert one time"}],"endTime":1610387092150,"message":"","name":"C:\\Users\\Raymond\\Desktop\\helixcp-workspace\\regulatory-dashboard\\packages\\library\\src\\components\\HelixMenuIcon\\HelixMenuIcon.test.js","startTime":1610387090123,"status":"passed","summary":""},{"assertionResults":[{"ancestorTitles":[],"failureMessages":[],"fullName":"should return all true due to initial state","location":null,"status":"passed","title":"should return all true due to initial state"},{"ancestorTitles":["Setting should"],"failureMessages":[],"fullName":"Setting should return true since scheduled night light is on","location":null,"status":"passed","title":"return true since scheduled night light is on"},{"ancestorTitles":["Setting should"],"failureMessages":[],"fullName":"Setting should return true since most used app is on","location":null,"status":"passed","title":"return true since most used app is on"},{"ancestorTitles":["Setting should"],"failureMessages":[],"fullName":"Setting should return true since recently added App is on","location":null,"status":"passed","title":"return true since recently added App is on"},{"ancestorTitles":["Setting should"],"failureMessages":[],"fullName":"Setting should return false since scheduled night light is off (untoggle)","location":null,"status":"passed","title":"return false since scheduled night light is off (untoggle)"},{"ancestorTitles":["Setting should"],"failureMessages":[],"fullName":"Setting should return false since scheduled night light is off (untoggle)","location":null,"status":"passed","title":"return false since scheduled night light is off (untoggle)"},{"ancestorTitles":["Setting should"],"failureMessages":[],"fullName":"Setting should return false since scheduled night light is off (untoggle)","location":null,"status":"passed","title":"return false since scheduled night light is off (untoggle)"}],"endTime":1610387092287,"message":"","name":"C:\\Users\\Raymond\\Desktop\\helixcp-workspace\\regulatory-dashboard\\packages\\library\\src\\components\\HelixSwitch\\HelixSwitch.test.js","startTime":1610387090986,"status":"passed","summary":""},{"assertionResults":[{"ancestorTitles":["Cost Input"],"failureMessages":[],"fullName":"Cost Input is empty value","location":null,"status":"passed","title":"is empty value"},{"ancestorTitles":["Cost Input"],"failureMessages":[],"fullName":"Cost Input should keep a $ in front of the input","location":null,"status":"passed","title":"should keep a $ in front of the input"},{"ancestorTitles":["Cost Input"],"failureMessages":[],"fullName":"Cost Input should allow a $ to be in the input when the value is changed","location":null,"status":"passed","title":"should allow a $ to be in the input when the value is changed"},{"ancestorTitles":["Cost Input"],"failureMessages":[],"fullName":"Cost Input should not allow letters to be inputted","location":null,"status":"passed","title":"should not allow letters to be inputted"},{"ancestorTitles":["Cost Input"],"failureMessages":[],"fullName":"Cost Input should allow the $ to be deleted","location":null,"status":"passed","title":"should allow the $ to be deleted"}],"endTime":1610387093533,"message":"","name":"C:\\Users\\Raymond\\Desktop\\helixcp-workspace\\regulatory-dashboard\\packages\\library\\lib\\components\\HelixTextField\\HelixTextField.test.js","startTime":1610387092439,"status":"passed","summary":""},{"assertionResults":[{"ancestorTitles":[],"failureMessages":[],"fullName":"should render Vertical Tabs component","location":null,"status":"passed","title":"should render Vertical Tabs component"},{"ancestorTitles":["Vertical Tabs should"],"failureMessages":[],"fullName":"Vertical Tabs should be at Tab #1 tab and Report Normalization #1 panel should display","location":null,"status":"passed","title":"be at Tab #1 tab and Report Normalization #1 panel should display"},{"ancestorTitles":["Vertical Tabs should"],"failureMessages":[],"fullName":"Vertical Tabs should clicked on Tab #2 tab and Report Normalization #2 panel should display","location":null,"status":"passed","title":"clicked on Tab #2 tab and Report Normalization #2 panel should display"},{"ancestorTitles":["Vertical Tabs should"],"failureMessages":[],"fullName":"Vertical Tabs should clicked on Tab #3 tab and Report Normalization #3 panel should display","location":null,"status":"passed","title":"clicked on Tab #3 tab and Report Normalization #3 panel should display"}],"endTime":1610387093608,"message":"","name":"C:\\Users\\Raymond\\Desktop\\helixcp-workspace\\regulatory-dashboard\\packages\\library\\lib\\components\\HelixVerticalTab\\HelixVerticalTab.test.js","startTime":1610387092313,"status":"passed","summary":""},{"assertionResults":[{"ancestorTitles":[],"failureMessages":[],"fullName":"should render Vertical Tabs component","location":null,"status":"passed","title":"should render Vertical Tabs component"},{"ancestorTitles":["Vertical Tabs should"],"failureMessages":[],"fullName":"Vertical Tabs should be at Tab #1 tab and Report Normalization #1 panel should display","location":null,"status":"passed","title":"be at Tab #1 tab and Report Normalization #1 panel should display"},{"ancestorTitles":["Vertical Tabs should"],"failureMessages":[],"fullName":"Vertical Tabs should clicked on Tab #2 tab and Report Normalization #2 panel should display","location":null,"status":"passed","title":"clicked on Tab #2 tab and Report Normalization #2 panel should display"},{"ancestorTitles":["Vertical Tabs should"],"failureMessages":[],"fullName":"Vertical Tabs should clicked on Tab #3 tab and Report Normalization #3 panel should display","location":null,"status":"passed","title":"clicked on Tab #3 tab and Report Normalization #3 panel should display"}],"endTime":1610387094414,"message":"","name":"C:\\Users\\Raymond\\Desktop\\helixcp-workspace\\regulatory-dashboard\\packages\\library\\src\\components\\HelixVerticalTab\\HelixVerticalTab.test.js","startTime":1610387091670,"status":"passed","summary":""},{"assertionResults":[{"ancestorTitles":[],"failureMessages":[],"fullName":"is not disabled","location":null,"status":"passed","title":"is not disabled"},{"ancestorTitles":[],"failureMessages":[],"fullName":"passes in button text","location":null,"status":"passed","title":"passes in button text"}],"endTime":1610387094730,"message":"","name":"C:\\Users\\Raymond\\Desktop\\helixcp-workspace\\regulatory-dashboard\\packages\\library\\lib\\components\\HelixButton\\HelixButton.test.js","startTime":1610387093774,"status":"passed","summary":""},{"assertionResults":[{"ancestorTitles":["Cost Input"],"failureMessages":[],"fullName":"Cost Input is empty value","location":null,"status":"passed","title":"is empty value"},{"ancestorTitles":["Cost Input"],"failureMessages":[],"fullName":"Cost Input should keep a $ in front of the input","location":null,"status":"passed","title":"should keep a $ in front of the input"},{"ancestorTitles":["Cost Input"],"failureMessages":[],"fullName":"Cost Input should allow a $ to be in the input when the value is changed","location":null,"status":"passed","title":"should allow a $ to be in the input when the value is changed"},{"ancestorTitles":["Cost Input"],"failureMessages":[],"fullName":"Cost Input should not allow letters to be inputted","location":null,"status":"passed","title":"should not allow letters to be inputted"},{"ancestorTitles":["Cost Input"],"failureMessages":[],"fullName":"Cost Input should allow the $ to be deleted","location":null,"status":"passed","title":"should allow the $ to be deleted"}],"endTime":1610387095031,"message":"","name":"C:\\Users\\Raymond\\Desktop\\helixcp-workspace\\regulatory-dashboard\\packages\\library\\src\\components\\HelixTextField\\HelixTextField.test.js","startTime":1610387093690,"status":"passed","summary":""},{"assertionResults":[{"ancestorTitles":[],"failureMessages":[],"fullName":"should render Panel component","location":null,"status":"passed","title":"should render Panel component"}],"endTime":1610387095886,"message":"","name":"C:\\Users\\Raymond\\Desktop\\helixcp-workspace\\regulatory-dashboard\\packages\\library\\lib\\components\\HelixTabPanel\\HelixTabPanel.test.js","startTime":1610387095012,"status":"passed","summary":""},{"assertionResults":[{"ancestorTitles":[],"failureMessages":[],"fullName":"is not disabled","location":null,"status":"passed","title":"is not disabled"},{"ancestorTitles":[],"failureMessages":[],"fullName":"passes in button text","location":null,"status":"passed","title":"passes in button text"}],"endTime":1610387095889,"message":"","name":"C:\\Users\\Raymond\\Desktop\\helixcp-workspace\\regulatory-dashboard\\packages\\library\\src\\components\\HelixButton\\HelixButton.test.js","startTime":1610387094650,"status":"passed","summary":""},{"assertionResults":[{"ancestorTitles":[],"failureMessages":[],"fullName":"should render Progress Indicator component","location":null,"status":"passed","title":"should render Progress Indicator component"}],"endTime":1610387095923,"message":"","name":"C:\\Users\\Raymond\\Desktop\\helixcp-workspace\\regulatory-dashboard\\packages\\library\\lib\\components\\HelixLinearProgress\\HelixLinearProgress.test.js","startTime":1610387095178,"status":"passed","summary":""},{"assertionResults":[{"ancestorTitles":[],"failureMessages":[],"fullName":"should render Progress Indicator component","location":null,"status":"passed","title":"should render Progress Indicator component"}],"endTime":1610387096699,"message":"","name":"C:\\Users\\Raymond\\Desktop\\helixcp-workspace\\regulatory-dashboard\\packages\\library\\src\\components\\HelixLinearProgress\\HelixLinearProgress.test.js","startTime":1610387096036,"status":"passed","summary":""},{"assertionResults":[{"ancestorTitles":[],"failureMessages":[],"fullName":"should render Panel component","location":null,"status":"passed","title":"should render Panel component"}],"endTime":1610387096717,"message":"","name":"C:\\Users\\Raymond\\Desktop\\helixcp-workspace\\regulatory-dashboard\\packages\\library\\src\\components\\HelixTabPanel\\HelixTabPanel.test.js","startTime":1610387096028,"status":"passed","summary":""}],"wasInterrupted":false,"coverageMap":{"C:\\Users\\Raymond\\Desktop\\helixcp-workspace\\regulatory-dashboard\\packages\\library\\lib\\components\\HelixMenuIcon\\index.js":{"path":"C:\\Users\\Raymond\\Desktop\\helixcp-workspace\\regulatory-dashboard\\packages\\library\\lib\\components\\HelixMenuIcon\\index.js","statementMap":{"0":{"start":{"line":3,"column":51},"end":{"line":3,"column":355}},"1":{"start":{"line":3,"column":126},"end":{"line":3,"column":181}},"2":{"start":{"line":3,"column":160},"end":{"line":3,"column":178}},"3":{"start":{"line":3,"column":191},"end":{"line":3,"column":353}},"4":{"start":{"line":3,"column":225},"end":{"line":3,"column":350}},"5":{"start":{"line":3,"column":356},"end":{"line":3,"column":376}},"6":{"start":{"line":5,"column":0},"end":{"line":7,"column":3}},"7":{"start":{"line":8,"column":0},"end":{"line":8,"column":28}},"8":{"start":{"line":10,"column":13},"end":{"line":10,"column":54}},"9":{"start":{"line":12,"column":12},"end":{"line":12,"column":40}},"10":{"start":{"line":14,"column":16},"end":{"line":14,"column":78}},"11":{"start":{"line":16,"column":17},"end":{"line":16,"column":62}},"12":{"start":{"line":18,"column":39},"end":{"line":18,"column":95}},"13":{"start":{"line":20,"column":38},"end":{"line":20,"column":85}},"14":{"start":{"line":20,"column":73},"end":{"line":20,"column":85}},"15":{"start":{"line":20,"column":98},"end":{"line":20,"column":111}},"16":{"start":{"line":20,"column":113},"end":{"line":20,"column":194}},"17":{"start":{"line":20,"column":178},"end":{"line":20,"column":191}},"18":{"start":{"line":20,"column":195},"end":{"line":20,"column":208}},"19":{"start":{"line":22,"column":40},"end":{"line":22,"column":82}},"20":{"start":{"line":22,"column":69},"end":{"line":22,"column":80}},"21":{"start":{"line":22,"column":83},"end":{"line":22,"column":189}},"22":{"start":{"line":22,"column":161},"end":{"line":22,"column":187}},"23":{"start":{"line":22,"column":202},"end":{"line":22,"column":228}},"24":{"start":{"line":22,"column":230},"end":{"line":22,"column":285}},"25":{"start":{"line":22,"column":261},"end":{"line":22,"column":283}},"26":{"start":{"line":22,"column":299},"end":{"line":22,"column":301}},"27":{"start":{"line":22,"column":331},"end":{"line":22,"column":387}},"28":{"start":{"line":22,"column":389},"end":{"line":22,"column":669}},"29":{"start":{"line":22,"column":412},"end":{"line":22,"column":667}},"30":{"start":{"line":22,"column":477},"end":{"line":22,"column":549}},"31":{"start":{"line":22,"column":551},"end":{"line":22,"column":665}},"32":{"start":{"line":22,"column":589},"end":{"line":22,"column":630}},"33":{"start":{"line":22,"column":640},"end":{"line":22,"column":663}},"34":{"start":{"line":22,"column":670},"end":{"line":22,"column":694}},"35":{"start":{"line":22,"column":695},"end":{"line":22,"column":733}},"36":{"start":{"line":22,"column":708},"end":{"line":22,"column":731}},"37":{"start":{"line":22,"column":734},"end":{"line":22,"column":748}},"38":{"start":{"line":24,"column":22},"end":{"line":24,"column":275}},"39":{"start":{"line":24,"column":70},"end":{"line":24,"column":257}},"40":{"start":{"line":24,"column":83},"end":{"line":24,"column":84}},"41":{"start":{"line":24,"column":128},"end":{"line":24,"column":140}},"42":{"start":{"line":24,"column":142},"end":{"line":24,"column":255}},"43":{"start":{"line":24,"column":168},"end":{"line":24,"column":253}},"44":{"start":{"line":24,"column":225},"end":{"line":24,"column":251}},"45":{"start":{"line":24,"column":258},"end":{"line":24,"column":272}},"46":{"start":{"line":24,"column":276},"end":{"line":24,"column":315}},"47":{"start":{"line":26,"column":34},"end":{"line":26,"column":156}},"48":{"start":{"line":28,"column":30},"end":{"line":28,"column":191}},"49":{"start":{"line":30,"column":50},"end":{"line":30,"column":65}},"50":{"start":{"line":30,"column":58},"end":{"line":30,"column":65}},"51":{"start":{"line":30,"column":66},"end":{"line":30,"column":129}},"52":{"start":{"line":30,"column":93},"end":{"line":30,"column":129}},"53":{"start":{"line":30,"column":138},"end":{"line":30,"column":184}},"54":{"start":{"line":30,"column":186},"end":{"line":30,"column":246}},"55":{"start":{"line":30,"column":223},"end":{"line":30,"column":246}},"56":{"start":{"line":30,"column":247},"end":{"line":30,"column":300}},"57":{"start":{"line":30,"column":279},"end":{"line":30,"column":300}},"58":{"start":{"line":30,"column":301},"end":{"line":30,"column":414}},"59":{"start":{"line":30,"column":378},"end":{"line":30,"column":414}},"60":{"start":{"line":32,"column":39},"end":{"line":32,"column":93}},"61":{"start":{"line":32,"column":76},"end":{"line":32,"column":93}},"62":{"start":{"line":32,"column":94},"end":{"line":32,"column":168}},"63":{"start":{"line":32,"column":107},"end":{"line":32,"column":108}},"64":{"start":{"line":32,"column":117},"end":{"line":32,"column":131}},"65":{"start":{"line":32,"column":149},"end":{"line":32,"column":166}},"66":{"start":{"line":32,"column":169},"end":{"line":32,"column":181}},"67":{"start":{"line":34,"column":41},"end":{"line":34,"column":120}},"68":{"start":{"line":34,"column":113},"end":{"line":34,"column":120}},"69":{"start":{"line":34,"column":132},"end":{"line":34,"column":134}},"70":{"start":{"line":34,"column":145},"end":{"line":34,"column":149}},"71":{"start":{"line":34,"column":160},"end":{"line":34,"column":165}},"72":{"start":{"line":34,"column":176},"end":{"line":34,"column":185}},"73":{"start":{"line":34,"column":187},"end":{"line":34,"column":474}},"74":{"start":{"line":34,"column":193},"end":{"line":34,"column":336}},"75":{"start":{"line":34,"column":207},"end":{"line":34,"column":229}},"76":{"start":{"line":34,"column":279},"end":{"line":34,"column":299}},"77":{"start":{"line":34,"column":300},"end":{"line":34,"column":334}},"78":{"start":{"line":34,"column":328},"end":{"line":34,"column":334}},"79":{"start":{"line":34,"column":353},"end":{"line":34,"column":363}},"80":{"start":{"line":34,"column":364},"end":{"line":34,"column":373}},"81":{"start":{"line":34,"column":386},"end":{"line":34,"column":472}},"82":{"start":{"line":34,"column":392},"end":{"line":34,"column":440}},"83":{"start":{"line":34,"column":425},"end":{"line":34,"column":440}},"84":{"start":{"line":34,"column":453},"end":{"line":34,"column":470}},"85":{"start":{"line":34,"column":461},"end":{"line":34,"column":470}},"86":{"start":{"line":34,"column":475},"end":{"line":34,"column":487}},"87":{"start":{"line":36,"column":32},"end":{"line":36,"column":67}},"88":{"start":{"line":36,"column":56},"end":{"line":36,"column":67}},"89":{"start":{"line":38,"column":20},"end":{"line":142,"column":1}},"90":{"start":{"line":40,"column":18},"end":{"line":40,"column":45}},"91":{"start":{"line":41,"column":19},"end":{"line":41,"column":47}},"92":{"start":{"line":42,"column":13},"end":{"line":42,"column":26}},"93":{"start":{"line":43,"column":16},"end":{"line":43,"column":29}},"94":{"start":{"line":46,"column":18},"end":{"line":46,"column":42}},"95":{"start":{"line":52,"column":21},"end":{"line":57,"column":3}},"96":{"start":{"line":53,"column":4},"end":{"line":53,"column":28}},"97":{"start":{"line":54,"column":4},"end":{"line":56,"column":7}},"98":{"start":{"line":55,"column":6},"end":{"line":55,"column":23}},"99":{"start":{"line":64,"column":20},"end":{"line":70,"column":3}},"100":{"start":{"line":65,"column":4},"end":{"line":67,"column":5}},"101":{"start":{"line":66,"column":6},"end":{"line":66,"column":13}},"102":{"start":{"line":69,"column":4},"end":{"line":69,"column":19}},"103":{"start":{"line":76,"column":27},"end":{"line":79,"column":3}},"104":{"start":{"line":77,"column":4},"end":{"line":77,"column":28}},"105":{"start":{"line":78,"column":4},"end":{"line":78,"column":43}},"106":{"start":{"line":85,"column":29},"end":{"line":88,"column":3}},"107":{"start":{"line":86,"column":4},"end":{"line":86,"column":28}},"108":{"start":{"line":87,"column":4},"end":{"line":87,"column":45}},"109":{"start":{"line":96,"column":4},"end":{"line":99,"column":5}},"110":{"start":{"line":97,"column":6},"end":{"line":97,"column":29}},"111":{"start":{"line":98,"column":6},"end":{"line":98,"column":21}},"112":{"start":{"line":103,"column":17},"end":{"line":103,"column":41}},"113":{"start":{"line":109,"column":2},"end":{"line":115,"column":13}},"114":{"start":{"line":110,"column":4},"end":{"line":112,"column":5}},"115":{"start":{"line":111,"column":6},"end":{"line":111,"column":32}},"116":{"start":{"line":114,"column":4},"end":{"line":114,"column":28}},"117":{"start":{"line":116,"column":2},"end":{"line":141,"column":6}},"118":{"start":{"line":128,"column":26},"end":{"line":128,"column":46}},"119":{"start":{"line":129,"column":20},"end":{"line":129,"column":34}},"120":{"start":{"line":130,"column":4},"end":{"line":140,"column":85}},"121":{"start":{"line":144,"column":0},"end":{"line":148,"column":2}},"122":{"start":{"line":149,"column":15},"end":{"line":149,"column":28}},"123":{"start":{"line":150,"column":0},"end":{"line":150,"column":30}}},"fnMap":{"0":{"name":"_typeof","decl":{"start":{"line":3,"column":9},"end":{"line":3,"column":16}},"loc":{"start":{"line":3,"column":22},"end":{"line":3,"column":378}},"line":3},"1":{"name":"_typeof","decl":{"start":{"line":3,"column":145},"end":{"line":3,"column":152}},"loc":{"start":{"line":3,"column":158},"end":{"line":3,"column":180}},"line":3},"2":{"name":"_typeof","decl":{"start":{"line":3,"column":210},"end":{"line":3,"column":217}},"loc":{"start":{"line":3,"column":223},"end":{"line":3,"column":352}},"line":3},"3":{"name":"_interopRequireDefault","decl":{"start":{"line":18,"column":9},"end":{"line":18,"column":31}},"loc":{"start":{"line":18,"column":37},"end":{"line":18,"column":97}},"line":18},"4":{"name":"_getRequireWildcardCache","decl":{"start":{"line":20,"column":9},"end":{"line":20,"column":33}},"loc":{"start":{"line":20,"column":36},"end":{"line":20,"column":210}},"line":20},"5":{"name":"_getRequireWildcardCache","decl":{"start":{"line":20,"column":149},"end":{"line":20,"column":173}},"loc":{"start":{"line":20,"column":176},"end":{"line":20,"column":193}},"line":20},"6":{"name":"_interopRequireWildcard","decl":{"start":{"line":22,"column":9},"end":{"line":22,"column":32}},"loc":{"start":{"line":22,"column":38},"end":{"line":22,"column":750}},"line":22},"7":{"name":"_extends","decl":{"start":{"line":24,"column":9},"end":{"line":24,"column":17}},"loc":{"start":{"line":24,"column":20},"end":{"line":24,"column":317}},"line":24},"8":{"name":"(anonymous_8)","decl":{"start":{"line":24,"column":50},"end":{"line":24,"column":51}},"loc":{"start":{"line":24,"column":68},"end":{"line":24,"column":274}},"line":24},"9":{"name":"_slicedToArray","decl":{"start":{"line":26,"column":9},"end":{"line":26,"column":23}},"loc":{"start":{"line":26,"column":32},"end":{"line":26,"column":158}},"line":26},"10":{"name":"_nonIterableRest","decl":{"start":{"line":28,"column":9},"end":{"line":28,"column":25}},"loc":{"start":{"line":28,"column":28},"end":{"line":28,"column":193}},"line":28},"11":{"name":"_unsupportedIterableToArray","decl":{"start":{"line":30,"column":9},"end":{"line":30,"column":36}},"loc":{"start":{"line":30,"column":48},"end":{"line":30,"column":416}},"line":30},"12":{"name":"_arrayLikeToArray","decl":{"start":{"line":32,"column":9},"end":{"line":32,"column":26}},"loc":{"start":{"line":32,"column":37},"end":{"line":32,"column":183}},"line":32},"13":{"name":"_iterableToArrayLimit","decl":{"start":{"line":34,"column":9},"end":{"line":34,"column":30}},"loc":{"start":{"line":34,"column":39},"end":{"line":34,"column":489}},"line":34},"14":{"name":"_arrayWithHoles","decl":{"start":{"line":36,"column":9},"end":{"line":36,"column":24}},"loc":{"start":{"line":36,"column":30},"end":{"line":36,"column":69}},"line":36},"15":{"name":"HelixMenuIcon","decl":{"start":{"line":38,"column":29},"end":{"line":38,"column":42}},"loc":{"start":{"line":38,"column":50},"end":{"line":142,"column":1}},"line":38},"16":{"name":"handleToggle","decl":{"start":{"line":52,"column":30},"end":{"line":52,"column":42}},"loc":{"start":{"line":52,"column":50},"end":{"line":57,"column":3}},"line":52},"17":{"name":"(anonymous_17)","decl":{"start":{"line":54,"column":12},"end":{"line":54,"column":13}},"loc":{"start":{"line":54,"column":32},"end":{"line":56,"column":5}},"line":54},"18":{"name":"handleClose","decl":{"start":{"line":64,"column":29},"end":{"line":64,"column":40}},"loc":{"start":{"line":64,"column":48},"end":{"line":70,"column":3}},"line":64},"19":{"name":"handleEditMenuItem","decl":{"start":{"line":76,"column":36},"end":{"line":76,"column":54}},"loc":{"start":{"line":76,"column":62},"end":{"line":79,"column":3}},"line":76},"20":{"name":"handleDeleteMenuItem","decl":{"start":{"line":85,"column":38},"end":{"line":85,"column":58}},"loc":{"start":{"line":85,"column":66},"end":{"line":88,"column":3}},"line":85},"21":{"name":"handleListKeyDown","decl":{"start":{"line":95,"column":11},"end":{"line":95,"column":28}},"loc":{"start":{"line":95,"column":36},"end":{"line":100,"column":3}},"line":95},"22":{"name":"(anonymous_22)","decl":{"start":{"line":109,"column":24},"end":{"line":109,"column":25}},"loc":{"start":{"line":109,"column":36},"end":{"line":115,"column":3}},"line":109},"23":{"name":"(anonymous_23)","decl":{"start":{"line":127,"column":5},"end":{"line":127,"column":6}},"loc":{"start":{"line":127,"column":21},"end":{"line":141,"column":3}},"line":127}},"branchMap":{"0":{"loc":{"start":{"line":3,"column":51},"end":{"line":3,"column":355}},"type":"if","locations":[{"start":{"line":3,"column":51},"end":{"line":3,"column":355}},{"start":{"line":3,"column":51},"end":{"line":3,"column":355}}],"line":3},"1":{"loc":{"start":{"line":3,"column":55},"end":{"line":3,"column":122}},"type":"binary-expr","locations":[{"start":{"line":3,"column":55},"end":{"line":3,"column":83}},{"start":{"line":3,"column":87},"end":{"line":3,"column":122}}],"line":3},"2":{"loc":{"start":{"line":3,"column":232},"end":{"line":3,"column":349}},"type":"cond-expr","locations":[{"start":{"line":3,"column":328},"end":{"line":3,"column":336}},{"start":{"line":3,"column":339},"end":{"line":3,"column":349}}],"line":3},"3":{"loc":{"start":{"line":3,"column":232},"end":{"line":3,"column":325}},"type":"binary-expr","locations":[{"start":{"line":3,"column":232},"end":{"line":3,"column":235}},{"start":{"line":3,"column":239},"end":{"line":3,"column":267}},{"start":{"line":3,"column":271},"end":{"line":3,"column":297}},{"start":{"line":3,"column":301},"end":{"line":3,"column":325}}],"line":3},"4":{"loc":{"start":{"line":18,"column":46},"end":{"line":18,"column":94}},"type":"cond-expr","locations":[{"start":{"line":18,"column":70},"end":{"line":18,"column":73}},{"start":{"line":18,"column":76},"end":{"line":18,"column":94}}],"line":18},"5":{"loc":{"start":{"line":18,"column":46},"end":{"line":18,"column":67}},"type":"binary-expr","locations":[{"start":{"line":18,"column":46},"end":{"line":18,"column":49}},{"start":{"line":18,"column":53},"end":{"line":18,"column":67}}],"line":18},"6":{"loc":{"start":{"line":20,"column":38},"end":{"line":20,"column":85}},"type":"if","locations":[{"start":{"line":20,"column":38},"end":{"line":20,"column":85}},{"start":{"line":20,"column":38},"end":{"line":20,"column":85}}],"line":20},"7":{"loc":{"start":{"line":22,"column":40},"end":{"line":22,"column":82}},"type":"if","locations":[{"start":{"line":22,"column":40},"end":{"line":22,"column":82}},{"start":{"line":22,"column":40},"end":{"line":22,"column":82}}],"line":22},"8":{"loc":{"start":{"line":22,"column":44},"end":{"line":22,"column":65}},"type":"binary-expr","locations":[{"start":{"line":22,"column":44},"end":{"line":22,"column":47}},{"start":{"line":22,"column":51},"end":{"line":22,"column":65}}],"line":22},"9":{"loc":{"start":{"line":22,"column":83},"end":{"line":22,"column":189}},"type":"if","locations":[{"start":{"line":22,"column":83},"end":{"line":22,"column":189}},{"start":{"line":22,"column":83},"end":{"line":22,"column":189}}],"line":22},"10":{"loc":{"start":{"line":22,"column":87},"end":{"line":22,"column":157}},"type":"binary-expr","locations":[{"start":{"line":22,"column":87},"end":{"line":22,"column":99}},{"start":{"line":22,"column":103},"end":{"line":22,"column":128}},{"start":{"line":22,"column":132},"end":{"line":22,"column":157}}],"line":22},"11":{"loc":{"start":{"line":22,"column":230},"end":{"line":22,"column":285}},"type":"if","locations":[{"start":{"line":22,"column":230},"end":{"line":22,"column":285}},{"start":{"line":22,"column":230},"end":{"line":22,"column":285}}],"line":22},"12":{"loc":{"start":{"line":22,"column":234},"end":{"line":22,"column":257}},"type":"binary-expr","locations":[{"start":{"line":22,"column":234},"end":{"line":22,"column":239}},{"start":{"line":22,"column":243},"end":{"line":22,"column":257}}],"line":22},"13":{"loc":{"start":{"line":22,"column":331},"end":{"line":22,"column":387}},"type":"binary-expr","locations":[{"start":{"line":22,"column":331},"end":{"line":22,"column":352}},{"start":{"line":22,"column":356},"end":{"line":22,"column":387}}],"line":22},"14":{"loc":{"start":{"line":22,"column":412},"end":{"line":22,"column":667}},"type":"if","locations":[{"start":{"line":22,"column":412},"end":{"line":22,"column":667}},{"start":{"line":22,"column":412},"end":{"line":22,"column":667}}],"line":22},"15":{"loc":{"start":{"line":22,"column":477},"end":{"line":22,"column":549}},"type":"cond-expr","locations":[{"start":{"line":22,"column":501},"end":{"line":22,"column":542}},{"start":{"line":22,"column":545},"end":{"line":22,"column":549}}],"line":22},"16":{"loc":{"start":{"line":22,"column":551},"end":{"line":22,"column":665}},"type":"if","locations":[{"start":{"line":22,"column":551},"end":{"line":22,"column":665}},{"start":{"line":22,"column":551},"end":{"line":22,"column":665}}],"line":22},"17":{"loc":{"start":{"line":22,"column":555},"end":{"line":22,"column":585}},"type":"binary-expr","locations":[{"start":{"line":22,"column":555},"end":{"line":22,"column":559}},{"start":{"line":22,"column":564},"end":{"line":22,"column":572}},{"start":{"line":22,"column":576},"end":{"line":22,"column":584}}],"line":22},"18":{"loc":{"start":{"line":22,"column":695},"end":{"line":22,"column":733}},"type":"if","locations":[{"start":{"line":22,"column":695},"end":{"line":22,"column":733}},{"start":{"line":22,"column":695},"end":{"line":22,"column":733}}],"line":22},"19":{"loc":{"start":{"line":24,"column":33},"end":{"line":24,"column":274}},"type":"binary-expr","locations":[{"start":{"line":24,"column":33},"end":{"line":24,"column":46}},{"start":{"line":24,"column":50},"end":{"line":24,"column":274}}],"line":24},"20":{"loc":{"start":{"line":24,"column":168},"end":{"line":24,"column":253}},"type":"if","locations":[{"start":{"line":24,"column":168},"end":{"line":24,"column":253}},{"start":{"line":24,"column":168},"end":{"line":24,"column":253}}],"line":24},"21":{"loc":{"start":{"line":26,"column":41},"end":{"line":26,"column":155}},"type":"binary-expr","locations":[{"start":{"line":26,"column":41},"end":{"line":26,"column":61}},{"start":{"line":26,"column":65},"end":{"line":26,"column":94}},{"start":{"line":26,"column":98},"end":{"line":26,"column":133}},{"start":{"line":26,"column":137},"end":{"line":26,"column":155}}],"line":26},"22":{"loc":{"start":{"line":30,"column":50},"end":{"line":30,"column":65}},"type":"if","locations":[{"start":{"line":30,"column":50},"end":{"line":30,"column":65}},{"start":{"line":30,"column":50},"end":{"line":30,"column":65}}],"line":30},"23":{"loc":{"start":{"line":30,"column":66},"end":{"line":30,"column":129}},"type":"if","locations":[{"start":{"line":30,"column":66},"end":{"line":30,"column":129}},{"start":{"line":30,"column":66},"end":{"line":30,"column":129}}],"line":30},"24":{"loc":{"start":{"line":30,"column":186},"end":{"line":30,"column":246}},"type":"if","locations":[{"start":{"line":30,"column":186},"end":{"line":30,"column":246}},{"start":{"line":30,"column":186},"end":{"line":30,"column":246}}],"line":30},"25":{"loc":{"start":{"line":30,"column":190},"end":{"line":30,"column":221}},"type":"binary-expr","locations":[{"start":{"line":30,"column":190},"end":{"line":30,"column":204}},{"start":{"line":30,"column":208},"end":{"line":30,"column":221}}],"line":30},"26":{"loc":{"start":{"line":30,"column":247},"end":{"line":30,"column":300}},"type":"if","locations":[{"start":{"line":30,"column":247},"end":{"line":30,"column":300}},{"start":{"line":30,"column":247},"end":{"line":30,"column":300}}],"line":30},"27":{"loc":{"start":{"line":30,"column":251},"end":{"line":30,"column":277}},"type":"binary-expr","locations":[{"start":{"line":30,"column":251},"end":{"line":30,"column":262}},{"start":{"line":30,"column":266},"end":{"line":30,"column":277}}],"line":30},"28":{"loc":{"start":{"line":30,"column":301},"end":{"line":30,"column":414}},"type":"if","locations":[{"start":{"line":30,"column":301},"end":{"line":30,"column":414}},{"start":{"line":30,"column":301},"end":{"line":30,"column":414}}],"line":30},"29":{"loc":{"start":{"line":30,"column":305},"end":{"line":30,"column":376}},"type":"binary-expr","locations":[{"start":{"line":30,"column":305},"end":{"line":30,"column":322}},{"start":{"line":30,"column":326},"end":{"line":30,"column":376}}],"line":30},"30":{"loc":{"start":{"line":32,"column":39},"end":{"line":32,"column":93}},"type":"if","locations":[{"start":{"line":32,"column":39},"end":{"line":32,"column":93}},{"start":{"line":32,"column":39},"end":{"line":32,"column":93}}],"line":32},"31":{"loc":{"start":{"line":32,"column":43},"end":{"line":32,"column":74}},"type":"binary-expr","locations":[{"start":{"line":32,"column":43},"end":{"line":32,"column":54}},{"start":{"line":32,"column":58},"end":{"line":32,"column":74}}],"line":32},"32":{"loc":{"start":{"line":34,"column":41},"end":{"line":34,"column":120}},"type":"if","locations":[{"start":{"line":34,"column":41},"end":{"line":34,"column":120}},{"start":{"line":34,"column":41},"end":{"line":34,"column":120}}],"line":34},"33":{"loc":{"start":{"line":34,"column":45},"end":{"line":34,"column":111}},"type":"binary-expr","locations":[{"start":{"line":34,"column":45},"end":{"line":34,"column":74}},{"start":{"line":34,"column":78},"end":{"line":34,"column":111}}],"line":34},"34":{"loc":{"start":{"line":34,"column":300},"end":{"line":34,"column":334}},"type":"if","locations":[{"start":{"line":34,"column":300},"end":{"line":34,"column":334}},{"start":{"line":34,"column":300},"end":{"line":34,"column":334}}],"line":34},"35":{"loc":{"start":{"line":34,"column":304},"end":{"line":34,"column":326}},"type":"binary-expr","locations":[{"start":{"line":34,"column":304},"end":{"line":34,"column":305}},{"start":{"line":34,"column":309},"end":{"line":34,"column":326}}],"line":34},"36":{"loc":{"start":{"line":34,"column":392},"end":{"line":34,"column":440}},"type":"if","locations":[{"start":{"line":34,"column":392},"end":{"line":34,"column":440}},{"start":{"line":34,"column":392},"end":{"line":34,"column":440}}],"line":34},"37":{"loc":{"start":{"line":34,"column":396},"end":{"line":34,"column":423}},"type":"binary-expr","locations":[{"start":{"line":34,"column":396},"end":{"line":34,"column":399}},{"start":{"line":34,"column":403},"end":{"line":34,"column":423}}],"line":34},"38":{"loc":{"start":{"line":34,"column":453},"end":{"line":34,"column":470}},"type":"if","locations":[{"start":{"line":34,"column":453},"end":{"line":34,"column":470}},{"start":{"line":34,"column":453},"end":{"line":34,"column":470}}],"line":34},"39":{"loc":{"start":{"line":36,"column":32},"end":{"line":36,"column":67}},"type":"if","locations":[{"start":{"line":36,"column":32},"end":{"line":36,"column":67}},{"start":{"line":36,"column":32},"end":{"line":36,"column":67}}],"line":36},"40":{"loc":{"start":{"line":65,"column":4},"end":{"line":67,"column":5}},"type":"if","locations":[{"start":{"line":65,"column":4},"end":{"line":67,"column":5}},{"start":{"line":65,"column":4},"end":{"line":67,"column":5}}],"line":65},"41":{"loc":{"start":{"line":65,"column":8},"end":{"line":65,"column":69}},"type":"binary-expr","locations":[{"start":{"line":65,"column":8},"end":{"line":65,"column":25}},{"start":{"line":65,"column":29},"end":{"line":65,"column":69}}],"line":65},"42":{"loc":{"start":{"line":96,"column":4},"end":{"line":99,"column":5}},"type":"if","locations":[{"start":{"line":96,"column":4},"end":{"line":99,"column":5}},{"start":{"line":96,"column":4},"end":{"line":99,"column":5}}],"line":96},"43":{"loc":{"start":{"line":110,"column":4},"end":{"line":112,"column":5}},"type":"if","locations":[{"start":{"line":110,"column":4},"end":{"line":112,"column":5}},{"start":{"line":110,"column":4},"end":{"line":112,"column":5}}],"line":110},"44":{"loc":{"start":{"line":110,"column":8},"end":{"line":110,"column":51}},"type":"binary-expr","locations":[{"start":{"line":110,"column":8},"end":{"line":110,"column":33}},{"start":{"line":110,"column":37},"end":{"line":110,"column":51}}],"line":110},"45":{"loc":{"start":{"line":118,"column":21},"end":{"line":118,"column":56}},"type":"cond-expr","locations":[{"start":{"line":118,"column":28},"end":{"line":118,"column":44}},{"start":{"line":118,"column":47},"end":{"line":118,"column":56}}],"line":118},"46":{"loc":{"start":{"line":132,"column":25},"end":{"line":132,"column":80}},"type":"cond-expr","locations":[{"start":{"line":132,"column":50},"end":{"line":132,"column":62}},{"start":{"line":132,"column":65},"end":{"line":132,"column":80}}],"line":132}},"s":{"0":1,"1":1,"2":1,"3":0,"4":0,"5":1,"6":1,"7":1,"8":1,"9":1,"10":1,"11":1,"12":2,"13":1,"14":0,"15":1,"16":1,"17":0,"18":1,"19":1,"20":0,"21":1,"22":0,"23":1,"24":1,"25":0,"26":1,"27":1,"28":1,"29":28,"30":28,"31":28,"32":0,"33":28,"34":1,"35":1,"36":1,"37":1,"38":1,"39":0,"40":0,"41":0,"42":0,"43":0,"44":0,"45":0,"46":1,"47":5,"48":0,"49":0,"50":0,"51":0,"52":0,"53":0,"54":0,"55":0,"56":0,"57":0,"58":0,"59":0,"60":0,"61":0,"62":0,"63":0,"64":0,"65":0,"66":0,"67":0,"68":0,"69":0,"70":0,"71":0,"72":0,"73":0,"74":0,"75":0,"76":0,"77":0,"78":0,"79":0,"80":0,"81":0,"82":0,"83":0,"84":0,"85":0,"86":0,"87":5,"88":5,"89":1,"90":5,"91":5,"92":5,"93":5,"94":5,"95":5,"96":2,"97":2,"98":2,"99":5,"100":0,"101":0,"102":0,"103":5,"104":1,"105":1,"106":5,"107":1,"108":1,"109":0,"110":0,"111":0,"112":5,"113":5,"114":5,"115":0,"116":5,"117":5,"118":4,"119":4,"120":4,"121":1,"122":1,"123":1},"f":{"0":1,"1":1,"2":0,"3":2,"4":1,"5":0,"6":1,"7":1,"8":0,"9":5,"10":0,"11":0,"12":0,"13":0,"14":5,"15":5,"16":2,"17":2,"18":0,"19":1,"20":1,"21":0,"22":5,"23":4},"b":{"0":[1,0],"1":[1,1],"2":[0,0],"3":[0,0,0,0],"4":[1,1],"5":[2,2],"6":[0,1],"7":[0,1],"8":[1,1],"9":[0,1],"10":[1,1,0],"11":[0,1],"12":[1,1],"13":[1,1],"14":[28,0],"15":[28,0],"16":[0,28],"17":[28,28,28],"18":[1,0],"19":[1,0],"20":[0,0],"21":[5,0,0,0],"22":[0,0],"23":[0,0],"24":[0,0],"25":[0,0],"26":[0,0],"27":[0,0],"28":[0,0],"29":[0,0],"30":[0,0],"31":[0,0],"32":[0,0],"33":[0,0],"34":[0,0],"35":[0,0],"36":[0,0],"37":[0,0],"38":[0,0],"39":[5,0],"40":[0,0],"41":[0,0],"42":[0,0],"43":[0,5],"44":[5,0],"45":[2,3],"46":[4,0]},"_coverageSchema":"1a1c01bbd47fc00a2c39e90264f33305004495a9","hash":"929d9c9e467d216898dc40d147aad9104563293b"},"C:\\Users\\Raymond\\Desktop\\helixcp-workspace\\regulatory-dashboard\\packages\\library\\src\\components\\Table\\HelixTableHead\\index.js":{"path":"C:\\Users\\Raymond\\Desktop\\helixcp-workspace\\regulatory-dashboard\\packages\\library\\src\\components\\Table\\HelixTableHead\\index.js","statementMap":{"0":{"start":{"line":6,"column":29},"end":{"line":21,"column":3}},"1":{"start":{"line":6,"column":47},"end":{"line":21,"column":1}},"2":{"start":{"line":33,"column":23},"end":{"line":101,"column":1}},"3":{"start":{"line":35,"column":32},"end":{"line":35,"column":54}},"4":{"start":{"line":41,"column":28},"end":{"line":43,"column":3}},"5":{"start":{"line":41,"column":40},"end":{"line":43,"column":3}},"6":{"start":{"line":42,"column":4},"end":{"line":42,"column":43}},"7":{"start":{"line":48,"column":19},"end":{"line":50,"column":3}},"8":{"start":{"line":49,"column":4},"end":{"line":49,"column":54}},"9":{"start":{"line":55,"column":27},"end":{"line":57,"column":3}},"10":{"start":{"line":56,"column":4},"end":{"line":56,"column":70}},"11":{"start":{"line":64,"column":31},"end":{"line":81,"column":3}},"12":{"start":{"line":65,"column":4},"end":{"line":80,"column":5}},"13":{"start":{"line":83,"column":2},"end":{"line":100,"column":3}},"14":{"start":{"line":87,"column":10},"end":{"line":96,"column":11}},"15":{"start":{"line":103,"column":0},"end":{"line":111,"column":1}},"16":{"start":{"line":113,"column":0},"end":{"line":117,"column":1}}},"fnMap":{"0":{"name":"(anonymous_0)","decl":{"start":{"line":6,"column":40},"end":{"line":6,"column":41}},"loc":{"start":{"line":6,"column":47},"end":{"line":21,"column":1}},"line":6},"1":{"name":"(anonymous_1)","decl":{"start":{"line":33,"column":23},"end":{"line":33,"column":24}},"loc":{"start":{"line":33,"column":121},"end":{"line":101,"column":1}},"line":33},"2":{"name":"(anonymous_2)","decl":{"start":{"line":41,"column":28},"end":{"line":41,"column":29}},"loc":{"start":{"line":41,"column":40},"end":{"line":43,"column":3}},"line":41},"3":{"name":"(anonymous_3)","decl":{"start":{"line":41,"column":40},"end":{"line":41,"column":41}},"loc":{"start":{"line":41,"column":46},"end":{"line":43,"column":3}},"line":41},"4":{"name":"(anonymous_4)","decl":{"start":{"line":48,"column":19},"end":{"line":48,"column":20}},"loc":{"start":{"line":48,"column":40},"end":{"line":50,"column":3}},"line":48},"5":{"name":"(anonymous_5)","decl":{"start":{"line":55,"column":27},"end":{"line":55,"column":28}},"loc":{"start":{"line":55,"column":55},"end":{"line":57,"column":3}},"line":55},"6":{"name":"(anonymous_6)","decl":{"start":{"line":64,"column":31},"end":{"line":64,"column":32}},"loc":{"start":{"line":64,"column":43},"end":{"line":81,"column":3}},"line":64},"7":{"name":"(anonymous_7)","decl":{"start":{"line":86,"column":21},"end":{"line":86,"column":22}},"loc":{"start":{"line":86,"column":46},"end":{"line":97,"column":11}},"line":86}},"branchMap":{"0":{"loc":{"start":{"line":56,"column":11},"end":{"line":56,"column":70}},"type":"cond-expr","locations":[{"start":{"line":56,"column":57},"end":{"line":56,"column":62}},{"start":{"line":56,"column":65},"end":{"line":56,"column":70}}],"line":56},"1":{"loc":{"start":{"line":66,"column":6},"end":{"line":79,"column":20}},"type":"cond-expr","locations":[{"start":{"line":66,"column":24},"end":{"line":78,"column":23}},{"start":{"line":79,"column":8},"end":{"line":79,"column":20}}],"line":66},"2":{"loc":{"start":{"line":73,"column":9},"end":{"line":77,"column":16}},"type":"cond-expr","locations":[{"start":{"line":74,"column":8},"end":{"line":76,"column":15}},{"start":{"line":77,"column":12},"end":{"line":77,"column":16}}],"line":73},"3":{"loc":{"start":{"line":75,"column":11},"end":{"line":75,"column":70}},"type":"cond-expr","locations":[{"start":{"line":75,"column":30},"end":{"line":75,"column":49}},{"start":{"line":75,"column":52},"end":{"line":75,"column":70}}],"line":75},"4":{"loc":{"start":{"line":89,"column":15},"end":{"line":89,"column":96}},"type":"cond-expr","locations":[{"start":{"line":89,"column":57},"end":{"line":89,"column":88}},{"start":{"line":89,"column":92},"end":{"line":89,"column":96}}],"line":89},"5":{"loc":{"start":{"line":89,"column":16},"end":{"line":89,"column":53}},"type":"binary-expr","locations":[{"start":{"line":89,"column":16},"end":{"line":89,"column":33}},{"start":{"line":89,"column":37},"end":{"line":89,"column":53}}],"line":89},"6":{"loc":{"start":{"line":92,"column":29},"end":{"line":92,"column":88}},"type":"cond-expr","locations":[{"start":{"line":92,"column":75},"end":{"line":92,"column":80}},{"start":{"line":92,"column":83},"end":{"line":92,"column":88}}],"line":92},"7":{"loc":{"start":{"line":93,"column":17},"end":{"line":93,"column":75}},"type":"cond-expr","locations":[{"start":{"line":93,"column":32},"end":{"line":93,"column":60}},{"start":{"line":93,"column":63},"end":{"line":93,"column":75}}],"line":93}},"s":{"0":2,"1":18,"2":2,"3":28,"4":28,"5":247,"6":0,"7":28,"8":247,"9":28,"10":247,"11":28,"12":247,"13":28,"14":247,"15":2,"16":2},"f":{"0":18,"1":28,"2":247,"3":0,"4":247,"5":247,"6":247,"7":247},"b":{"0":[28,219],"1":[247,0],"2":[28,219],"3":[0,28],"4":[1,246],"5":[247,28],"6":[28,219],"7":[247,0]},"_coverageSchema":"1a1c01bbd47fc00a2c39e90264f33305004495a9","hash":"d365b19002d7db076391bffbc4482b9fd59252b1"},"C:\\Users\\Raymond\\Desktop\\helixcp-workspace\\regulatory-dashboard\\packages\\library\\src\\components\\Table\\HelixTableBody\\index.js":{"path":"C:\\Users\\Raymond\\Desktop\\helixcp-workspace\\regulatory-dashboard\\packages\\library\\src\\components\\Table\\HelixTableBody\\index.js","statementMap":{"0":{"start":{"line":22,"column":23},"end":{"line":67,"column":1}},"1":{"start":{"line":27,"column":22},"end":{"line":30,"column":83}},"2":{"start":{"line":33,"column":19},"end":{"line":33,"column":51}},"3":{"start":{"line":35,"column":26},"end":{"line":62,"column":3}},"4":{"start":{"line":36,"column":4},"end":{"line":61,"column":5}},"5":{"start":{"line":37,"column":6},"end":{"line":43,"column":7}},"6":{"start":{"line":40,"column":12},"end":{"line":40,"column":87}},"7":{"start":{"line":45,"column":6},"end":{"line":60,"column":7}},"8":{"start":{"line":48,"column":12},"end":{"line":56,"column":13}},"9":{"start":{"line":51,"column":18},"end":{"line":53,"column":19}},"10":{"start":{"line":64,"column":2},"end":{"line":66,"column":3}},"11":{"start":{"line":69,"column":0},"end":{"line":83,"column":1}},"12":{"start":{"line":85,"column":0},"end":{"line":91,"column":1}}},"fnMap":{"0":{"name":"(anonymous_0)","decl":{"start":{"line":22,"column":23},"end":{"line":22,"column":24}},"loc":{"start":{"line":22,"column":222},"end":{"line":67,"column":1}},"line":22},"1":{"name":"(anonymous_1)","decl":{"start":{"line":35,"column":26},"end":{"line":35,"column":27}},"loc":{"start":{"line":35,"column":32},"end":{"line":62,"column":3}},"line":35},"2":{"name":"(anonymous_2)","decl":{"start":{"line":39,"column":24},"end":{"line":39,"column":25}},"loc":{"start":{"line":39,"column":43},"end":{"line":41,"column":11}},"line":39},"3":{"name":"(anonymous_3)","decl":{"start":{"line":47,"column":22},"end":{"line":47,"column":23}},"loc":{"start":{"line":47,"column":41},"end":{"line":57,"column":11}},"line":47},"4":{"name":"(anonymous_4)","decl":{"start":{"line":50,"column":29},"end":{"line":50,"column":30}},"loc":{"start":{"line":50,"column":54},"end":{"line":54,"column":17}},"line":50}},"branchMap":{"0":{"loc":{"start":{"line":27,"column":22},"end":{"line":30,"column":83}},"type":"cond-expr","locations":[{"start":{"line":28,"column":6},"end":{"line":29,"column":64}},{"start":{"line":30,"column":6},"end":{"line":30,"column":83}}],"line":27},"1":{"loc":{"start":{"line":33,"column":19},"end":{"line":33,"column":51}},"type":"cond-expr","locations":[{"start":{"line":33,"column":34},"end":{"line":33,"column":44}},{"start":{"line":33,"column":47},"end":{"line":33,"column":51}}],"line":33},"2":{"loc":{"start":{"line":36,"column":4},"end":{"line":61,"column":5}},"type":"if","locations":[{"start":{"line":36,"column":4},"end":{"line":61,"column":5}},{"start":{"line":36,"column":4},"end":{"line":61,"column":5}}],"line":36}},"s":{"0":2,"1":28,"2":28,"3":28,"4":28,"5":1,"6":3,"7":27,"8":63,"9":567,"10":28,"11":2,"12":2},"f":{"0":28,"1":28,"2":3,"3":63,"4":567},"b":{"0":[28,0],"1":[28,0],"2":[1,27]},"_coverageSchema":"1a1c01bbd47fc00a2c39e90264f33305004495a9","hash":"8cc49ec551a33a260a277c85cfb8ec0540f6e0d2"},"C:\\Users\\Raymond\\Desktop\\helixcp-workspace\\regulatory-dashboard\\packages\\library\\src\\components\\Table\\HelixTablePaginationActions\\index.js":{"path":"C:\\Users\\Raymond\\Desktop\\helixcp-workspace\\regulatory-dashboard\\packages\\library\\src\\components\\Table\\HelixTablePaginationActions\\index.js","statementMap":{"0":{"start":{"line":11,"column":37},"end":{"line":16,"column":3}},"1":{"start":{"line":11,"column":55},"end":{"line":16,"column":1}},"2":{"start":{"line":25,"column":36},"end":{"line":89,"column":1}},"3":{"start":{"line":27,"column":40},"end":{"line":27,"column":70}},"4":{"start":{"line":32,"column":37},"end":{"line":34,"column":3}},"5":{"start":{"line":33,"column":4},"end":{"line":33,"column":19}},"6":{"start":{"line":39,"column":32},"end":{"line":41,"column":3}},"7":{"start":{"line":40,"column":4},"end":{"line":40,"column":26}},"8":{"start":{"line":46,"column":32},"end":{"line":48,"column":3}},"9":{"start":{"line":47,"column":4},"end":{"line":47,"column":26}},"10":{"start":{"line":53,"column":36},"end":{"line":55,"column":3}},"11":{"start":{"line":54,"column":4},"end":{"line":54,"column":65}},"12":{"start":{"line":57,"column":2},"end":{"line":88,"column":3}},"13":{"start":{"line":91,"column":0},"end":{"line":96,"column":1}}},"fnMap":{"0":{"name":"(anonymous_0)","decl":{"start":{"line":11,"column":48},"end":{"line":11,"column":49}},"loc":{"start":{"line":11,"column":55},"end":{"line":16,"column":1}},"line":11},"1":{"name":"(anonymous_1)","decl":{"start":{"line":25,"column":36},"end":{"line":25,"column":37}},"loc":{"start":{"line":25,"column":84},"end":{"line":89,"column":1}},"line":25},"2":{"name":"(anonymous_2)","decl":{"start":{"line":32,"column":37},"end":{"line":32,"column":38}},"loc":{"start":{"line":32,"column":43},"end":{"line":34,"column":3}},"line":32},"3":{"name":"(anonymous_3)","decl":{"start":{"line":39,"column":32},"end":{"line":39,"column":33}},"loc":{"start":{"line":39,"column":38},"end":{"line":41,"column":3}},"line":39},"4":{"name":"(anonymous_4)","decl":{"start":{"line":46,"column":32},"end":{"line":46,"column":33}},"loc":{"start":{"line":46,"column":38},"end":{"line":48,"column":3}},"line":46},"5":{"name":"(anonymous_5)","decl":{"start":{"line":53,"column":36},"end":{"line":53,"column":37}},"loc":{"start":{"line":53,"column":42},"end":{"line":55,"column":3}},"line":53}},"branchMap":{},"s":{"0":2,"1":19,"2":2,"3":45,"4":45,"5":0,"6":45,"7":0,"8":45,"9":0,"10":45,"11":0,"12":45,"13":2},"f":{"0":19,"1":45,"2":0,"3":0,"4":0,"5":0},"b":{},"_coverageSchema":"1a1c01bbd47fc00a2c39e90264f33305004495a9","hash":"80ae9a01c9961659e6bcb5b6513a59526a8f4dde"},"C:\\Users\\Raymond\\Desktop\\helixcp-workspace\\regulatory-dashboard\\packages\\library\\src\\components\\Table\\HelixTablePagination\\index.js":{"path":"C:\\Users\\Raymond\\Desktop\\helixcp-workspace\\regulatory-dashboard\\packages\\library\\src\\components\\Table\\HelixTablePagination\\index.js","statementMap":{"0":{"start":{"line":15,"column":29},"end":{"line":32,"column":1}},"1":{"start":{"line":16,"column":2},"end":{"line":31,"column":3}},"2":{"start":{"line":34,"column":0},"end":{"line":41,"column":1}}},"fnMap":{"0":{"name":"(anonymous_0)","decl":{"start":{"line":15,"column":29},"end":{"line":15,"column":30}},"loc":{"start":{"line":15,"column":114},"end":{"line":32,"column":1}},"line":15}},"branchMap":{},"s":{"0":2,"1":29,"2":2},"f":{"0":29},"b":{},"_coverageSchema":"1a1c01bbd47fc00a2c39e90264f33305004495a9","hash":"45ca35182489a1780b39602b06d1a89dede7d732"},"C:\\Users\\Raymond\\Desktop\\helixcp-workspace\\regulatory-dashboard\\packages\\library\\src\\components\\Table\\HelixTableFooter\\index.js":{"path":"C:\\Users\\Raymond\\Desktop\\helixcp-workspace\\regulatory-dashboard\\packages\\library\\src\\components\\Table\\HelixTableFooter\\index.js","statementMap":{"0":{"start":{"line":15,"column":25},"end":{"line":31,"column":1}},"1":{"start":{"line":16,"column":4},"end":{"line":30,"column":5}},"2":{"start":{"line":33,"column":0},"end":{"line":41,"column":1}},"3":{"start":{"line":43,"column":0},"end":{"line":45,"column":1}}},"fnMap":{"0":{"name":"(anonymous_0)","decl":{"start":{"line":15,"column":25},"end":{"line":15,"column":26}},"loc":{"start":{"line":15,"column":128},"end":{"line":31,"column":1}},"line":15}},"branchMap":{"0":{"loc":{"start":{"line":19,"column":17},"end":{"line":19,"column":56}},"type":"cond-expr","locations":[{"start":{"line":19,"column":36},"end":{"line":19,"column":49}},{"start":{"line":19,"column":52},"end":{"line":19,"column":56}}],"line":19}},"s":{"0":2,"1":29,"2":2,"3":2},"f":{"0":29},"b":{"0":[1,28]},"_coverageSchema":"1a1c01bbd47fc00a2c39e90264f33305004495a9","hash":"47f77ea1b860372f67a8c7773ccd86ed3882e765"},"C:\\Users\\Raymond\\Desktop\\helixcp-workspace\\regulatory-dashboard\\packages\\library\\src\\components\\HelixTextField\\index.js":{"path":"C:\\Users\\Raymond\\Desktop\\helixcp-workspace\\regulatory-dashboard\\packages\\library\\src\\components\\HelixTextField\\index.js","statementMap":{"0":{"start":{"line":8,"column":23},"end":{"line":35,"column":1}},"1":{"start":{"line":23,"column":8},"end":{"line":23,"column":13}},"2":{"start":{"line":25,"column":2},"end":{"line":34,"column":3}}},"fnMap":{"0":{"name":"(anonymous_0)","decl":{"start":{"line":8,"column":23},"end":{"line":8,"column":24}},"loc":{"start":{"line":8,"column":34},"end":{"line":35,"column":1}},"line":8}},"branchMap":{},"s":{"0":3,"1":39,"2":39},"f":{"0":39},"b":{},"_coverageSchema":"1a1c01bbd47fc00a2c39e90264f33305004495a9","hash":"1f86a7c031942f92988743ca038dadcd747b41d8"},"C:\\Users\\Raymond\\Desktop\\helixcp-workspace\\regulatory-dashboard\\packages\\library\\src\\components\\Table\\HelixToolBarSearch\\index.js":{"path":"C:\\Users\\Raymond\\Desktop\\helixcp-workspace\\regulatory-dashboard\\packages\\library\\src\\components\\Table\\HelixToolBarSearch\\index.js","statementMap":{"0":{"start":{"line":8,"column":33},"end":{"line":12,"column":3}},"1":{"start":{"line":8,"column":51},"end":{"line":12,"column":1}},"2":{"start":{"line":18,"column":27},"end":{"line":39,"column":1}},"3":{"start":{"line":20,"column":36},"end":{"line":20,"column":62}},"4":{"start":{"line":22,"column":4},"end":{"line":38,"column":5}},"5":{"start":{"line":41,"column":0},"end":{"line":44,"column":1}}},"fnMap":{"0":{"name":"(anonymous_0)","decl":{"start":{"line":8,"column":44},"end":{"line":8,"column":45}},"loc":{"start":{"line":8,"column":51},"end":{"line":12,"column":1}},"line":8},"1":{"name":"(anonymous_1)","decl":{"start":{"line":18,"column":27},"end":{"line":18,"column":28}},"loc":{"start":{"line":18,"column":64},"end":{"line":39,"column":1}},"line":18}},"branchMap":{},"s":{"0":2,"1":18,"2":2,"3":28,"4":28,"5":2},"f":{"0":18,"1":28},"b":{},"_coverageSchema":"1a1c01bbd47fc00a2c39e90264f33305004495a9","hash":"57d570ba14204d86b9fdcfc5be91caaf9c7fb457"},"C:\\Users\\Raymond\\Desktop\\helixcp-workspace\\regulatory-dashboard\\packages\\library\\src\\components\\Table\\HelixTableSortFunc\\index.js":{"path":"C:\\Users\\Raymond\\Desktop\\helixcp-workspace\\regulatory-dashboard\\packages\\library\\src\\components\\Table\\HelixTableSortFunc\\index.js","statementMap":{"0":{"start":{"line":8,"column":36},"end":{"line":16,"column":1}},"1":{"start":{"line":9,"column":2},"end":{"line":11,"column":3}},"2":{"start":{"line":10,"column":4},"end":{"line":10,"column":13}},"3":{"start":{"line":12,"column":2},"end":{"line":14,"column":3}},"4":{"start":{"line":13,"column":4},"end":{"line":13,"column":12}},"5":{"start":{"line":15,"column":2},"end":{"line":15,"column":10}},"6":{"start":{"line":22,"column":29},"end":{"line":26,"column":1}},"7":{"start":{"line":23,"column":2},"end":{"line":25,"column":68}},"8":{"start":{"line":24,"column":25},"end":{"line":24,"column":67}},"9":{"start":{"line":25,"column":25},"end":{"line":25,"column":68}},"10":{"start":{"line":33,"column":26},"end":{"line":40,"column":1}},"11":{"start":{"line":34,"column":25},"end":{"line":34,"column":66}},"12":{"start":{"line":34,"column":52},"end":{"line":34,"column":65}},"13":{"start":{"line":35,"column":2},"end":{"line":38,"column":4}},"14":{"start":{"line":36,"column":18},"end":{"line":36,"column":47}},"15":{"start":{"line":37,"column":4},"end":{"line":37,"column":16}},"16":{"start":{"line":39,"column":2},"end":{"line":39,"column":46}},"17":{"start":{"line":39,"column":38},"end":{"line":39,"column":45}}},"fnMap":{"0":{"name":"(anonymous_0)","decl":{"start":{"line":8,"column":36},"end":{"line":8,"column":37}},"loc":{"start":{"line":8,"column":62},"end":{"line":16,"column":1}},"line":8},"1":{"name":"(anonymous_1)","decl":{"start":{"line":22,"column":29},"end":{"line":22,"column":30}},"loc":{"start":{"line":22,"column":49},"end":{"line":26,"column":1}},"line":22},"2":{"name":"(anonymous_2)","decl":{"start":{"line":24,"column":8},"end":{"line":24,"column":9}},"loc":{"start":{"line":24,"column":25},"end":{"line":24,"column":67}},"line":24},"3":{"name":"(anonymous_3)","decl":{"start":{"line":25,"column":8},"end":{"line":25,"column":9}},"loc":{"start":{"line":25,"column":25},"end":{"line":25,"column":68}},"line":25},"4":{"name":"(anonymous_4)","decl":{"start":{"line":33,"column":26},"end":{"line":33,"column":27}},"loc":{"start":{"line":33,"column":49},"end":{"line":40,"column":1}},"line":33},"5":{"name":"(anonymous_5)","decl":{"start":{"line":34,"column":35},"end":{"line":34,"column":36}},"loc":{"start":{"line":34,"column":52},"end":{"line":34,"column":65}},"line":34},"6":{"name":"(anonymous_6)","decl":{"start":{"line":35,"column":22},"end":{"line":35,"column":23}},"loc":{"start":{"line":35,"column":39},"end":{"line":38,"column":3}},"line":35},"7":{"name":"(anonymous_7)","decl":{"start":{"line":39,"column":28},"end":{"line":39,"column":29}},"loc":{"start":{"line":39,"column":38},"end":{"line":39,"column":45}},"line":39}},"branchMap":{"0":{"loc":{"start":{"line":9,"column":2},"end":{"line":11,"column":3}},"type":"if","locations":[{"start":{"line":9,"column":2},"end":{"line":11,"column":3}},{"start":{"line":9,"column":2},"end":{"line":11,"column":3}}],"line":9},"1":{"loc":{"start":{"line":12,"column":2},"end":{"line":14,"column":3}},"type":"if","locations":[{"start":{"line":12,"column":2},"end":{"line":14,"column":3}},{"start":{"line":12,"column":2},"end":{"line":14,"column":3}}],"line":12},"2":{"loc":{"start":{"line":23,"column":9},"end":{"line":25,"column":68}},"type":"cond-expr","locations":[{"start":{"line":24,"column":8},"end":{"line":24,"column":67}},{"start":{"line":25,"column":8},"end":{"line":25,"column":68}}],"line":23}},"s":{"0":3,"1":56,"2":38,"3":18,"4":0,"5":18,"6":3,"7":36,"8":0,"9":56,"10":3,"11":36,"12":92,"13":36,"14":56,"15":56,"16":36,"17":92},"f":{"0":56,"1":36,"2":0,"3":56,"4":36,"5":92,"6":56,"7":92},"b":{"0":[38,18],"1":[0,18],"2":[0,36]},"_coverageSchema":"1a1c01bbd47fc00a2c39e90264f33305004495a9","hash":"a3443aa123b26b413b0e332bbd3056119209a4a1"},"C:\\Users\\Raymond\\Desktop\\helixcp-workspace\\regulatory-dashboard\\packages\\library\\src\\components\\Table\\HelixTable\\index.js":{"path":"C:\\Users\\Raymond\\Desktop\\helixcp-workspace\\regulatory-dashboard\\packages\\library\\src\\components\\Table\\HelixTable\\index.js","statementMap":{"0":{"start":{"line":11,"column":25},"end":{"line":52,"column":3}},"1":{"start":{"line":11,"column":43},"end":{"line":52,"column":1}},"2":{"start":{"line":68,"column":19},"end":{"line":183,"column":1}},"3":{"start":{"line":81,"column":28},"end":{"line":81,"column":46}},"4":{"start":{"line":84,"column":26},"end":{"line":84,"column":37}},"5":{"start":{"line":87,"column":40},"end":{"line":87,"column":51}},"6":{"start":{"line":93,"column":27},"end":{"line":95,"column":3}},"7":{"start":{"line":94,"column":4},"end":{"line":94,"column":20}},"8":{"start":{"line":101,"column":34},"end":{"line":104,"column":3}},"9":{"start":{"line":102,"column":4},"end":{"line":102,"column":52}},"10":{"start":{"line":103,"column":4},"end":{"line":103,"column":14}},"11":{"start":{"line":107,"column":28},"end":{"line":107,"column":43}},"12":{"start":{"line":110,"column":32},"end":{"line":110,"column":56}},"13":{"start":{"line":115,"column":17},"end":{"line":119,"column":3}},"14":{"start":{"line":116,"column":18},"end":{"line":116,"column":57}},"15":{"start":{"line":117,"column":4},"end":{"line":117,"column":36}},"16":{"start":{"line":118,"column":4},"end":{"line":118,"column":24}},"17":{"start":{"line":122,"column":42},"end":{"line":122,"column":97}},"18":{"start":{"line":122,"column":82},"end":{"line":122,"column":93}},"19":{"start":{"line":128,"column":19},"end":{"line":158,"column":3}},"20":{"start":{"line":129,"column":22},"end":{"line":129,"column":34}},"21":{"start":{"line":130,"column":4},"end":{"line":157,"column":6}},"22":{"start":{"line":131,"column":8},"end":{"line":155,"column":11}},"23":{"start":{"line":131,"column":26},"end":{"line":131,"column":37}},"24":{"start":{"line":133,"column":10},"end":{"line":155,"column":11}},"25":{"start":{"line":134,"column":13},"end":{"line":153,"column":19}},"26":{"start":{"line":135,"column":37},"end":{"line":135,"column":52}},"27":{"start":{"line":136,"column":14},"end":{"line":140,"column":15}},"28":{"start":{"line":137,"column":16},"end":{"line":139,"column":46}},"29":{"start":{"line":141,"column":14},"end":{"line":149,"column":15}},"30":{"start":{"line":142,"column":38},"end":{"line":144,"column":22}},"31":{"start":{"line":143,"column":18},"end":{"line":143,"column":52}},"32":{"start":{"line":145,"column":16},"end":{"line":145,"column":80}},"33":{"start":{"line":147,"column":16},"end":{"line":147,"column":48}},"34":{"start":{"line":148,"column":16},"end":{"line":148,"column":28}},"35":{"start":{"line":160,"column":2},"end":{"line":182,"column":3}},"36":{"start":{"line":185,"column":0},"end":{"line":196,"column":1}},"37":{"start":{"line":198,"column":0},"end":{"line":204,"column":1}},"38":{"start":{"line":202,"column":27},"end":{"line":202,"column":31}},"39":{"start":{"line":203,"column":36},"end":{"line":203,"column":40}}},"fnMap":{"0":{"name":"(anonymous_0)","decl":{"start":{"line":11,"column":36},"end":{"line":11,"column":37}},"loc":{"start":{"line":11,"column":43},"end":{"line":52,"column":1}},"line":11},"1":{"name":"(anonymous_1)","decl":{"start":{"line":68,"column":19},"end":{"line":68,"column":20}},"loc":{"start":{"line":79,"column":8},"end":{"line":183,"column":1}},"line":79},"2":{"name":"(anonymous_2)","decl":{"start":{"line":93,"column":27},"end":{"line":93,"column":28}},"loc":{"start":{"line":93,"column":40},"end":{"line":95,"column":3}},"line":93},"3":{"name":"(anonymous_3)","decl":{"start":{"line":101,"column":34},"end":{"line":101,"column":35}},"loc":{"start":{"line":101,"column":45},"end":{"line":104,"column":3}},"line":101},"4":{"name":"(anonymous_4)","decl":{"start":{"line":115,"column":17},"end":{"line":115,"column":18}},"loc":{"start":{"line":115,"column":31},"end":{"line":119,"column":3}},"line":115},"5":{"name":"(anonymous_5)","decl":{"start":{"line":122,"column":61},"end":{"line":122,"column":62}},"loc":{"start":{"line":122,"column":80},"end":{"line":122,"column":95}},"line":122},"6":{"name":"(anonymous_6)","d
[...]
"line":35,"column":26},"end":{"line":35,"column":27}},"loc":{"start":{"line":35,"column":45},"end":{"line":42,"column":5}},"line":35},"2":{"name":"(anonymous_2)","decl":{"start":{"line":46,"column":29},"end":{"line":46,"column":30}},"loc":{"start":{"line":46,"column":43},"end":{"line":56,"column":1}},"line":46},"3":{"name":"(anonymous_3)","decl":{"start":{"line":47,"column":28},"end":{"line":47,"column":29}},"loc":{"start":{"line":47,"column":57},"end":{"line":55,"column":5}},"line":47},"4":{"name":"(anonymous_4)","decl":{"start":{"line":61,"column":50},"end":{"line":61,"column":51}},"loc":{"start":{"line":61,"column":60},"end":{"line":77,"column":1}},"line":61},"5":{"name":"(anonymous_5)","decl":{"start":{"line":64,"column":25},"end":{"line":64,"column":26}},"loc":{"start":{"line":64,"column":46},"end":{"line":66,"column":5}},"line":64}},"branchMap":{},"s":{"0":1,"1":1,"2":1,"3":1,"4":3,"5":1,"6":1,"7":3,"8":1,"9":1,"10":1,"11":0,"12":1,"13":1,"14":1,"15":1,"16":1},"f":{"0":1,"1":3,"2":1,"3":3,"4":1,"5":0},"b":{},"_coverageSchema":"1a1c01bbd47fc00a2c39e90264f33305004495a9","hash":"6d8de7a9a60ee0dc9d46ba3244269fe2d0fb4efa"},"C:\\Users\\Raymond\\Desktop\\helixcp-workspace\\regulatory-dashboard\\packages\\library\\src\\components\\MUIButton\\index.js":{"path":"C:\\Users\\Raymond\\Desktop\\helixcp-workspace\\regulatory-dashboard\\packages\\library\\src\\components\\MUIButton\\index.js","statementMap":{"0":{"start":{"line":4,"column":18},"end":{"line":8,"column":1}},"1":{"start":{"line":5,"column":4},"end":{"line":7,"column":16}}},"fnMap":{"0":{"name":"(anonymous_0)","decl":{"start":{"line":4,"column":18},"end":{"line":4,"column":19}},"loc":{"start":{"line":4,"column":47},"end":{"line":8,"column":1}},"line":4}},"branchMap":{},"s":{"0":1,"1":4},"f":{"0":4},"b":{},"_coverageSchema":"1a1c01bbd47fc00a2c39e90264f33305004495a9","hash":"ffb3af10fec2d02503b1766b91184cd390e92788"},"C:\\Users\\Raymond\\Desktop\\helixcp-workspace\\regulatory-dashboard\\packages\\library\\src\\stories\\MUIButton.stories.js":{"path":"C:\\Users\\Raymond\\Desktop\\helixcp-workspace\\regulatory-dashboard\\packages\\library\\src\\stories\\MUIButton.stories.js","statementMap":{"0":{"start":{"line":11,"column":27},"end":{"line":11,"column":100}},"1":{"start":{"line":11,"column":33},"end":{"line":11,"column":100}},"2":{"start":{"line":13,"column":29},"end":{"line":21,"column":3}},"3":{"start":{"line":14,"column":0},"end":{"line":21,"column":3}},"4":{"start":{"line":22,"column":30},"end":{"line":22,"column":115}},"5":{"start":{"line":22,"column":36},"end":{"line":22,"column":115}}},"fnMap":{"0":{"name":"(anonymous_0)","decl":{"start":{"line":11,"column":27},"end":{"line":11,"column":28}},"loc":{"start":{"line":11,"column":33},"end":{"line":11,"column":100}},"line":11},"1":{"name":"(anonymous_1)","decl":{"start":{"line":13,"column":29},"end":{"line":13,"column":30}},"loc":{"start":{"line":14,"column":0},"end":{"line":21,"column":3}},"line":14},"2":{"name":"(anonymous_2)","decl":{"start":{"line":22,"column":30},"end":{"line":22,"column":31}},"loc":{"start":{"line":22,"column":36},"end":{"line":22,"column":115}},"line":22}},"branchMap":{},"s":{"0":1,"1":1,"2":1,"3":1,"4":1,"5":1},"f":{"0":1,"1":1,"2":1},"b":{},"_coverageSchema":"1a1c01bbd47fc00a2c39e90264f33305004495a9","hash":"d70bea5ca249e04c4238763aa88f62aea51ae28c"},"C:\\Users\\Raymond\\Desktop\\helixcp-workspace\\regulatory-dashboard\\packages\\library\\src\\stories\\Notification.stories.js":{"path":"C:\\Users\\Raymond\\Desktop\\helixcp-workspace\\regulatory-dashboard\\packages\\library\\src\\stories\\Notification.stories.js","statementMap":{"0":{"start":{"line":23,"column":34},"end":{"line":51,"column":1}},"1":{"start":{"line":26,"column":44},"end":{"line":30,"column":6}},"2":{"start":{"line":32,"column":24},"end":{"line":38,"column":5}},"3":{"start":{"line":33,"column":8},"end":{"line":33,"column":37}},"4":{"start":{"line":34,"column":8},"end":{"line":37,"column":10}},"5":{"start":{"line":40,"column":4},"end":{"line":50,"column":5}},"6":{"start":{"line":56,"column":0},"end":{"line":60,"column":1}}},"fnMap":{"0":{"name":"(anonymous_0)","decl":{"start":{"line":23,"column":34},"end":{"line":23,"column":35}},"loc":{"start":{"line":23,"column":43},"end":{"line":51,"column":1}},"line":23},"1":{"name":"(anonymous_1)","decl":{"start":{"line":32,"column":24},"end":{"line":32,"column":25}},"loc":{"start":{"line":32,"column":30},"end":{"line":38,"column":5}},"line":32}},"branchMap":{},"s":{"0":1,"1":1,"2":1,"3":0,"4":0,"5":1,"6":1},"f":{"0":1,"1":0},"b":{},"_coverageSchema":"1a1c01bbd47fc00a2c39e90264f33305004495a9","hash":"4b151c0cacbc7ff88b107a26d6b4b78adc4a6ca3"},"C:\\Users\\Raymond\\Desktop\\helixcp-workspace\\regulatory-dashboard\\packages\\library\\lib\\components\\HelixVerticalTab\\index.js":{"path":"C:\\Users\\Raymond\\Desktop\\helixcp-workspace\\regulatory-dashboard\\packages\\library\\lib\\components\\HelixVerticalTab\\index.js","statementMap":{"0":{"start":{"line":3,"column":0},"end":{"line":5,"column":3}},"1":{"start":{"line":6,"column":0},"end":{"line":6,"column":28}},"2":{"start":{"line":8,"column":13},"end":{"line":8,"column":53}},"3":{"start":{"line":10,"column":12},"end":{"line":10,"column":40}},"4":{"start":{"line":12,"column":17},"end":{"line":12,"column":62}},"5":{"start":{"line":14,"column":39},"end":{"line":14,"column":95}},"6":{"start":{"line":17,"column":30},"end":{"line":38,"column":2}},"7":{"start":{"line":18,"column":2},"end":{"line":37,"column":4}},"8":{"start":{"line":42,"column":33},"end":{"line":42,"column":58}},"9":{"start":{"line":43,"column":2},"end":{"line":56,"column":162}},"10":{"start":{"line":59,"column":0},"end":{"line":64,"column":2}},"11":{"start":{"line":65,"column":0},"end":{"line":72,"column":2}},"12":{"start":{"line":67,"column":4},"end":{"line":67,"column":16}},"13":{"start":{"line":70,"column":4},"end":{"line":70,"column":16}},"14":{"start":{"line":73,"column":15},"end":{"line":73,"column":32}},"15":{"start":{"line":74,"column":0},"end":{"line":74,"column":30}}},"fnMap":{"0":{"name":"_interopRequireDefault","decl":{"start":{"line":14,"column":9},"end":{"line":14,"column":31}},"loc":{"start":{"line":14,"column":37},"end":{"line":14,"column":97}},"line":14},"1":{"name":"(anonymous_1)","decl":{"start":{"line":17,"column":52},"end":{"line":17,"column":53}},"loc":{"start":{"line":17,"column":69},"end":{"line":38,"column":1}},"line":17},"2":{"name":"HelixVerticalTabs","decl":{"start":{"line":40,"column":9},"end":{"line":40,"column":26}},"loc":{"start":{"line":40,"column":34},"end":{"line":57,"column":1}},"line":40},"3":{"name":"renderAddCollection","decl":{"start":{"line":66,"column":32},"end":{"line":66,"column":51}},"loc":{"start":{"line":66,"column":54},"end":{"line":68,"column":3}},"line":66},"4":{"name":"renderButtonContainer","decl":{"start":{"line":69,"column":34},"end":{"line":69,"column":55}},"loc":{"start":{"line":69,"column":58},"end":{"line":71,"column":3}},"line":69}},"branchMap":{"0":{"loc":{"start":{"line":14,"column":46},"end":{"line":14,"column":94}},"type":"cond-expr","locations":[{"start":{"line":14,"column":70},"end":{"line":14,"column":73}},{"start":{"line":14,"column":76},"end":{"line":14,"column":94}}],"line":14},"1":{"loc":{"start":{"line":14,"column":46},"end":{"line":14,"column":67}},"type":"binary-expr","locations":[{"start":{"line":14,"column":46},"end":{"line":14,"column":49}},{"start":{"line":14,"column":53},"end":{"line":14,"column":67}}],"line":14}},"s":{"0":1,"1":1,"2":1,"3":1,"4":1,"5":2,"6":1,"7":4,"8":6,"9":6,"10":1,"11":1,"12":6,"13":6,"14":1,"15":1},"f":{"0":2,"1":4,"2":6,"3":6,"4":6},"b":{"0":[0,2],"1":[2,2]},"_coverageSchema":"1a1c01bbd47fc00a2c39e90264f33305004495a9","hash":"9eb7911b8157b5e5949997322b8703757e175e67"},"C:\\Users\\Raymond\\Desktop\\helixcp-workspace\\regulatory-dashboard\\packages\\library\\lib\\components\\HelixTabPanel\\index.js":{"path":"C:\\Users\\Raymond\\Desktop\\helixcp-workspace\\regulatory-dashboard\\packages\\library\\lib\\components\\HelixTabPanel\\index.js","statementMap":{"0":{"start":{"line":3,"column":0},"end":{"line":5,"column":3}},"1":{"start":{"line":6,"column":0},"end":{"line":6,"column":28}},"2":{"start":{"line":8,"column":13},"end":{"line":8,"column":53}},"3":{"start":{"line":10,"column":17},"end":{"line":10,"column":62}},"4":{"start":{"line":12,"column":12},"end":{"line":12,"column":40}},"5":{"start":{"line":14,"column":39},"end":{"line":14,"column":95}},"6":{"start":{"line":16,"column":22},"end":{"line":16,"column":275}},"7":{"start":{"line":16,"column":70},"end":{"line":16,"column":257}},"8":{"start":{"line":16,"column":83},"end":{"line":16,"column":84}},"9":{"start":{"line":16,"column":128},"end":{"line":16,"column":140}},"10":{"start":{"line":16,"column":142},"end":{"line":16,"column":255}},"11":{"start":{"line":16,"column":168},"end":{"line":16,"column":253}},"12":{"start":{"line":16,"column":225},"end":{"line":16,"column":251}},"13":{"start":{"line":16,"column":258},"end":{"line":16,"column":272}},"14":{"start":{"line":16,"column":276},"end":{"line":16,"column":315}},"15":{"start":{"line":18,"column":54},"end":{"line":18,"column":84}},"16":{"start":{"line":18,"column":74},"end":{"line":18,"column":84}},"17":{"start":{"line":18,"column":98},"end":{"line":18,"column":145}},"18":{"start":{"line":18,"column":159},"end":{"line":18,"column":475}},"19":{"start":{"line":18,"column":218},"end":{"line":18,"column":254}},"20":{"start":{"line":18,"column":256},"end":{"line":18,"column":473}},"21":{"start":{"line":18,"column":304},"end":{"line":18,"column":330}},"22":{"start":{"line":18,"column":331},"end":{"line":18,"column":372}},"23":{"start":{"line":18,"column":363},"end":{"line":18,"column":372}},"24":{"start":{"line":18,"column":373},"end":{"line":18,"column":444}},"25":{"start":{"line":18,"column":435},"end":{"line":18,"column":444}},"26":{"start":{"line":18,"column":445},"end":{"line":18,"column":471}},"27":{"start":{"line":18,"column":476},"end":{"line":18,"column":490}},"28":{"start":{"line":20,"column":59},"end":{"line":20,"column":89}},"29":{"start":{"line":20,"column":79},"end":{"line":20,"column":89}},"30":{"start":{"line":20,"column":103},"end":{"line":20,"column":105}},"31":{"start":{"line":20,"column":124},"end":{"line":20,"column":143}},"32":{"start":{"line":20,"column":157},"end":{"line":20,"column":290}},"33":{"start":{"line":20,"column":199},"end":{"line":20,"column":219}},"34":{"start":{"line":20,"column":220},"end":{"line":20,"column":261}},"35":{"start":{"line":20,"column":252},"end":{"line":20,"column":261}},"36":{"start":{"line":20,"column":262},"end":{"line":20,"column":288}},"37":{"start":{"line":20,"column":291},"end":{"line":20,"column":305}},"38":{"start":{"line":23,"column":26},"end":{"line":29,"column":2}},"39":{"start":{"line":24,"column":2},"end":{"line":28,"column":4}},"40":{"start":{"line":33,"column":29},"end":{"line":33,"column":50}},"41":{"start":{"line":35,"column":17},"end":{"line":35,"column":31}},"42":{"start":{"line":36,"column":14},"end":{"line":36,"column":25}},"43":{"start":{"line":37,"column":14},"end":{"line":37,"column":25}},"44":{"start":{"line":38,"column":14},"end":{"line":38,"column":77}},"45":{"start":{"line":40,"column":2},"end":{"line":48,"column":16}},"46":{"start":{"line":51,"column":0},"end":{"line":55,"column":2}},"47":{"start":{"line":56,"column":15},"end":{"line":56,"column":28}},"48":{"start":{"line":57,"column":0},"end":{"line":57,"column":30}}},"fnMap":{"0":{"name":"_interopRequireDefault","decl":{"start":{"line":14,"column":9},"end":{"line":14,"column":31}},"loc":{"start":{"line":14,"column":37},"end":{"line":14,"column":97}},"line":14},"1":{"name":"_extends","decl":{"start":{"line":16,"column":9},"end":{"line":16,"column":17}},"loc":{"start":{"line":16,"column":20},"end":{"line":16,"column":317}},"line":16},"2":{"name":"(anonymous_2)","decl":{"start":{"line":16,"column":50},"end":{"line":16,"column":51}},"loc":{"start":{"line":16,"column":68},"end":{"line":16,"column":274}},"line":16},"3":{"name":"_objectWithoutProperties","decl":{"start":{"line":18,"column":9},"end":{"line":18,"column":33}},"loc":{"start":{"line":18,"column":52},"end":{"line":18,"column":492}},"line":18},"4":{"name":"_objectWithoutPropertiesLoose","decl":{"start":{"line":20,"column":9},"end":{"line":20,"column":38}},"loc":{"start":{"line":20,"column":57},"end":{"line":20,"column":307}},"line":20},"5":{"name":"(anonymous_5)","decl":{"start":{"line":23,"column":48},"end":{"line":23,"column":49}},"loc":{"start":{"line":23,"column":65},"end":{"line":29,"column":1}},"line":23},"6":{"name":"HelixTabPanel","decl":{"start":{"line":31,"column":9},"end":{"line":31,"column":22}},"loc":{"start":{"line":31,"column":30},"end":{"line":49,"column":1}},"line":31}},"branchMap":{"0":{"loc":{"start":{"line":14,"column":46},"end":{"line":14,"column":94}},"type":"cond-expr","locations":[{"start":{"line":14,"column":70},"end":{"line":14,"column":73}},{"start":{"line":14,"column":76},"end":{"line":14,"column":94}}],"line":14},"1":{"loc":{"start":{"line":14,"column":46},"end":{"line":14,"column":67}},"type":"binary-expr","locations":[{"start":{"line":14,"column":46},"end":{"line":14,"column":49}},{"start":{"line":14,"column":53},"end":{"line":14,"column":67}}],"line":14},"2":{"loc":{"start":{"line":16,"column":33},"end":{"line":16,"column":274}},"type":"binary-expr","locations":[{"start":{"line":16,"column":33},"end":{"line":16,"column":46}},{"start":{"line":16,"column":50},"end":{"line":16,"column":274}}],"line":16},"3":{"loc":{"start":{"line":16,"column":168},"end":{"line":16,"column":253}},"type":"if","locations":[{"start":{"line":16,"column":168},"end":{"line":16,"column":253}},{"start":{"line":16,"column":168},"end":{"line":16,"column":253}}],"line":16},"4":{"loc":{"start":{"line":18,"column":54},"end":{"line":18,"column":84}},"type":"if","locations":[{"start":{"line":18,"column":54},"end":{"line":18,"column":84}},{"start":{"line":18,"column":54},"end":{"line":18,"column":84}}],"line":18},"5":{"loc":{"start":{"line":18,"column":159},"end":{"line":18,"column":475}},"type":"if","locations":[{"start":{"line":18,"column":159},"end":{"line":18,"column":475}},{"start":{"line":18,"column":159},"end":{"line":18,"column":475}}],"line":18},"6":{"loc":{"start":{"line":18,"column":331},"end":{"line":18,"column":372}},"type":"if","locations":[{"start":{"line":18,"column":331},"end":{"line":18,"column":372}},{"start":{"line":18,"column":331},"end":{"line":18,"column":372}}],"line":18},"7":{"loc":{"start":{"line":18,"column":373},"end":{"line":18,"column":444}},"type":"if","locations":[{"start":{"line":18,"column":373},"end":{"line":18,"column":444}},{"start":{"line":18,"column":373},"end":{"line":18,"column":444}}],"line":18},"8":{"loc":{"start":{"line":20,"column":59},"end":{"line":20,"column":89}},"type":"if","locations":[{"start":{"line":20,"column":59},"end":{"line":20,"column":89}},{"start":{"line":20,"column":59},"end":{"line":20,"column":89}}],"line":20},"9":{"loc":{"start":{"line":20,"column":220},"end":{"line":20,"column":261}},"type":"if","locations":[{"start":{"line":20,"column":220},"end":{"line":20,"column":261}},{"start":{"line":20,"column":220},"end":{"line":20,"column":261}}],"line":20},"10":{"loc":{"start":{"line":45,"column":13},"end":{"line":48,"column":14}},"type":"binary-expr","locations":[{"start":{"line":45,"column":13},"end":{"line":45,"column":28}},{"start":{"line":45,"column":45},"end":{"line":48,"column":14}}],"line":45}},"s":{"0":2,"1":2,"2":2,"3":2,"4":2,"5":4,"6":2,"7":0,"8":0,"9":0,"10":0,"11":0,"12":0,"13":0,"14":2,"15":19,"16":0,"17":19,"18":19,"19":19,"20":19,"21":0,"22":0,"23":0,"24":0,"25":0,"26":0,"27":19,"28":19,"29":0,"30":19,"31":19,"32":19,"33":57,"34":57,"35":57,"36":0,"37":19,"38":2,"39":5,"40":19,"41":19,"42":19,"43":19,"44":19,"45":19,"46":2,"47":2,"48":2},"f":{"0":4,"1":2,"2":0,"3":19,"4":19,"5":5,"6":19},"b":{"0":[0,4],"1":[4,4],"2":[2,0],"3":[0,0],"4":[0,19],"5":[19,0],"6":[0,0],"7":[0,0],"8":[0,19],"9":[57,0],"10":[19,7]},"_coverageSchema":"1a1c01bbd47fc00a2c39e90264f33305004495a9","hash":"c1a177971a12fc35e08437ddc6814401967a81bc"},"C:\\Users\\Raymond\\Desktop\\helixcp-workspace\\regulatory-dashboard\\packages\\library\\lib\\components\\HelixLinearProgress\\index.js":{"path":"C:\\Users\\Raymond\\Desktop\\helixcp-workspace\\regulatory-dashboard\\packages\\library\\lib\\components\\HelixLinearProgress\\index.js","statementMap":{"0":{"start":{"line":3,"column":0},"end":{"line":5,"column":3}},"1":{"start":{"line":6,"column":0},"end":{"line":6,"column":28}},"2":{"start":{"line":8,"column":13},"end":{"line":8,"column":53}},"3":{"start":{"line":10,"column":17},"end":{"line":10,"column":62}},"4":{"start":{"line":12,"column":22},"end":{"line":12,"column":89}},"5":{"start":{"line":14,"column":18},"end":{"line":14,"column":81}},"6":{"start":{"line":16,"column":11},"end":{"line":16,"column":67}},"7":{"start":{"line":18,"column":39},"end":{"line":18,"column":95}},"8":{"start":{"line":20,"column":22},"end":{"line":20,"column":275}},"9":{"start":{"line":20,"column":70},"end":{"line":20,"column":257}},"10":{"start":{"line":20,"column":83},"end":{"line":20,"column":84}},"11":{"start":{"line":20,"column":128},"end":{"line":20,"column":140}},"12":{"start":{"line":20,"column":142},"end":{"line":20,"column":255}},"13":{"start":{"line":20,"column":168},"end":{"line":20,"column":253}},"14":{"start":{"line":20,"column":225},"end":{"line":20,"column":251}},"15":{"start":{"line":20,"column":258},"end":{"line":20,"column":272}},"16":{"start":{"line":20,"column":276},"end":{"line":20,"column":315}},"17":{"start":{"line":22,"column":26},"end":{"line":38,"column":1}},"18":{"start":{"line":23,"column":2},"end":{"line":37,"column":48}},"19":{"start":{"line":40,"column":0},"end":{"line":42,"column":2}},"20":{"start":{"line":43,"column":15},"end":{"line":43,"column":34}},"21":{"start":{"line":44,"column":0},"end":{"line":44,"column":30}}},"fnMap":{"0":{"name":"_interopRequireDefault","decl":{"start":{"line":18,"column":9},"end":{"line":18,"column":31}},"loc":{"start":{"line":18,"column":37},"end":{"line":18,"column":97}},"line":18},"1":{"name":"_extends","decl":{"start":{"line":20,"column":9},"end":{"line":20,"column":17}},"loc":{"start":{"line":20,"column":20},"end":{"line":20,"column":317}},"line":20},"2":{"name":"(anonymous_2)","decl":{"start":{"line":20,"column":50},"end":{"line":20,"column":51}},"loc":{"start":{"line":20,"column":68},"end":{"line":20,"column":274}},"line":20},"3":{"name":"HelixLinearProgress","decl":{"start":{"line":22,"column":35},"end":{"line":22,"column":54}},"loc":{"start":{"line":22,"column":62},"end":{"line":38,"column":1}},"line":22}},"branchMap":{"0":{"loc":{"start":{"line":18,"column":46},"end":{"line":18,"column":94}},"type":"cond-expr","locations":[{"start":{"line":18,"column":70},"end":{"line":18,"column":73}},{"start":{"line":18,"column":76},"end":{"line":18,"column":94}}],"line":18},"1":{"loc":{"start":{"line":18,"column":46},"end":{"line":18,"column":67}},"type":"binary-expr","locations":[{"start":{"line":18,"column":46},"end":{"line":18,"column":49}},{"start":{"line":18,"column":53},"end":{"line":18,"column":67}}],"line":18},"2":{"loc":{"start":{"line":20,"column":33},"end":{"line":20,"column":274}},"type":"binary-expr","locations":[{"start":{"line":20,"column":33},"end":{"line":20,"column":46}},{"start":{"line":20,"column":50},"end":{"line":20,"column":274}}],"line":20},"3":{"loc":{"start":{"line":20,"column":168},"end":{"line":20,"column":253}},"type":"if","locations":[{"start":{"line":20,"column":168},"end":{"line":20,"column":253}},{"start":{"line":20,"column":168},"end":{"line":20,"column":253}}],"line":20}},"s":{"0":1,"1":1,"2":1,"3":1,"4":1,"5":1,"6":1,"7":5,"8":1,"9":0,"10":0,"11":0,"12":0,"13":0,"14":0,"15":0,"16":1,"17":1,"18":1,"19":1,"20":1,"21":1},"f":{"0":5,"1":1,"2":0,"3":1},"b":{"0":[3,2],"1":[5,5],"2":[1,0],"3":[0,0]},"_coverageSchema":"1a1c01bbd47fc00a2c39e90264f33305004495a9","hash":"a78c56adb7227544db6bbd97346b398722f4abf8"}}}