{"numFailedTestSuites":1,"numFailedTests":1,"numPassedTestSuites":2,"numPassedTests":20,"numPendingTestSuites":0,"numPendingTests":0,"numRuntimeErrorTestSuites":0,"numTodoTests":0,"numTotalTestSuites":3,"numTotalTests":21,"openHandles":[],"snapshot":{"added":0,"didUpdate":false,"failure":false,"filesAdded":0,"filesRemoved":0,"filesRemovedList":[],"filesUnmatched":0,"filesUpdated":0,"matched":17,"total":17,"unchecked":0,"uncheckedKeysByFile":[],"unmatched":0,"updated":0},"startTime":1609376497096,"success":false,"testResults":[{"assertionResults":[{"ancestorTitles":[],"failureMessages":[],"fullName":"is not disabled","location":null,"status":"passed","title":"is not disabled"},{"ancestorTitles":[],"failureMessages":[],"fullName":"passes in button text","location":null,"status":"passed","title":"passes in button text"}],"endTime":1609376630367,"message":"","name":"/mnt/c/Users/Raymond/Desktop/helixcp-workspace/regulatory-dashboard/packages/library/lib/components/HelixButton/HelixButton.test.js","startTime":1609376520413,"status":"passed","summary":""},{"assertionResults":[{"ancestorTitles":[],"failureMessages":[],"fullName":"is not disabled","location":null,"status":"passed","title":"is not disabled"},{"ancestorTitles":[],"failureMessages":[],"fullName":"passes in button text","location":null,"status":"passed","title":"passes in button text"}],"endTime":1609376630388,"message":"","name":"/mnt/c/Users/Raymond/Desktop/helixcp-workspace/regulatory-dashboard/packages/library/src/components/HelixButton/HelixButton.test.js","startTime":1609376520409,"status":"passed","summary":""},{"assertionResults":[{"ancestorTitles":["Storyshots","Helix Components/Confirm Dialog Modal"],"failureMessages":[],"fullName":"Storyshots Helix Components/Confirm Dialog Modal Sample Confirm Dialog Modal","location":null,"status":"passed","title":"Sample Confirm Dialog Modal"},{"ancestorTitles":["Storyshots","Helix Components/Helix Button"],"failureMessages":[],"fullName":"Storyshots Helix Components/Helix Button Sample Helix Button","location":null,"status":"passed","title":"Sample Helix Button"},{"ancestorTitles":["Storyshots","Helix Components/Helix Collection List"],"failureMessages":[],"fullName":"Storyshots Helix Components/Helix Collection List Sample Helix Collection List","location":null,"status":"passed","title":"Sample Helix Collection List"},{"ancestorTitles":["Storyshots","Helix Components/Helix Linear Progress"],"failureMessages":[],"fullName":"Storyshots Helix Components/Helix Linear Progress Sample Helix Linear Progress","location":null,"status":"passed","title":"Sample Helix Linear Progress"},{"ancestorTitles":["Storyshots","Helix Components/Functional Helix Menu Icon"],"failureMessages":[],"fullName":"Storyshots Helix Components/Functional Helix Menu Icon Sample Helix Menu Icon","location":null,"status":"passed","title":"Sample Helix Menu Icon"},{"ancestorTitles":["Storyshots","Helix Components/Helix Page Header"],"failureMessages":[],"fullName":"Storyshots Helix Components/Helix Page Header Sample Helix Page Header","location":null,"status":"passed","title":"Sample Helix Page Header"},{"ancestorTitles":["Storyshots","Helix Components/Helix Switch"],"failureMessages":[],"fullName":"Storyshots Helix Components/Helix Switch Sample Helix Switch","location":null,"status":"passed","title":"Sample Helix Switch"},{"ancestorTitles":["Storyshots","Helix Components/Helix Table"],"failureMessages":[],"fullName":"Storyshots Helix Components/Helix Table Sample Helix Table","location":null,"status":"passed","title":"Sample Helix Table"},{"ancestorTitles":["Storyshots","Helix Components/Helix Table Card"],"failureMessages":[],"fullName":"Storyshots Helix Components/Helix Table Card Sample Helix Table Card","location":null,"status":"passed","title":"Sample Helix Table Card"},{"ancestorTitles":["Storyshots","Helix Components/Helix Table Generic"],"failureMessages":[],"fullName":"Storyshots Helix Components/Helix Table Generic Sample Helix Table Generic","location":null,"status":"passed","title":"Sample Helix Table Generic"},{"ancestorTitles":["Storyshots","Helix Components/Helix Table with Collapsible Row"],"failureMessages":[],"fullName":"Storyshots Helix Components/Helix Table with Collapsible Row Sample Helix Table With Collapsible Row","location":null,"status":"passed","title":"Sample Helix Table With Collapsible Row"},{"ancestorTitles":["Storyshots","Helix Components/Helix Text Field"],"failureMessages":[],"fullName":"Storyshots Helix Components/Helix Text Field Sample Helix Text Field","location":null,"status":"passed","title":"Sample Helix Text Field"},{"ancestorTitles":["Storyshots","Helix Components/Helix Vertical Tab with Tab Panel"],"failureMessages":["TypeError: Cannot read property 'offsetHeight' of null\n    at setMeasurements (/mnt/c/Users/Raymond/Desktop/helixcp-workspace/regulatory-dashboard/packages/library/node_modules/@material-ui/core/Tabs/ScrollbarSize.js:42:47)\n    at /mnt/c/Users/Raymond/Desktop/helixcp-workspace/regulatory-dashboard/packages/library/node_modules/@material-ui/core/Tabs/ScrollbarSize.js:61:5\n    at invokePassiveEffectCreate (/mnt/c/Users/Raymond/Desktop/helixcp-workspace/regulatory-dashboard/packages/library/node_modules/react-test-renderer/cjs/react-test-renderer.development.js:2252:1045)\n    at HTMLUnknownElement.callCallback (/mnt/c/Users/Raymond/Desktop/helixcp-workspace/regulatory-dashboard/packages/library/node_modules/react-test-renderer/cjs/react-test-renderer.development.js:1672:119)\n    at HTMLUnknownElement.callTheUserObjectsOperation (/mnt/c/Users/Raymond/Desktop/helixcp-workspace/regulatory-dashboard/packages/library/node_modules/jsdom/lib/jsdom/living/generated/EventListener.js:26:30)\n    at innerInvokeEventListeners (/mnt/c/Users/Raymond/Desktop/helixcp-workspace/regulatory-dashboard/packages/library/node_modules/jsdom/lib/jsdom/living/events/EventTarget-impl.js:318:25)\n    at invokeEventListeners (/mnt/c/Users/Raymond/Desktop/helixcp-workspace/regulatory-dashboard/packages/library/node_modules/jsdom/lib/jsdom/living/events/EventTarget-impl.js:274:3)\n    at HTMLUnknownElementImpl._dispatch (/mnt/c/Users/Raymond/Desktop/helixcp-workspace/regulatory-dashboard/packages/library/node_modules/jsdom/lib/jsdom/living/events/EventTarget-impl.js:221:9)\n    at HTMLUnknownElementImpl.dispatchEvent (/mnt/c/Users/Raymond/Desktop/helixcp-workspace/regulatory-dashboard/packages/library/node_modules/jsdom/lib/jsdom/living/events/EventTarget-impl.js:94:17)\n    at HTMLUnknownElement.dispatchEvent (/mnt/c/Users/Raymond/Desktop/helixcp-workspace/regulatory-dashboard/packages/library/node_modules/jsdom/lib/jsdom/living/generated/EventTarget.js:231:34)\n    at Object.invokeGuardedCallbackDev (/mnt/c/Users/Raymond/Desktop/helixcp-workspace/regulatory-dashboard/packages/library/node_modules/react-test-renderer/cjs/react-test-renderer.development.js:1692:45)\n    at invokeGuardedCallback (/mnt/c/Users/Raymond/Desktop/helixcp-workspace/regulatory-dashboard/packages/library/node_modules/react-test-renderer/cjs/react-test-renderer.development.js:1711:126)\n    at flushPassiveEffectsImpl (/mnt/c/Users/Raymond/Desktop/helixcp-workspace/regulatory-dashboard/packages/library/node_modules/react-test-renderer/cjs/react-test-renderer.development.js:2260:212)\n    at unstable_runWithPriority (/mnt/c/Users/Raymond/Desktop/helixcp-workspace/regulatory-dashboard/packages/library/node_modules/react-test-renderer/node_modules/scheduler/cjs/scheduler.development.js:651:16)\n    at runWithPriority (/mnt/c/Users/Raymond/Desktop/helixcp-workspace/regulatory-dashboard/packages/library/node_modules/react-test-renderer/cjs/react-test-renderer.development.js:317:1057)\n    at flushPassiveEffects (/mnt/c/Users/Raymond/Desktop/helixcp-workspace/regulatory-dashboard/packages/library/node_modules/react-test-renderer/cjs/react-test-renderer.development.js:2252:237)\n    at performSyncWorkOnRoot (/mnt/c/Users/Raymond/Desktop/helixcp-workspace/regulatory-dashboard/packages/library/node_modules/react-test-renderer/cjs/react-test-renderer.development.js:2043:155)\n    at /mnt/c/Users/Raymond/Desktop/helixcp-workspace/regulatory-dashboard/packages/library/node_modules/react-test-renderer/cjs/react-test-renderer.development.js:323:186\n    at unstable_runWithPriority (/mnt/c/Users/Raymond/Desktop/helixcp-workspace/regulatory-dashboard/packages/library/node_modules/react-test-renderer/node_modules/scheduler/cjs/scheduler.development.js:651:16)\n    at runWithPriority (/mnt/c/Users/Raymond/Desktop/helixcp-workspace/regulatory-dashboard/packages/library/node_modules/react-test-renderer/cjs/react-test-renderer.development.js:317:1057)\n    at flushSyncCallbackQueueImpl (/mnt/c/Users/Raymond/Desktop/helixcp-workspace/regulatory-dashboard/packages/library/node_modules/react-test-renderer/cjs/react-test-renderer.development.js:323:78)\n    at flushSyncCallbackQueue (/mnt/c/Users/Raymond/Desktop/helixcp-workspace/regulatory-dashboard/packages/library/node_modules/react-test-renderer/cjs/react-test-renderer.development.js:322:339)\n    at scheduleUpdateOnFiber (/mnt/c/Users/Raymond/Desktop/helixcp-workspace/regulatory-dashboard/packages/library/node_modules/react-test-renderer/cjs/react-test-renderer.development.js:1939:20)\n    at updateContainer (/mnt/c/Users/Raymond/Desktop/helixcp-workspace/regulatory-dashboard/packages/library/node_modules/react-test-renderer/cjs/react-test-renderer.development.js:2500:313)\n    at Object.unmount (/mnt/c/Users/Raymond/Desktop/helixcp-workspace/regulatory-dashboard/packages/library/node_modules/react-test-renderer/cjs/react-test-renderer.development.js:2541:641)\n    at match (/mnt/c/Users/Raymond/Desktop/helixcp-workspace/regulatory-dashboard/packages/library/node_modules/@storybook/addon-storyshots/dist/test-bodies.js:49:14)\n    at /mnt/c/Users/Raymond/Desktop/helixcp-workspace/regulatory-dashboard/packages/library/node_modules/@storybook/addon-storyshots/dist/test-bodies.js:57:12\n    at Object.<anonymous> (/mnt/c/Users/Raymond/Desktop/helixcp-workspace/regulatory-dashboard/packages/library/node_modules/@storybook/addon-storyshots/dist/api/snapshotsTestsTemplate.js:65:14)\n    at Object.asyncJestTest (/mnt/c/Users/Raymond/Desktop/helixcp-workspace/regulatory-dashboard/packages/library/node_modules/jest-jasmine2/build/jasmineAsyncInstall.js:106:37)\n    at /mnt/c/Users/Raymond/Desktop/helixcp-workspace/regulatory-dashboard/packages/library/node_modules/jest-jasmine2/build/queueRunner.js:45:12\n    at new Promise (<anonymous>)\n    at mapper (/mnt/c/Users/Raymond/Desktop/helixcp-workspace/regulatory-dashboard/packages/library/node_modules/jest-jasmine2/build/queueRunner.js:28:19)\n    at /mnt/c/Users/Raymond/Desktop/helixcp-workspace/regulatory-dashboard/packages/library/node_modules/jest-jasmine2/build/queueRunner.js:75:41\n    at processTicksAndRejections (internal/process/task_queues.js:93:5)"],"fullName":"Storyshots Helix Components/Helix Vertical Tab with Tab Panel Sample Helix Vertical Tab With Tab Panel","location":null,"status":"failed","title":"Sample Helix Vertical Tab With Tab Panel"},{"ancestorTitles":["Storyshots","MUIButton"],"failureMessages":[],"fullName":"Storyshots MUIButton Basic Button","location":null,"status":"passed","title":"Basic Button"},{"ancestorTitles":["Storyshots","MUIButton"],"failureMessages":[],"fullName":"Storyshots MUIButton Colored Button","location":null,"status":"passed","title":"Colored Button"},{"ancestorTitles":["Storyshots","MUIButton"],"failureMessages":[],"fullName":"Storyshots MUIButton Disabled Button","location":null,"status":"passed","title":"Disabled Button"},{"ancestorTitles":["Storyshots","Helix Components/Notification"],"failureMessages":[],"fullName":"Storyshots Helix Components/Notification Sample Notification","location":null,"status":"passed","title":"Sample Notification"}],"endTime":1609376829629,"message":"\u001b[1m\u001b[31m  \u001b[1m● \u001b[22m\u001b[1mStoryshots › Helix Components/Helix Vertical Tab with Tab Panel › Sample Helix Vertical Tab With Tab Panel\u001b[39m\u001b[22m\n\n    TypeError: Cannot read property 'offsetHeight' of null\n\u001b[2m\u001b[22m\n\u001b[2m      \u001b[2mat setMeasurements (\u001b[22m\u001b[2mnode_modules/@material-ui/core/Tabs/ScrollbarSize.js\u001b[2m:42:47)\u001b[22m\u001b[2m\u001b[22m\n\u001b[2m      \u001b[2mat \u001b[22m\u001b[2mnode_modules/@material-ui/core/Tabs/ScrollbarSize.js\u001b[2m:61:5\u001b[22m\u001b[2m\u001b[22m\n\u001b[2m      \u001b[2mat invokePassiveEffectCreate (\u001b[22m\u001b[2mnode_modules/react-test-renderer/cjs/react-test-renderer.development.js\u001b[2m:2252:1045)\u001b[22m\u001b[2m\u001b[22m\n\u001b[2m      \u001b[2mat HTMLUnknownElement.callCallback (\u001b[22m\u001b[2mnode_modules/react-test-renderer/cjs/react-test-renderer.development.js\u001b[2m:1672:119)\u001b[22m\u001b[2m\u001b[22m\n\u001b[2m      \u001b[2mat HTMLUnknownElement.callTheUserObjectsOperation (\u001b[22m\u001b[2mnode_modules/jsdom/lib/jsdom/living/generated/EventListener.js\u001b[2m:26:30)\u001b[22m\u001b[2m\u001b[22m\n\u001b[2m      \u001b[2mat innerInvokeEventListeners (\u001b[22m\u001b[2mnode_modules/jsdom/lib/jsdom/living/events/EventTarget-impl.js\u001b[2m:318:25)\u001b[22m\u001b[2m\u001b[22m\n\u001b[2m      \u001b[2mat invokeEventListeners (\u001b[22m\u001b[2mnode_modules/jsdom/lib/jsdom/living/events/EventTarget-impl.js\u001b[2m:274:3)\u001b[22m\u001b[2m\u001b[22m\n\u001b[2m      \u001b[2mat HTMLUnknownElementImpl._dispatch (\u001b[22m\u001b[2mnode_modules/jsdom/lib/jsdom/living/events/EventTarget-impl.js\u001b[2m:221:9)\u001b[22m\u001b[2m\u001b[22m\n\u001b[2m      \u001b[2mat HTMLUnknownElementImpl.dispatchEvent (\u001b[22m\u001b[2mnode_modules/jsdom/lib/jsdom/living/events/EventTarget-impl.js\u001b[2m:94:17)\u001b[22m\u001b[2m\u001b[22m\n\u001b[2m      \u001b[2mat HTMLUnknownElement.dispatchEvent (\u001b[22m\u001b[2mnode_modules/jsdom/lib/jsdom/living/generated/EventTarget.js\u001b[2m:231:34)\u001b[22m\u001b[2m\u001b[22m\n\u001b[2m      \u001b[2mat Object.invokeGuardedCallbackDev (\u001b[22m\u001b[2mnode_modules/react-test-renderer/cjs/react-test-renderer.development.js\u001b[2m:1692:45)\u001b[22m\u001b[2m\u001b[22m\n\u001b[2m      \u001b[2mat invokeGuardedCallback (\u001b[22m\u001b[2mnode_modules/react-test-renderer/cjs/react-test-renderer.development.js\u001b[2m:1711:126)\u001b[22m\u001b[2m\u001b[22m\n\u001b[2m      \u001b[2mat flushPassiveEffectsImpl (\u001b[22m\u001b[2mnode_modules/react-test-renderer/cjs/react-test-renderer.development.js\u001b[2m:2260:212)\u001b[22m\u001b[2m\u001b[22m\n\u001b[2m      \u001b[2mat unstable_runWithPriority (\u001b[22m\u001b[2mnode_modules/react-test-renderer/node_modules/scheduler/cjs/scheduler.development.js\u001b[2m:651:16)\u001b[22m\u001b[2m\u001b[22m\n\u001b[2m      \u001b[2mat runWithPriority (\u001b[22m\u001b[2mnode_modules/react-test-renderer/cjs/react-test-renderer.development.js\u001b[2m:317:1057)\u001b[22m\u001b[2m\u001b[22m\n\u001b[2m      \u001b[2mat flushPassiveEffects (\u001b[22m\u001b[2mnode_modules/react-test-renderer/cjs/react-test-renderer.development.js\u001b[2m:2252:237)\u001b[22m\u001b[2m\u001b[22m\n\u001b[2m      \u001b[2mat performSyncWorkOnRoot (\u001b[22m\u001b[2mnode_modules/react-test-renderer/cjs/react-test-renderer.development.js\u001b[2m:2043:155)\u001b[22m\u001b[2m\u001b[22m\n\u001b[2m      \u001b[2mat \u001b[22m\u001b[2mnode_modules/react-test-renderer/cjs/react-test-renderer.development.js\u001b[2m:323:186\u001b[22m\u001b[2m\u001b[22m\n\u001b[2m      \u001b[2mat unstable_runWithPriority (\u001b[22m\u001b[2mnode_modules/react-test-renderer/node_modules/scheduler/cjs/scheduler.development.js\u001b[2m:651:16)\u001b[22m\u001b[2m\u001b[22m\n\u001b[2m      \u001b[2mat runWithPriority (\u001b[22m\u001b[2mnode_modules/react-test-renderer/cjs/react-test-renderer.development.js\u001b[2m:317:1057)\u001b[22m\u001b[2m\u001b[22m\n\u001b[2m      \u001b[2mat flushSyncCallbackQueueImpl (\u001b[22m\u001b[2mnode_modules/react-test-renderer/cjs/react-test-renderer.development.js\u001b[2m:323:78)\u001b[22m\u001b[2m\u001b[22m\n\u001b[2m      \u001b[2mat flushSyncCallbackQueue (\u001b[22m\u001b[2mnode_modules/react-test-renderer/cjs/react-test-renderer.development.js\u001b[2m:322:339)\u001b[22m\u001b[2m\u001b[22m\n\u001b[2m      \u001b[2mat scheduleUpdateOnFiber (\u001b[22m\u001b[2mnode_modules/react-test-renderer/cjs/react-test-renderer.development.js\u001b[2m:1939:20)\u001b[22m\u001b[2m\u001b[22m\n\u001b[2m      \u001b[2mat updateContainer (\u001b[22m\u001b[2mnode_modules/react-test-renderer/cjs/react-test-renderer.development.js\u001b[2m:2500:313)\u001b[22m\u001b[2m\u001b[22m\n\u001b[2m      \u001b[2mat Object.unmount (\u001b[22m\u001b[2mnode_modules/react-test-renderer/cjs/react-test-renderer.development.js\u001b[2m:2541:641)\u001b[22m\u001b[2m\u001b[22m\n\u001b[2m      \u001b[2mat match (\u001b[22m\u001b[2mnode_modules/@storybook/addon-storyshots/dist/test-bodies.js\u001b[2m:49:14)\u001b[22m\u001b[2m\u001b[22m\n\u001b[2m      \u001b[2mat \u001b[22m\u001b[2mnode_modules/@storybook/addon-storyshots/dist/test-bodies.js\u001b[2m:57:12\u001b[22m\u001b[2m\u001b[22m\n\u001b[2m      \u001b[2mat Object.<anonymous> (\u001b[22m\u001b[2mnode_modules/@storybook/addon-storyshots/dist/api/snapshotsTestsTemplate.js\u001b[2m:65:14)\u001b[22m\u001b[2m\u001b[22m\n","name":"/mnt/c/Users/Raymond/Desktop/helixcp-workspace/regulatory-dashboard/packages/library/storybook.test.js","startTime":1609376520409,"status":"failed","summary":""}],"wasInterrupted":false,"coverageMap":{"/mnt/c/Users/Raymond/Desktop/helixcp-workspace/regulatory-dashboard/packages/library/lib/components/HelixButton/index.js":{"path":"/mnt/c/Users/Raymond/Desktop/helixcp-workspace/regulatory-dashboard/packages/library/lib/components/HelixButton/index.js","statementMap":{"0":{"start":{"line":3,"column":0},"end":{"line":5,"column":3}},"1":{"start":{"line":6,"column":0},"end":{"line":6,"column":33}},"2":{"start":{"line":8,"column":13},"end":{"line":8,"column":53}},"3":{"start":{"line":10,"column":12},"end":{"line":10,"column":40}},"4":{"start":{"line":12,"column":39},"end":{"line":12,"column":95}},"5":{"start":{"line":14,"column":22},"end":{"line":14,"column":275}},"6":{"start":{"line":14,"column":70},"end":{"line":14,"column":257}},"7":{"start":{"line":14,"column":83},"end":{"line":14,"column":84}},"8":{"start":{"line":14,"column":128},"end":{"line":14,"column":140}},"9":{"start":{"line":14,"column":142},"end":{"line":14,"column":255}},"10":{"start":{"line":14,"column":168},"end":{"line":14,"column":253}},"11":{"start":{"line":14,"column":225},"end":{"line":14,"column":251}},"12":{"start":{"line":14,"column":258},"end":{"line":14,"column":272}},"13":{"start":{"line":14,"column":276},"end":{"line":14,"column":315}},"14":{"start":{"line":16,"column":54},"end":{"line":16,"column":84}},"15":{"start":{"line":16,"column":74},"end":{"line":16,"column":84}},"16":{"start":{"line":16,"column":98},"end":{"line":16,"column":145}},"17":{"start":{"line":16,"column":159},"end":{"line":16,"column":475}},"18":{"start":{"line":16,"column":218},"end":{"line":16,"column":254}},"19":{"start":{"line":16,"column":256},"end":{"line":16,"column":473}},"20":{"start":{"line":16,"column":304},"end":{"line":16,"column":330}},"21":{"start":{"line":16,"column":331},"end":{"line":16,"column":372}},"22":{"start":{"line":16,"column":363},"end":{"line":16,"column":372}},"23":{"start":{"line":16,"column":373},"end":{"line":16,"column":444}},"24":{"start":{"line":16,"column":435},"end":{"line":16,"column":444}},"25":{"start":{"line":16,"column":445},"end":{"line":16,"column":471}},"26":{"start":{"line":16,"column":476},"end":{"line":16,"column":490}},"27":{"start":{"line":18,"column":59},"end":{"line":18,"column":89}},"28":{"start":{"line":18,"column":79},"end":{"line":18,"column":89}},"29":{"start":{"line":18,"column":103},"end":{"line":18,"column":105}},"30":{"start":{"line":18,"column":124},"end":{"line":18,"column":143}},"31":{"start":{"line":18,"column":157},"end":{"line":18,"column":290}},"32":{"start":{"line":18,"column":199},"end":{"line":18,"column":219}},"33":{"start":{"line":18,"column":220},"end":{"line":18,"column":261}},"34":{"start":{"line":18,"column":252},"end":{"line":18,"column":261}},"35":{"start":{"line":18,"column":262},"end":{"line":18,"column":288}},"36":{"start":{"line":18,"column":291},"end":{"line":18,"column":305}},"37":{"start":{"line":20,"column":19},"end":{"line":29,"column":2}},"38":{"start":{"line":21,"column":2},"end":{"line":28,"column":4}},"39":{"start":{"line":41,"column":13},"end":{"line":41,"column":23}},"40":{"start":{"line":42,"column":13},"end":{"line":42,"column":23}},"41":{"start":{"line":43,"column":14},"end":{"line":43,"column":25}},"42":{"start":{"line":44,"column":16},"end":{"line":44,"column":29}},"43":{"start":{"line":45,"column":16},"end":{"line":45,"column":29}},"44":{"start":{"line":46,"column":14},"end":{"line":46,"column":94}},"45":{"start":{"line":48,"column":22},"end":{"line":48,"column":36}},"46":{"start":{"line":49,"column":2},"end":{"line":60,"column":12}}},"fnMap":{"0":{"name":"_interopRequireDefault","decl":{"start":{"line":12,"column":9},"end":{"line":12,"column":31}},"loc":{"start":{"line":12,"column":37},"end":{"line":12,"column":97}},"line":12},"1":{"name":"_extends","decl":{"start":{"line":14,"column":9},"end":{"line":14,"column":17}},"loc":{"start":{"line":14,"column":20},"end":{"line":14,"column":317}},"line":14},"2":{"name":"(anonymous_2)","decl":{"start":{"line":14,"column":50},"end":{"line":14,"column":51}},"loc":{"start":{"line":14,"column":68},"end":{"line":14,"column":274}},"line":14},"3":{"name":"_objectWithoutProperties","decl":{"start":{"line":16,"column":9},"end":{"line":16,"column":33}},"loc":{"start":{"line":16,"column":52},"end":{"line":16,"column":492}},"line":16},"4":{"name":"_objectWithoutPropertiesLoose","decl":{"start":{"line":18,"column":9},"end":{"line":18,"column":38}},"loc":{"start":{"line":18,"column":57},"end":{"line":18,"column":307}},"line":18},"5":{"name":"(anonymous_5)","decl":{"start":{"line":20,"column":41},"end":{"line":20,"column":42}},"loc":{"start":{"line":20,"column":58},"end":{"line":29,"column":1}},"line":20},"6":{"name":"HelixButton","decl":{"start":{"line":34,"column":9},"end":{"line":34,"column":20}},"loc":{"start":{"line":34,"column":28},"end":{"line":61,"column":1}},"line":34}},"branchMap":{"0":{"loc":{"start":{"line":12,"column":46},"end":{"line":12,"column":94}},"type":"cond-expr","locations":[{"start":{"line":12,"column":70},"end":{"line":12,"column":73}},{"start":{"line":12,"column":76},"end":{"line":12,"column":94}}],"line":12},"1":{"loc":{"start":{"line":12,"column":46},"end":{"line":12,"column":67}},"type":"binary-expr","locations":[{"start":{"line":12,"column":46},"end":{"line":12,"column":49}},{"start":{"line":12,"column":53},"end":{"line":12,"column":67}}],"line":12},"2":{"loc":{"start":{"line":14,"column":33},"end":{"line":14,"column":274}},"type":"binary-expr","locations":[{"start":{"line":14,"column":33},"end":{"line":14,"column":46}},{"start":{"line":14,"column":50},"end":{"line":14,"column":274}}],"line":14},"3":{"loc":{"start":{"line":14,"column":168},"end":{"line":14,"column":253}},"type":"if","locations":[{"start":{"line":14,"column":168},"end":{"line":14,"column":253}},{"start":{"line":14,"column":168},"end":{"line":14,"column":253}}],"line":14},"4":{"loc":{"start":{"line":16,"column":54},"end":{"line":16,"column":84}},"type":"if","locations":[{"start":{"line":16,"column":54},"end":{"line":16,"column":84}},{"start":{"line":16,"column":54},"end":{"line":16,"column":84}}],"line":16},"5":{"loc":{"start":{"line":16,"column":159},"end":{"line":16,"column":475}},"type":"if","locations":[{"start":{"line":16,"column":159},"end":{"line":16,"column":475}},{"start":{"line":16,"column":159},"end":{"line":16,"column":475}}],"line":16},"6":{"loc":{"start":{"line":16,"column":331},"end":{"line":16,"column":372}},"type":"if","locations":[{"start":{"line":16,"column":331},"end":{"line":16,"column":372}},{"start":{"line":16,"column":331},"end":{"line":16,"column":372}}],"line":16},"7":{"loc":{"start":{"line":16,"column":373},"end":{"line":16,"column":444}},"type":"if","locations":[{"start":{"line":16,"column":373},"end":{"line":16,"column":444}},{"start":{"line":16,"column":373},"end":{"line":16,"column":444}}],"line":16},"8":{"loc":{"start":{"line":18,"column":59},"end":{"line":18,"column":89}},"type":"if","locations":[{"start":{"line":18,"column":59},"end":{"line":18,"column":89}},{"start":{"line":18,"column":59},"end":{"line":18,"column":89}}],"line":18},"9":{"loc":{"start":{"line":18,"column":220},"end":{"line":18,"column":261}},"type":"if","locations":[{"start":{"line":18,"column":220},"end":{"line":18,"column":261}},{"start":{"line":18,"column":220},"end":{"line":18,"column":261}}],"line":18},"10":{"loc":{"start":{"line":51,"column":13},"end":{"line":51,"column":35}},"type":"binary-expr","locations":[{"start":{"line":51,"column":13},"end":{"line":51,"column":20}},{"start":{"line":51,"column":24},"end":{"line":51,"column":35}}],"line":51},"11":{"loc":{"start":{"line":52,"column":10},"end":{"line":52,"column":26}},"type":"binary-expr","locations":[{"start":{"line":52,"column":10},"end":{"line":52,"column":14}},{"start":{"line":52,"column":18},"end":{"line":52,"column":26}}],"line":52},"12":{"loc":{"start":{"line":53,"column":11},"end":{"line":53,"column":29}},"type":"binary-expr","locations":[{"start":{"line":53,"column":11},"end":{"line":53,"column":16}},{"start":{"line":53,"column":20},"end":{"line":53,"column":29}}],"line":53}},"s":{"0":1,"1":1,"2":1,"3":1,"4":1,"5":1,"6":0,"7":0,"8":0,"9":0,"10":0,"11":0,"12":0,"13":1,"14":2,"15":0,"16":2,"17":2,"18":2,"19":2,"20":0,"21":0,"22":0,"23":0,"24":0,"25":0,"26":2,"27":2,"28":0,"29":2,"30":2,"31":2,"32":2,"33":2,"34":2,"35":0,"36":2,"37":1,"38":2,"39":2,"40":2,"41":2,"42":2,"43":2,"44":2,"45":2,"46":2},"f":{"0":1,"1":1,"2":0,"3":2,"4":2,"5":2,"6":2},"b":{"0":[0,1],"1":[1,1],"2":[1,0],"3":[0,0],"4":[0,2],"5":[2,0],"6":[0,0],"7":[0,0],"8":[0,2],"9":[2,0],"10":[2,2],"11":[2,2],"12":[2,2]},"_coverageSchema":"1a1c01bbd47fc00a2c39e90264f33305004495a9","hash":"32f31c3fb08d7dda30765aee319dc9157c178366"},"/mnt/c/Users/Raymond/Desktop/helixcp-workspace/regulatory-dashboard/packages/library/src/components/HelixButton/index.js":{"path":"/mnt/c/Users/Raymond/Desktop/helixcp-workspace/regulatory-dashboard/packages/library/src/components/HelixButton/index.js","statementMap":{"0":{"start":{"line":4,"column":21},"end":{"line":11,"column":3}},"1":{"start":{"line":4,"column":44},"end":{"line":11,"column":1}},"2":{"start":{"line":24,"column":60},"end":{"line":24,"column":65}},"3":{"start":{"line":25,"column":24},"end":{"line":25,"column":38}},"4":{"start":{"line":27,"column":2},"end":{"line":39,"column":4}}},"fnMap":{"0":{"name":"(anonymous_0)","decl":{"start":{"line":4,"column":32},"end":{"line":4,"column":33}},"loc":{"start":{"line":4,"column":44},"end":{"line":11,"column":1}},"line":4},"1":{"name":"HelixButton","decl":{"start":{"line":17,"column":24},"end":{"line":17,"column":35}},"loc":{"start":{"line":17,"column":43},"end":{"line":40,"column":1}},"line":17}},"branchMap":{"0":{"loc":{"start":{"line":30,"column":15},"end":{"line":30,"column":37}},"type":"binary-expr","locations":[{"start":{"line":30,"column":15},"end":{"line":30,"column":22}},{"start":{"line":30,"column":26},"end":{"line":30,"column":37}}],"line":30},"1":{"loc":{"start":{"line":31,"column":12},"end":{"line":31,"column":28}},"type":"binary-expr","locations":[{"start":{"line":31,"column":12},"end":{"line":31,"column":16}},{"start":{"line":31,"column":20},"end":{"line":31,"column":28}}],"line":31},"2":{"loc":{"start":{"line":32,"column":13},"end":{"line":32,"column":31}},"type":"binary-expr","locations":[{"start":{"line":32,"column":13},"end":{"line":32,"column":18}},{"start":{"line":32,"column":22},"end":{"line":32,"column":31}}],"line":32}},"s":{"0":2,"1":5,"2":11,"3":11,"4":11},"f":{"0":5,"1":11},"b":{"0":[11,10],"1":[11,10],"2":[11,2]},"_coverageSchema":"1a1c01bbd47fc00a2c39e90264f33305004495a9","hash":"e85725d6b7616fba395a63b7a50a74cd2bb35128"},"/mnt/c/Users/Raymond/Desktop/helixcp-workspace/regulatory-dashboard/packages/library/.storybook/main.js":{"path":"/mnt/c/Users/Raymond/Desktop/helixcp-workspace/regulatory-dashboard/packages/library/.storybook/main.js","statementMap":{"0":{"start":{"line":1,"column":0},"end":{"line":10,"column":2}}},"fnMap":{},"branchMap":{},"s":{"0":1},"f":{},"b":{},"_coverageSchema":"1a1c01bbd47fc00a2c39e90264f33305004495a9","hash":"1daa4247b5ef6676bb91a58eb6863ba28fa73ed4"},"/mnt/c/Users/Raymond/Desktop/helixcp-workspace/regulatory-dashboard/packages/library/.storybook/preview.js":{"path":"/mnt/c/Users/Raymond/Desktop/helixcp-workspace/regulatory-dashboard/packages/library/.storybook/preview.js","statementMap":{"0":{"start":{"line":7,"column":26},"end":{"line":11,"column":1}},"1":{"start":{"line":13,"column":0},"end":{"line":17,"column":2}}},"fnMap":{},"branchMap":{},"s":{"0":1,"1":1},"f":{},"b":{},"_coverageSchema":"1a1c01bbd47fc00a2c39e90264f33305004495a9","hash":"348f5669479e652722ee8bc9335a93e5727c6cc6"},"/mnt/c/Users/Raymond/Desktop/helixcp-workspace/regulatory-dashboard/packages/library/src/themes/dark.js":{"path":"/mnt/c/Users/Raymond/Desktop/helixcp-workspace/regulatory-dashboard/packages/library/src/themes/dark.js","statementMap":{"0":{"start":{"line":4,"column":13},"end":{"line":14,"column":2}}},"fnMap":{},"branchMap":{},"s":{"0":1},"f":{},"b":{},"_coverageSchema":"1a1c01bbd47fc00a2c39e90264f33305004495a9","hash":"2e8808878ecb341032a1e785ee49c7a0b3f84ecb"},"/mnt/c/Users/Raymond/Desktop/helixcp-workspace/regulatory-dashboard/packages/library/src/themes/testTheme.js":{"path":"/mnt/c/Users/Raymond/Desktop/helixcp-workspace/regulatory-dashboard/packages/library/src/themes/testTheme.js","statementMap":{"0":{"start":{"line":9,"column":17},"end":{"line":26,"column":2}}},"fnMap":{},"branchMap":{},"s":{"0":1},"f":{},"b":{},"_coverageSchema":"1a1c01bbd47fc00a2c39e90264f33305004495a9","hash":"75d9f7041ffe7df3465e873304465c9f3ec30aa9"},"/mnt/c/Users/Raymond/Desktop/helixcp-workspace/regulatory-dashboard/packages/library/src/themes/ThemeSelector.js":{"path":"/mnt/c/Users/Raymond/Desktop/helixcp-workspace/regulatory-dashboard/packages/library/src/themes/ThemeSelector.js","statementMap":{"0":{"start":{"line":8,"column":15},"end":{"line":8,"column":49}},"1":{"start":{"line":9,"column":19},"end":{"line":9,"column":38}},"2":{"start":{"line":12,"column":16},"end":{"line":17,"column":3}},"3":{"start":{"line":19,"column":2},"end":{"line":23,"column":4}}},"fnMap":{"0":{"name":"(anonymous_0)","decl":{"start":{"line":11,"column":15},"end":{"line":11,"column":16}},"loc":{"start":{"line":11,"column":33},"end":{"line":24,"column":1}},"line":11}},"branchMap":{},"s":{"0":1,"1":1,"2":17,"3":17},"f":{"0":17},"b":{},"_coverageSchema":"1a1c01bbd47fc00a2c39e90264f33305004495a9","hash":"e44bf15fbd5fd14e5376993eec034b22a2f67092"},"/mnt/c/Users/Raymond/Desktop/helixcp-workspace/regulatory-dashboard/packages/library/src/components/ConfirmDialogModal/index.js":{"path":"/mnt/c/Users/Raymond/Desktop/helixcp-workspace/regulatory-dashboard/packages/library/src/components/ConfirmDialogModal/index.js","statementMap":{"0":{"start":{"line":7,"column":18},"end":{"line":19,"column":3}},"1":{"start":{"line":7,"column":39},"end":{"line":19,"column":1}},"2":{"start":{"line":37,"column":22},"end":{"line":61,"column":1}},"3":{"start":{"line":40,"column":45},"end":{"line":40,"column":50}},"4":{"start":{"line":43,"column":20},"end":{"line":43,"column":31}},"5":{"start":{"line":45,"column":4},"end":{"line":60,"column":5}},"6":{"start":{"line":56,"column":91},"end":{"line":56,"column":142}}},"fnMap":{"0":{"name":"(anonymous_0)","decl":{"start":{"line":7,"column":29},"end":{"line":7,"column":30}},"loc":{"start":{"line":7,"column":39},"end":{"line":19,"column":1}},"line":7},"1":{"name":"(anonymous_1)","decl":{"start":{"line":37,"column":22},"end":{"line":37,"column":23}},"loc":{"start":{"line":37,"column":31},"end":{"line":61,"column":1}},"line":37},"2":{"name":"(anonymous_2)","decl":{"start":{"line":56,"column":86},"end":{"line":56,"column":87}},"loc":{"start":{"line":56,"column":91},"end":{"line":56,"column":142}},"line":56}},"branchMap":{},"s":{"0":1,"1":2,"2":1,"3":3,"4":3,"5":3,"6":0},"f":{"0":2,"1":3,"2":0},"b":{},"_coverageSchema":"1a1c01bbd47fc00a2c39e90264f33305004495a9","hash":"75a42d2f6fe1fd95e58bc6eb182011ef61e652d8"},"/mnt/c/Users/Raymond/Desktop/helixcp-workspace/regulatory-dashboard/packages/library/src/stories/ConfirmDialogModal.stories.js":{"path":"/mnt/c/Users/Raymond/Desktop/helixcp-workspace/regulatory-dashboard/packages/library/src/stories/ConfirmDialogModal.stories.js","statementMap":{"0":{"start":{"line":15,"column":40},"end":{"line":50,"column":1}},"1":{"start":{"line":17,"column":46},"end":{"line":23,"column":10}},"2":{"start":{"line":25,"column":24},"end":{"line":31,"column":5}},"3":{"start":{"line":26,"column":8},"end":{"line":26,"column":37}},"4":{"start":{"line":27,"column":8},"end":{"line":30,"column":10}},"5":{"start":{"line":33,"column":4},"end":{"line":49,"column":5}},"6":{"start":{"line":39,"column":20},"end":{"line":43,"column":22}},"7":{"start":{"line":42,"column":40},"end":{"line":42,"column":53}},"8":{"start":{"line":55,"column":0},"end":{"line":59,"column":1}}},"fnMap":{"0":{"name":"(anonymous_0)","decl":{"start":{"line":15,"column":40},"end":{"line":15,"column":41}},"loc":{"start":{"line":15,"column":49},"end":{"line":50,"column":1}},"line":15},"1":{"name":"(anonymous_1)","decl":{"start":{"line":25,"column":24},"end":{"line":25,"column":25}},"loc":{"start":{"line":25,"column":30},"end":{"line":31,"column":5}},"line":25},"2":{"name":"(anonymous_2)","decl":{"start":{"line":38,"column":25},"end":{"line":38,"column":26}},"loc":{"start":{"line":38,"column":31},"end":{"line":44,"column":17}},"line":38},"3":{"name":"(anonymous_3)","decl":{"start":{"line":42,"column":35},"end":{"line":42,"column":36}},"loc":{"start":{"line":42,"column":39},"end":{"line":42,"column":54}},"line":42}},"branchMap":{},"s":{"0":1,"1":1,"2":1,"3":0,"4":0,"5":1,"6":0,"7":0,"8":1},"f":{"0":1,"1":0,"2":0,"3":0},"b":{},"_coverageSchema":"1a1c01bbd47fc00a2c39e90264f33305004495a9","hash":"ec48e28711c21695172daa0a09c15d939ac5c4d6"},"/mnt/c/Users/Raymond/Desktop/helixcp-workspace/regulatory-dashboard/packages/library/src/stories/HelixButton.stories.js":{"path":"/mnt/c/Users/Raymond/Desktop/helixcp-workspace/regulatory-dashboard/packages/library/src/stories/HelixButton.stories.js","statementMap":{"0":{"start":{"line":25,"column":33},"end":{"line":29,"column":1}},"1":{"start":{"line":26,"column":2},"end":{"line":28,"column":18}},"2":{"start":{"line":31,"column":0},"end":{"line":36,"column":2}},"3":{"start":{"line":38,"column":0},"end":{"line":40,"column":2}}},"fnMap":{"0":{"name":"(anonymous_0)","decl":{"start":{"line":25,"column":33},"end":{"line":25,"column":34}},"loc":{"start":{"line":26,"column":2},"end":{"line":28,"column":18}},"line":26}},"branchMap":{},"s":{"0":1,"1":1,"2":1,"3":1},"f":{"0":1},"b":{},"_coverageSchema":"1a1c01bbd47fc00a2c39e90264f33305004495a9","hash":"22dc788ac44da97d2f7fbe721eaed014cfc33919"},"/mnt/c/Users/Raymond/Desktop/helixcp-workspace/regulatory-dashboard/packages/library/src/components/Table/HelixTableSortFunc/index.js":{"path":"/mnt/c/Users/Raymond/Desktop/helixcp-workspace/regulatory-dashboard/packages/library/src/components/Table/HelixTableSortFunc/index.js","statementMap":{"0":{"start":{"line":8,"column":36},"end":{"line":16,"column":1}},"1":{"start":{"line":9,"column":2},"end":{"line":11,"column":3}},"2":{"start":{"line":10,"column":4},"end":{"line":10,"column":13}},"3":{"start":{"line":12,"column":2},"end":{"line":14,"column":3}},"4":{"start":{"line":13,"column":4},"end":{"line":13,"column":12}},"5":{"start":{"line":15,"column":2},"end":{"line":15,"column":10}},"6":{"start":{"line":22,"column":29},"end":{"line":26,"column":1}},"7":{"start":{"line":23,"column":2},"end":{"line":25,"column":68}},"8":{"start":{"line":24,"column":25},"end":{"line":24,"column":67}},"9":{"start":{"line":25,"column":25},"end":{"line":25,"column":68}},"10":{"start":{"line":33,"column":26},"end":{"line":40,"column":1}},"11":{"start":{"line":34,"column":25},"end":{"line":34,"column":66}},"12":{"start":{"line":34,"column":52},"end":{"line":34,"column":65}},"13":{"start":{"line":35,"column":2},"end":{"line":38,"column":4}},"14":{"start":{"line":36,"column":18},"end":{"line":36,"column":47}},"15":{"start":{"line":37,"column":4},"end":{"line":37,"column":16}},"16":{"start":{"line":39,"column":2},"end":{"line":39,"column":46}},"17":{"start":{"line":39,"column":38},"end":{"line":39,"column":45}}},"fnMap":{"0":{"name":"(anonymous_0)","decl":{"start":{"line":8,"column":36},"end":{"line":8,"column":37}},"loc":{"start":{"line":8,"column":62},"end":{"line":16,"column":1}},"line":8},"1":{"name":"(anonymous_1)","decl":{"start":{"line":22,"column":29},"end":{"line":22,"column":30}},"loc":{"start":{"line":22,"column":49},"end":{"line":26,"column":1}},"line":22},"2":{"name":"(anonymous_2)","decl":{"start":{"line":24,"column":8},"end":{"line":24,"column":9}},"loc":{"start":{"line":24,"column":25},"end":{"line":24,"column":67}},"line":24},"3":{"name":"(anonymous_3)","decl":{"start":{"line":25,"column":8},"end":{"line":25,"column":9}},"loc":{"start":{"line":25,"column":25},"end":{"line":25,"column":68}},"line":25},"4":{"name":"(anonymous_4)","decl":{"start":{"line":33,"column":26},"end":{"line":33,"column":27}},"loc":{"start":{"line":33,"column":49},"end":{"line":40,"column":1}},"line":33},"5":{"name":"(anonymous_5)","decl":{"start":{"line":34,"column":35},"end":{"line":34,"column":36}},"loc":{"start":{"line":34,"column":52},"end":{"line":34,"column":65}},"line":34},"6":{"name":"(anonymous_6)","decl":{"start":{"line":35,"column":22},"end":{"line":35,"column":23}},"loc":{"start":{"line":35,"column":39},"end":{"line":38,"column":3}},"line":35},"7":{"name":"(anonymous_7)","decl":{"start":{"line":39,"column":28},"end":{"line":39,"column":29}},"loc":{"start":{"line":39,"column":38},"end":{"line":39,"column":45}},"line":39}},"branchMap":{"0":{"loc":{"start":{"line":9,"column":2},"end":{"line":11,"column":3}},"type":"if","locations":[{"start":{"line":9,"column":2},"end":{"line":11,"column":3}},{"start":{"line":9,"column":2},"end":{"line":11,"column":3}}],"line":9},"1":{"loc":{"start":{"line":12,"column":2},"end":{"line":14,"column":3}},"type":"if","locations":[{"start":{"line":12,"column":2},"end":{"line":14,"column":3}},{"start":{"line":12,"column":2},"end":{"line":14,"column":3}}],"line":12},"2":{"loc":{"start":{"line":23,"column":9},"end":{"line":25,"column":68}},"type":"cond-expr","locations":[{"start":{"line":24,"column":8},"end":{"line":24,"column":67}},{"start":{"line":25,"column":8},"end":{"line":25,"column":68}}],"line":23}},"s":{"0":1,"1":10,"2":4,"3":6,"4":0,"5":6,"6":1,"7":4,"8":0,"9":10,"10":1,"11":4,"12":14,"13":4,"14":10,"15":10,"16":4,"17":14},"f":{"0":10,"1":4,"2":0,"3":10,"4":4,"5":14,"6":10,"7":14},"b":{"0":[4,6],"1":[0,6],"2":[0,4]},"_coverageSchema":"1a1c01bbd47fc00a2c39e90264f33305004495a9","hash":"3bda94927aa788c468df8c75e87e46002a0b1724"},"/mnt/c/Users/Raymond/Desktop/helixcp-workspace/regulatory-dashboard/packages/library/src/components/HelixCollectionList/index.js":{"path":"/mnt/c/Users/Raymond/Desktop/helixcp-workspace/regulatory-dashboard/packages/library/src/components/HelixCollectionList/index.js","statementMap":{"0":{"start":{"line":7,"column":34},"end":{"line":15,"column":3}},"1":{"start":{"line":7,"column":52},"end":{"line":15,"column":1}},"2":{"start":{"line":17,"column":28},"end":{"line":35,"column":1}},"3":{"start":{"line":19,"column":39},"end":{"line":19,"column":66}},"4":{"start":{"line":22,"column":29},"end":{"line":22,"column":113}},"5":{"start":{"line":24,"column":4},"end":{"line":34,"column":5}},"6":{"start":{"line":28,"column":16},"end":{"line":30,"column":31}},"7":{"start":{"line":37,"column":0},"end":{"line":49,"column":1}},"8":{"start":{"line":51,"column":0},"end":{"line":56,"column":1}}},"fnMap":{"0":{"name":"(anonymous_0)","decl":{"start":{"line":7,"column":45},"end":{"line":7,"column":46}},"loc":{"start":{"line":7,"column":52},"end":{"line":15,"column":1}},"line":7},"1":{"name":"(anonymous_1)","decl":{"start":{"line":17,"column":28},"end":{"line":17,"column":29}},"loc":{"start":{"line":17,"column":39},"end":{"line":35,"column":1}},"line":17},"2":{"name":"(anonymous_2)","decl":{"start":{"line":27,"column":34},"end":{"line":27,"column":35}},"loc":{"start":{"line":28,"column":16},"end":{"line":30,"column":31}},"line":28}},"branchMap":{},"s":{"0":1,"1":1,"2":1,"3":1,"4":1,"5":1,"6":6,"7":1,"8":1},"f":{"0":1,"1":1,"2":6},"b":{},"_coverageSchema":"1a1c01bbd47fc00a2c39e90264f33305004495a9","hash":"9171baf1dcfa2a60c3348817c53372804c8939cd"},"/mnt/c/Users/Raymond/Desktop/helixcp-workspace/regulatory-dashboard/packages/library/src/stories/HelixCollectionList.stories.js":{"path":"/mnt/c/Users/Raymond/Desktop/helixcp-workspace/regulatory-dashboard/packages/library/src/stories/HelixCollectionList.stories.js","statementMap":{"0":{"start":{"line":30,"column":41},"end":{"line":37,"column":1}},"1":{"start":{"line":31,"column":4},"end":{"line":36,"column":5}},"2":{"start":{"line":42,"column":0},"end":{"line":79,"column":1}},"3":{"start":{"line":44,"column":40},"end":{"line":44,"column":51}},"4":{"start":{"line":70,"column":8},"end":{"line":74,"column":9}},"5":{"start":{"line":76,"column":27},"end":{"line":76,"column":31}},"6":{"start":{"line":77,"column":31},"end":{"line":77,"column":35}},"7":{"start":{"line":78,"column":33},"end":{"line":78,"column":37}}},"fnMap":{"0":{"name":"(anonymous_0)","decl":{"start":{"line":30,"column":41},"end":{"line":30,"column":42}},"loc":{"start":{"line":30,"column":51},"end":{"line":37,"column":1}},"line":30},"1":{"name":"(anonymous_1)","decl":{"start":{"line":44,"column":28},"end":{"line":44,"column":29}},"loc":{"start":{"line":44,"column":38},"end":{"line":44,"column":53}},"line":44},"2":{"name":"(anonymous_2)","decl":{"start":{"line":69,"column":31},"end":{"line":69,"column":32}},"loc":{"start":{"line":69,"column":37},"end":{"line":75,"column":5}},"line":69},"3":{"name":"(anonymous_3)","decl":{"start":{"line":76,"column":21},"end":{"line":76,"column":22}},"loc":{"start":{"line":76,"column":27},"end":{"line":76,"column":31}},"line":76},"4":{"name":"(anonymous_4)","decl":{"start":{"line":77,"column":25},"end":{"line":77,"column":26}},"loc":{"start":{"line":77,"column":31},"end":{"line":77,"column":35}},"line":77},"5":{"name":"(anonymous_5)","decl":{"start":{"line":78,"column":27},"end":{"line":78,"column":28}},"loc":{"start":{"line":78,"column":33},"end":{"line":78,"column":37}},"line":78}},"branchMap":{},"s":{"0":1,"1":1,"2":1,"3":1,"4":6,"5":0,"6":0,"7":0},"f":{"0":1,"1":1,"2":6,"3":0,"4":0,"5":0},"b":{},"_coverageSchema":"1a1c01bbd47fc00a2c39e90264f33305004495a9","hash":"e2a8757aabab3606dffa9b420157c0f6df8e0491"},"/mnt/c/Users/Raymond/Desktop/helixcp-workspace/regulatory-dashboard/packages/library/src/components/HelixLinearProgress/index.js":{"path":"/mnt/c/Users/Raymond/Desktop/helixcp-workspace/regulatory-dashboard/packages/library/src/components/HelixLinearProgress/index.js","statementMap":{"0":{"start":{"line":7,"column":28},"end":{"line":20,"column":1}},"1":{"start":{"line":8,"column":4},"end":{"line":19,"column":5}},"2":{"start":{"line":22,"column":0},"end":{"line":24,"column":1}}},"fnMap":{"0":{"name":"(anonymous_0)","decl":{"start":{"line":7,"column":28},"end":{"line":7,"column":29}},"loc":{"start":{"line":7,"column":39},"end":{"line":20,"column":1}},"line":7}},"branchMap":{},"s":{"0":1,"1":1,"2":1},"f":{"0":1},"b":{},"_coverageSchema":"1a1c01bbd47fc00a2c39e90264f33305004495a9","hash":"4fd7a6dea9f6131226e7955a8c5323bc9e09ccb9"},"/mnt/c/Users/Raymond/Desktop/helixcp-workspace/regulatory-dashboard/packages/library/src/stories/HelixLinearProgress.stories.js":{"path":"/mnt/c/Users/Raymond/Desktop/helixcp-workspace/regulatory-dashboard/packages/library/src/stories/HelixLinearProgress.stories.js","statementMap":{"0":{"start":{"line":28,"column":41},"end":{"line":35,"column":1}},"1":{"start":{"line":29,"column":4},"end":{"line":34,"column":5}},"2":{"start":{"line":40,"column":0},"end":{"line":42,"column":1}}},"fnMap":{"0":{"name":"(anonymous_0)","decl":{"start":{"line":28,"column":41},"end":{"line":28,"column":42}},"loc":{"start":{"line":28,"column":51},"end":{"line":35,"column":1}},"line":28}},"branchMap":{},"s":{"0":1,"1":1,"2":1},"f":{"0":1},"b":{},"_coverageSchema":"1a1c01bbd47fc00a2c39e90264f33305004495a9","hash":"e6af34542a09c7252cea664bedfd14dff6dd0d12"},"/mnt/c/Users/Raymond/Desktop/helixcp-workspace/regulatory-dashboard/packages/library/src/components/HelixMenuIcon/index.js":{"path":"/mnt/c/Users/Raymond/Desktop/helixcp-workspace/regulatory-dashboard/packages/library/src/components/HelixMenuIcon/index.js","statementMap":{"0":{"start":{"line":6,"column":22},"end":{"line":104,"column":1}},"1":{"start":{"line":8,"column":26},"end":{"line":8,"column":41}},"2":{"start":{"line":11,"column":20},"end":{"line":11,"column":32}},"3":{"start":{"line":17,"column":23},"end":{"line":20,"column":3}},"4":{"start":{"line":18,"column":4},"end":{"line":18,"column":27}},"5":{"start":{"line":19,"column":4},"end":{"line":19,"column":36}},"6":{"start":{"line":19,"column":26},"end":{"line":19,"column":35}},"7":{"start":{"line":26,"column":22},"end":{"line":32,"column":3}},"8":{"start":{"line":27,"column":4},"end":{"line":29,"column":5}},"9":{"start":{"line":28,"column":6},"end":{"line":28,"column":12}},"10":{"start":{"line":31,"column":4},"end":{"line":31,"column":18}},"11":{"start":{"line":37,"column":29},"end":{"line":40,"column":3}},"12":{"start":{"line":38,"column":4},"end":{"line":38,"column":27}},"13":{"start":{"line":39,"column":4},"end":{"line":39,"column":42}},"14":{"start":{"line":45,"column":31},"end":{"line":48,"column":3}},"15":{"start":{"line":46,"column":4},"end":{"line":46,"column":27}},"16":{"start":{"line":47,"column":4},"end":{"line":47,"column":44}},"17":{"start":{"line":55,"column":4},"end":{"line":58,"column":5}},"18":{"start":{"line":56,"column":6},"end":{"line":56,"column":28}},"19":{"start":{"line":57,"column":6},"end":{"line":57,"column":20}},"20":{"start":{"line":62,"column":19},"end":{"line":62,"column":31}},"21":{"start":{"line":68,"column":2},"end":{"line":74,"column":12}},"22":{"start":{"line":69,"column":4},"end":{"line":71,"column":5}},"23":{"start":{"line":70,"column":6},"end":{"line":70,"column":31}},"24":{"start":{"line":73,"column":4},"end":{"line":73,"column":28}},"25":{"start":{"line":76,"column":2},"end":{"line":103,"column":3}},"26":{"start":{"line":88,"column":8},"end":{"line":99,"column":15}},"27":{"start":{"line":106,"column":0},"end":{"line":110,"column":1}}},"fnMap":{"0":{"name":"(anonymous_0)","decl":{"start":{"line":6,"column":22},"end":{"line":6,"column":23}},"loc":{"start":{"line":6,"column":33},"end":{"line":104,"column":1}},"line":6},"1":{"name":"(anonymous_1)","decl":{"start":{"line":17,"column":23},"end":{"line":17,"column":24}},"loc":{"start":{"line":17,"column":34},"end":{"line":20,"column":3}},"line":17},"2":{"name":"(anonymous_2)","decl":{"start":{"line":19,"column":12},"end":{"line":19,"column":13}},"loc":{"start":{"line":19,"column":26},"end":{"line":19,"column":35}},"line":19},"3":{"name":"(anonymous_3)","decl":{"start":{"line":26,"column":22},"end":{"line":26,"column":23}},"loc":{"start":{"line":26,"column":33},"end":{"line":32,"column":3}},"line":26},"4":{"name":"(anonymous_4)","decl":{"start":{"line":37,"column":29},"end":{"line":37,"column":30}},"loc":{"start":{"line":37,"column":40},"end":{"line":40,"column":3}},"line":37},"5":{"name":"(anonymous_5)","decl":{"start":{"line":45,"column":31},"end":{"line":45,"column":32}},"loc":{"start":{"line":45,"column":42},"end":{"line":48,"column":3}},"line":45},"6":{"name":"handleListKeyDown","decl":{"start":{"line":54,"column":11},"end":{"line":54,"column":28}},"loc":{"start":{"line":54,"column":36},"end":{"line":59,"column":3}},"line":54},"7":{"name":"(anonymous_7)","decl":{"start":{"line":68,"column":12},"end":{"line":68,"column":13}},"loc":{"start":{"line":68,"column":18},"end":{"line":74,"column":3}},"line":68},"8":{"name":"(anonymous_8)","decl":{"start":{"line":87,"column":7},"end":{"line":87,"column":8}},"loc":{"start":{"line":88,"column":8},"end":{"line":99,"column":15}},"line":88}},"branchMap":{"0":{"loc":{"start":{"line":27,"column":4},"end":{"line":29,"column":5}},"type":"if","locations":[{"start":{"line":27,"column":4},"end":{"line":29,"column":5}},{"start":{"line":27,"column":4},"end":{"line":29,"column":5}}],"line":27},"1":{"loc":{"start":{"line":27,"column":8},"end":{"line":27,"column":69}},"type":"binary-expr","locations":[{"start":{"line":27,"column":8},"end":{"line":27,"column":25}},{"start":{"line":27,"column":29},"end":{"line":27,"column":69}}],"line":27},"2":{"loc":{"start":{"line":55,"column":4},"end":{"line":58,"column":5}},"type":"if","locations":[{"start":{"line":55,"column":4},"end":{"line":58,"column":5}},{"start":{"line":55,"column":4},"end":{"line":58,"column":5}}],"line":55},"3":{"loc":{"start":{"line":69,"column":4},"end":{"line":71,"column":5}},"type":"if","locations":[{"start":{"line":69,"column":4},"end":{"line":71,"column":5}},{"start":{"line":69,"column":4},"end":{"line":71,"column":5}}],"line":69},"4":{"loc":{"start":{"line":69,"column":8},"end":{"line":69,"column":51}},"type":"binary-expr","locations":[{"start":{"line":69,"column":8},"end":{"line":69,"column":33}},{"start":{"line":69,"column":37},"end":{"line":69,"column":51}}],"line":69},"5":{"loc":{"start":{"line":80,"column":21},"end":{"line":80,"column":56}},"type":"cond-expr","locations":[{"start":{"line":80,"column":28},"end":{"line":80,"column":44}},{"start":{"line":80,"column":47},"end":{"line":80,"column":56}}],"line":80},"6":{"loc":{"start":{"line":90,"column":36},"end":{"line":90,"column":91}},"type":"cond-expr","locations":[{"start":{"line":90,"column":61},"end":{"line":90,"column":73}},{"start":{"line":90,"column":76},"end":{"line":90,"column":91}}],"line":90}},"s":{"0":1,"1":1,"2":1,"3":1,"4":0,"5":0,"6":0,"7":1,"8":0,"9":0,"10":0,"11":1,"12":0,"13":0,"14":1,"15":0,"16":0,"17":0,"18":0,"19":0,"20":1,"21":1,"22":1,"23":0,"24":1,"25":1,"26":0,"27":1},"f":{"0":1,"1":0,"2":0,"3":0,"4":0,"5":0,"6":0,"7":1,"8":0},"b":{"0":[0,0],"1":[0,0],"2":[0,0],"3":[0,1],"4":[1,0],"5":[0,1],"6":[0,0]},"_coverageSchema":"1a1c01bbd47fc00a2c39e90264f33305004495a9","hash":"6b9d1aaee5f77f586b9b52ca1ed425c61ad77c5c"},"/mnt/c/Users/Raymond/Desktop/helixcp-workspace/regulatory-dashboard/packages/library/src/stories/HelixMenuIcon.stories.js":{"path":"/mnt/c/Users/Raymond/Desktop/helixcp-workspace/regulatory-dashboard/packages/library/src/stories/HelixMenuIcon.stories.js","statementMap":{"0":{"start":{"line":32,"column":35},"end":{"line":39,"column":1}},"1":{"start":{"line":33,"column":4},"end":{"line":38,"column":5}},"2":{"start":{"line":44,"column":0},"end":{"line":65,"column":1}},"3":{"start":{"line":46,"column":8},"end":{"line":61,"column":9}},"4":{"start":{"line":63,"column":30},"end":{"line":63,"column":34}},"5":{"start":{"line":64,"column":32},"end":{"line":64,"column":36}}},"fnMap":{"0":{"name":"(anonymous_0)","decl":{"start":{"line":32,"column":35},"end":{"line":32,"column":36}},"loc":{"start":{"line":32,"column":45},"end":{"line":39,"column":1}},"line":32},"1":{"name":"(anonymous_1)","decl":{"start":{"line":45,"column":31},"end":{"line":45,"column":32}},"loc":{"start":{"line":45,"column":37},"end":{"line":62,"column":5}},"line":45},"2":{"name":"(anonymous_2)","decl":{"start":{"line":63,"column":24},"end":{"line":63,"column":25}},"loc":{"start":{"line":63,"column":30},"end":{"line":63,"column":34}},"line":63},"3":{"name":"(anonymous_3)","decl":{"start":{"line":64,"column":26},"end":{"line":64,"column":27}},"loc":{"start":{"line":64,"column":32},"end":{"line":64,"column":36}},"line":64}},"branchMap":{},"s":{"0":1,"1":1,"2":1,"3":0,"4":0,"5":0},"f":{"0":1,"1":0,"2":0,"3":0},"b":{},"_coverageSchema":"1a1c01bbd47fc00a2c39e90264f33305004495a9","hash":"329206d20d8c927274db7e41324ec6e2e88ca105"},"/mnt/c/Users/Raymond/Desktop/helixcp-workspace/regulatory-dashboard/packages/library/src/components/HelixPageHeader/index.js":{"path":"/mnt/c/Users/Raymond/Desktop/helixcp-workspace/regulatory-dashboard/packages/library/src/components/HelixPageHeader/index.js","statementMap":{"0":{"start":{"line":4,"column":21},"end":{"line":24,"column":3}},"1":{"start":{"line":4,"column":44},"end":{"line":24,"column":1}},"2":{"start":{"line":35,"column":24},"end":{"line":35,"column":38}},"3":{"start":{"line":36,"column":36},"end":{"line":36,"column":41}},"4":{"start":{"line":38,"column":2},"end":{"line":52,"column":3}}},"fnMap":{"0":{"name":"(anonymous_0)","decl":{"start":{"line":4,"column":32},"end":{"line":4,"column":33}},"loc":{"start":{"line":4,"column":44},"end":{"line":24,"column":1}},"line":4},"1":{"name":"PageHeader","decl":{"start":{"line":29,"column":24},"end":{"line":29,"column":34}},"loc":{"start":{"line":29,"column":42},"end":{"line":53,"column":1}},"line":29}},"branchMap":{},"s":{"0":1,"1":1,"2":1,"3":1,"4":1},"f":{"0":1,"1":1},"b":{},"_coverageSchema":"1a1c01bbd47fc00a2c39e90264f33305004495a9","hash":"3f49aa523d9af7d3553d10c6b8c9c1b302d979a3"},"/mnt/c/Users/Raymond/Desktop/helixcp-workspace/regulatory-dashboard/packages/library/src/stories/HelixPageHeader.stories.js":{"path":"/mnt/c/Users/Raymond/Desktop/helixcp-workspace/regulatory-dashboard/packages/library/src/stories/HelixPageHeader.stories.js","statementMap":{"0":{"start":{"line":26,"column":37},"end":{"line":30,"column":1}},"1":{"start":{"line":27,"column":2},"end":{"line":29,"column":18}},"2":{"start":{"line":32,"column":0},"end":{"line":36,"column":1}}},"fnMap":{"0":{"name":"(anonymous_0)","decl":{"start":{"line":26,"column":37},"end":{"line":26,"column":38}},"loc":{"start":{"line":27,"column":2},"end":{"line":29,"column":18}},"line":27}},"branchMap":{},"s":{"0":1,"1":1,"2":1},"f":{"0":1},"b":{},"_coverageSchema":"1a1c01bbd47fc00a2c39e90264f33305004495a9","hash":"4c694a435086a0da5bba6c809be7eab166ab1c0b"},"/mnt/c/Users/Raymond/Desktop/helixcp-workspace/regulatory-dashboard/packages/library/src/components/HelixSwitch/index.js":{"path":"/mnt/c/Users/Raymond/Desktop/helixcp-workspace/regulatory-dashboard/packages/library/src/components/HelixSwitch/index.js","statementMap":{"0":{"start":{"line":6,"column":26},"end":{"line":41,"column":5}},"1":{"start":{"line":6,"column":49},"end":{"line":41,"column":3}},"2":{"start":{"line":43,"column":20},"end":{"line":61,"column":1}},"3":{"start":{"line":45,"column":31},"end":{"line":45,"column":50}},"4":{"start":{"line":47,"column":4},"end":{"line":60,"column":5}}},"fnMap":{"0":{"name":"(anonymous_0)","decl":{"start":{"line":6,"column":37},"end":{"line":6,"column":38}},"loc":{"start":{"line":6,"column":49},"end":{"line":41,"column":3}},"line":6},"1":{"name":"(anonymous_1)","decl":{"start":{"line":43,"column":20},"end":{"line":43,"column":21}},"loc":{"start":{"line":43,"column":31},"end":{"line":61,"column":1}},"line":43}},"branchMap":{},"s":{"0":1,"1":1,"2":1,"3":1,"4":1},"f":{"0":1,"1":1},"b":{},"_coverageSchema":"1a1c01bbd47fc00a2c39e90264f33305004495a9","hash":"eab4ae4c0a61bf71fe0eda9fe6b6395d11cc9c9c"},"/mnt/c/Users/Raymond/Desktop/helixcp-workspace/regulatory-dashboard/packages/library/src/stories/HelixSwitch.stories.js":{"path":"/mnt/c/Users/Raymond/Desktop/helixcp-workspace/regulatory-dashboard/packages/library/src/stories/HelixSwitch.stories.js","statementMap":{"0":{"start":{"line":28,"column":33},"end":{"line":35,"column":1}},"1":{"start":{"line":29,"column":4},"end":{"line":34,"column":5}},"2":{"start":{"line":40,"column":0},"end":{"line":40,"column":27}}},"fnMap":{"0":{"name":"(anonymous_0)","decl":{"start":{"line":28,"column":33},"end":{"line":28,"column":34}},"loc":{"start":{"line":28,"column":43},"end":{"line":35,"column":1}},"line":28}},"branchMap":{},"s":{"0":1,"1":1,"2":1},"f":{"0":1},"b":{},"_coverageSchema":"1a1c01bbd47fc00a2c39e90264f33305004495a9","hash":"3578bb8a0424bac5a218bad9522b977da2e4191f"},"/mnt/c/Users/Raymond/Desktop/helixcp-workspace/regulatory-dashboard/packages/library/src/components/Table/HelixTableHead/index.js":{"path":"/mnt/c/Users/Raymond/Desktop/helixcp-workspace/regulatory-dashboard/packages/library/src/components/Table/HelixTableHead/index.js","statementMap":{"0":{"start":{"line":6,"column":29},"end":{"line":21,"column":3}},"1":{"start":{"line":6,"column":47},"end":{"line":21,"column":1}},"2":{"start":{"line":33,"column":23},"end":{"line":101,"column":1}},"3":{"start":{"line":35,"column":32},"end":{"line":35,"column":54}},"4":{"start":{"line":41,"column":28},"end":{"line":43,"column":3}},"5":{"start":{"line":41,"column":40},"end":{"line":43,"column":3}},"6":{"start":{"line":42,"column":4},"end":{"line":42,"column":43}},"7":{"start":{"line":48,"column":19},"end":{"line":50,"column":3}},"8":{"start":{"line":49,"column":4},"end":{"line":49,"column":54}},"9":{"start":{"line":55,"column":27},"end":{"line":57,"column":3}},"10":{"start":{"line":56,"column":4},"end":{"line":56,"column":70}},"11":{"start":{"line":64,"column":31},"end":{"line":81,"column":3}},"12":{"start":{"line":65,"column":4},"end":{"line":80,"column":5}},"13":{"start":{"line":83,"column":2},"end":{"line":100,"column":3}},"14":{"start":{"line":87,"column":10},"end":{"line":96,"column":11}},"15":{"start":{"line":103,"column":0},"end":{"line":111,"column":1}},"16":{"start":{"line":113,"column":0},"end":{"line":117,"column":1}}},"fnMap":{"0":{"name":"(anonymous_0)","decl":{"start":{"line":6,"column":40},"end":{"line":6,"column":41}},"loc":{"start":{"line":6,"column":47},"end":{"line":21,"column":1}},"line":6},"1":{"name":"(anonymous_1)","decl":{"start":{"line":33,"column":23},"end":{"line":33,"column":24}},"loc":{"start":{"line":33,"column":121},"end":{"line":101,"column":1}},"line":33},"2":{"name":"(anonymous_2)","decl":{"start":{"line":41,"column":28},"end":{"line":41,"column":29}},"loc":{"start":{"line":41,"column":40},"end":{"line":43,"column":3}},"line":41},"3":{"name":"(anonymous_3)","decl":{"start":{"line":41,"column":40},"end":{"line":41,"column":41}},"loc":{"start":{"line":41,"column":46},"end":{"line":43,"column":3}},"line":41},"4":{"name":"(anonymous_4)","decl":{"start":{"line":48,"column":19},"end":{"line":48,"column":20}},"loc":{"start":{"line":48,"column":40},"end":{"line":50,"column":3}},"line":48},"5":{"name":"(anonymous_5)","decl":{"start":{"line":55,"column":27},"end":{"line":55,"column":28}},"loc":{"start":{"line":55,"column":55},"end":{"line":57,"column":3}},"line":55},"6":{"name":"(anonymous_6)","decl":{"start":{"line":64,"column":31},"end":{"line":64,"column":32}},"loc":{"start":{"line":64,"column":43},"end":{"line":81,"column":3}},"line":64},"7":{"name":"(anonymous_7)","decl":{"start":{"line":86,"column":21},"end":{"line":86,"column":22}},"loc":{"start":{"line":86,"column":46},"end":{"line":97,"column":11}},"line":86}},"branchMap":{"0":{"loc":{"start":{"line":56,"column":11},"end":{"line":56,"column":70}},"type":"cond-expr","locations":[{"start":{"line":56,"column":57},"end":{"line":56,"column":62}},{"start":{"line":56,"column":65},"end":{"line":56,"column":70}}],"line":56},"1":{"loc":{"start":{"line":66,"column":6},"end":{"line":79,"column":20}},"type":"cond-expr","locations":[{"start":{"line":66,"column":24},"end":{"line":78,"column":23}},{"start":{"line":79,"column":8},"end":{"line":79,"column":20}}],"line":66},"2":{"loc":{"start":{"line":73,"column":9},"end":{"line":77,"column":16}},"type":"cond-expr","locations":[{"start":{"line":74,"column":8},"end":{"line":76,"column":15}},{"start":{"line":77,"column":12},"end":{"line":77,"column":16}}],"line":73},"3":{"loc":{"start":{"line":75,"column":11},"end":{"line":75,"column":70}},"type":"cond-expr","locations":[{"start":{"line":75,"column":30},"end":{"line":75,"column":49}},{"start":{"line":75,"column":52},"end":{"line":75,"column":70}}],"line":75},"4":{"loc":{"start":{"line":89,"column":15},"end":{"line":89,"column":96}},"type":"cond-expr","locations":[{"start":{"line":89,"column":57},"end":{"line":89,"column":88}},{"start":{"line":89,"column":92},"end":{"line":89,"column":96}}],"line":89},"5":{"loc":{"start":{"line":89,"column":16},"end":{"line":89,"column":53}},"type":"binary-expr","locations":[{"start":{"line":89,"column":16},"end":{"line":89,"column":33}},{"start":{"line":89,"column":37},"end":{"line":89,"column":53}}],"line":89},"6":{"loc":{"start":{"line":92,"column":29},"end":{"line":92,"column":88}},"type":"cond-expr","locations":[{"start":{"line":92,"column":75},"end":{"line":92,"column":80}},{"start":{"line":92,"column":83},"end":{"line":92,"column":88}}],"line":92},"7":{"loc":{"start":{"line":93,"column":17},"end":{"line":93,"column":75}},"type":"cond-expr","locations":[{"start":{"line":93,"column":32},"end":{"line":93,"column":60}},{"start":{"line":93,"column":63},"end":{"line":93,"column":75}}],"line":93}},"s":{"0":1,"1":2,"2":1,"3":2,"4":2,"5":13,"6":0,"7":2,"8":13,"9":2,"10":13,"11":2,"12":13,"13":2,"14":13,"15":1,"16":1},"f":{"0":2,"1":2,"2":13,"3":0,"4":13,"5":13,"6":13,"7":13},"b":{"0":[2,11],"1":[13,0],"2":[2,11],"3":[0,2],"4":[1,12],"5":[13,2],"6":[2,11],"7":[13,0]},"_coverageSchema":"1a1c01bbd47fc00a2c39e90264f33305004495a9","hash":"36207c8739495d687855ba51f9f01757f8d8297a"},"/mnt/c/Users/Raymond/Desktop/helixcp-workspace/regulatory-dashboard/packages/library/src/components/Table/HelixTableBody/index.js":{"path":"/mnt/c/Users/Raymond/Desktop/helixcp-workspace/regulatory-dashboard/packages/library/src/components/Table/HelixTableBody/index.js","statementMap":{"0":{"start":{"line":22,"column":23},"end":{"line":67,"column":1}},"1":{"start":{"line":27,"column":22},"end":{"line":30,"column":83}},"2":{"start":{"line":33,"column":19},"end":{"line":33,"column":51}},"3":{"start":{"line":35,"column":26},"end":{"line":62,"column":3}},"4":{"start":{"line":36,"column":4},"end":{"line":61,"column":5}},"5":{"start":{"line":37,"column":6},"end":{"line":43,"column":7}},"6":{"start":{"line":40,"column":12},"end":{"line":40,"column":87}},"7":{"start":{"line":45,"column":6},"end":{"line":60,"column":7}},"8":{"start":{"line":48,"column":12},"end":{"line":56,"column":13}},"9":{"start":{"line":51,"column":18},"end":{"line":53,"column":19}},"10":{"start":{"line":64,"column":2},"end":{"line":66,"column":3}},"11":{"start":{"line":69,"column":0},"end":{"line":83,"column":1}},"12":{"start":{"line":85,"column":0},"end":{"line":91,"column":1}}},"fnMap":{"0":{"name":"(anonymous_0)","decl":{"start":{"line":22,"column":23},"end":{"line":22,"column":24}},"loc":{"start":{"line":22,"column":222},"end":{"line":67,"column":1}},"line":22},"1":{"name":"(anonymous_1)","decl":{"start":{"line":35,"column":26},"end":{"line":35,"column":27}},"loc":{"start":{"line":35,"column":32},"end":{"line":62,"column":3}},"line":35},"2":{"name":"(anonymous_2)","decl":{"start":{"line":39,"column":24},"end":{"line":39,"column":25}},"loc":{"start":{"line":39,"column":43},"end":{"line":41,"column":11}},"line":39},"3":{"name":"(anonymous_3)","decl":{"start":{"line":47,"column":22},"end":{"line":47,"column":23}},"loc":{"start":{"line":47,"column":41},"end":{"line":57,"column":11}},"line":47},"4":{"name":"(anonymous_4)","decl":{"start":{"line":50,"column":29},"end":{"line":50,"column":30}},"loc":{"start":{"line":50,"column":54},"end":{"line":54,"column":17}},"line":50}},"branchMap":{"0":{"loc":{"start":{"line":27,"column":22},"end":{"line":30,"column":83}},"type":"cond-expr","locations":[{"start":{"line":28,"column":6},"end":{"line":29,"column":64}},{"start":{"line":30,"column":6},"end":{"line":30,"column":83}}],"line":27},"1":{"loc":{"start":{"line":33,"column":19},"end":{"line":33,"column":51}},"type":"cond-expr","locations":[{"start":{"line":33,"column":34},"end":{"line":33,"column":44}},{"start":{"line":33,"column":47},"end":{"line":33,"column":51}}],"line":33},"2":{"loc":{"start":{"line":36,"column":4},"end":{"line":61,"column":5}},"type":"if","locations":[{"start":{"line":36,"column":4},"end":{"line":61,"column":5}},{"start":{"line":36,"column":4},"end":{"line":61,"column":5}}],"line":36}},"s":{"0":1,"1":2,"2":2,"3":2,"4":2,"5":1,"6":3,"7":1,"8":3,"9":27,"10":2,"11":1,"12":1},"f":{"0":2,"1":2,"2":3,"3":3,"4":27},"b":{"0":[2,0],"1":[2,0],"2":[1,1]},"_coverageSchema":"1a1c01bbd47fc00a2c39e90264f33305004495a9","hash":"2c408819c6abe42d4e92f81101bb31c4143861dc"},"/mnt/c/Users/Raymond/Desktop/helixcp-workspace/regulatory-dashboard/packages/library/src/components/Table/HelixTablePaginationActions/index.js":{"path":"/mnt/c/Users/Raymond/Desktop/helixcp-workspace/regulatory-dashboard/packages/library/src/components/Table/HelixTablePaginationActions/index.js","statementMap":{"0":{"start":{"line":11,"column":37},"end":{"line":16,"column":3}},"1":{"start":{"line":11,"column":55},"end":{"line":16,"column":1}},"2":{"start":{"line":25,"column":36},"end":{"line":89,"column":1}},"3":{"start":{"line":27,"column":40},"end":{"line":27,"column":70}},"4":{"start":{"line":32,"column":37},"end":{"line":34,"column":3}},"5":{"start":{"line":33,"column":4},"end":{"line":33,"column":19}},"6":{"start":{"line":39,"column":32},"end":{"line":41,"column":3}},"7":{"start":{"line":40,"column":4},"end":{"line":40,"column":26}},"8":{"start":{"line":46,"column":32},"end":{"line":48,"column":3}},"9":{"start":{"line":47,"column":4},"end":{"line":47,"column":26}},"10":{"start":{"line":53,"column":36},"end":{"line":55,"column":3}},"11":{"start":{"line":54,"column":4},"end":{"line":54,"column":65}},"12":{"start":{"line":57,"column":2},"end":{"line":88,"column":3}},"13":{"start":{"line":91,"column":0},"end":{"line":96,"column":1}}},"fnMap":{"0":{"name":"(anonymous_0)","decl":{"start":{"line":11,"column":48},"end":{"line":11,"column":49}},"loc":{"start":{"line":11,"column":55},"end":{"line":16,"column":1}},"line":11},"1":{"name":"(anonymous_1)","decl":{"start":{"line":25,"column":36},"end":{"line":25,"column":37}},"loc":{"start":{"line":25,"column":84},"end":{"line":89,"column":1}},"line":25},"2":{"name":"(anonymous_2)","decl":{"start":{"line":32,"column":37},"end":{"line":32,"column":38}},"loc":{"start":{"line":32,"column":43},"end":{"line":34,"column":3}},"line":32},"3":{"name":"(anonymous_3)","decl":{"start":{"line":39,"column":32},"end":{"line":39,"column":33}},"loc":{"start":{"line":39,"column":38},"end":{"line":41,"column":3}},"line":39},"4":{"name":"(anonymous_4)","decl":{"start":{"line":46,"column":32},"end":{"line":46,"column":33}},"loc":{"start":{"line":46,"column":38},"end":{"line":48,"column":3}},"line":46},"5":{"name":"(anonymous_5)","decl":{"start":{"line":53,"column":36},"end":{"line":53,"column":37}},"loc":{"start":{"line":53,"column":42},"end":{"line":55,"column":3}},"line":53}},"branchMap":{},"s":{"0":1,"1":3,"2":1,"3":3,"4":3,"5":0,"6":3,"7":0,"8":3,"9":0,"10":3,"11":0,"12":3,"13":1},"f":{"0":3,"1":3,"2":0,"3":0,"4":0,"5":0},"b":{},"_coverageSchema":"1a1c01bbd47fc00a2c39e90264f33305004495a9","hash":"70eac6d3aabe65706369cd78e2c004d281ae4b01"},"/mnt/c/Users/Raymond/Desktop/helixcp-workspace/regulatory-dashboard/packages/library/src/components/Table/HelixTablePagination/index.js":{"path":"/mnt/c/Users/Raymond/Desktop/helixcp-workspace/regulatory-dashboard/packages/library/src/components/Table/HelixTablePagination/index.js","statementMap":{"0":{"start":{"line":15,"column":29},"end":{"line":32,"column":1}},"1":{"start":{"line":16,"column":2},"end":{"line":31,"column":3}},"2":{"start":{"line":34,"column":0},"end":{"line":41,"column":1}}},"fnMap":{"0":{"name":"(anonymous_0)","decl":{"start":{"line":15,"column":29},"end":{"line":15,"column":30}},"loc":{"start":{"line":15,"column":114},"end":{"line":32,"column":1}},"line":15}},"branchMap":{},"s":{"0":1,"1":3,"2":1},"f":{"0":3},"b":{},"_coverageSchema":"1a1c01bbd47fc00a2c39e90264f33305004495a9","hash":"a6abcd1eeb07c95b6e483882ef5c43fc6139213f"},"/mnt/c/Users/Raymond/Desktop/helixcp-workspace/regulatory-dashboard/packages/library/src/components/Table/HelixTableFooter/index.js":{"path":"/mnt/c/Users/Raymond/Desktop/helixcp-workspace/regulatory-dashboard/packages/library/src/components/Table/HelixTableFooter/index.js","statementMap":{"0":{"start":{"line":15,"column":25},"end":{"line":31,"column":1}},"1":{"start":{"line":16,"column":4},"end":{"line":30,"column":5}},"2":{"start":{"line":33,"column":0},"end":{"line":41,"column":1}},"3":{"start":{"line":43,"column":0},"end":{"line":45,"column":1}}},"fnMap":{"0":{"name":"(anonymous_0)","decl":{"start":{"line":15,"column":25},"end":{"line":15,"column":26}},"loc":{"start":{"line":15,"column":128},"end":{"line":31,"column":1}},"line":15}},"branchMap":{"0":{"loc":{"start":{"line":19,"column":17},"end":{"line":19,"column":56}},"type":"cond-expr","locations":[{"start":{"line":19,"column":36},"end":{"line":19,"column":49}},{"start":{"line":19,"column":52},"end":{"line":19,"column":56}}],"line":19}},"s":{"0":1,"1":3,"2":1,"3":1},"f":{"0":3},"b":{"0":[1,2]},"_coverageSchema":"1a1c01bbd47fc00a2c39e90264f33305004495a9","hash":"95ec873fe06072a7f31298be9dc6d9ca79fc221b"},"/mnt/c/Users/Raymond/Desktop/helixcp-workspace/regulatory-dashboard/packages/library/src/components/HelixTextField/index.js":{"path":"/mnt/c/Users/Raymond/Desktop/helixcp-workspace/regulatory-dashboard/packages/library/src/components/HelixTextField/index.js","statementMap":{"0":{"start":{"line":8,"column":23},"end":{"line":35,"column":1}},"1":{"start":{"line":23,"column":8},"end":{"line":23,"column":13}},"2":{"start":{"line":25,"column":2},"end":{"line":34,"column":3}}},"fnMap":{"0":{"name":"(anonymous_0)","decl":{"start":{"line":8,"column":23},"end":{"line":8,"column":24}},"loc":{"start":{"line":8,"column":34},"end":{"line":35,"column":1}},"line":8}},"branchMap":{},"s":{"0":1,"1":4,"2":4},"f":{"0":4},"b":{},"_coverageSchema":"1a1c01bbd47fc00a2c39e90264f33305004495a9","hash":"b49eb90e2a55a4166b99c855a002b6c22fab3220"},"/mnt/c/Users/Raymond/Desktop/helixcp-workspace/regulatory-dashboard/packages/library/src/components/Table/HelixToolBarSearch/index.js":{"path":"/mnt/c/Users/Raymond/Desktop/helixcp-workspace/regulatory-dashboard/packages/library/src/components/Table/HelixToolBarSearch/index.js","statementMap":{"0":{"start":{"line":8,"column":33},"end":{"line":12,"column":3}},"1":{"start":{"line":8,"column":51},"end":{"line":12,"column":1}},"2":{"start":{"line":18,"column":27},"end":{"line":39,"column":1}},"3":{"start":{"line":20,"column":36},"end":{"line":20,"column":62}},"4":{"start":{"line":22,"column":4},"end":{"line":38,"column":5}},"5":{"start":{"line":41,"column":0},"end":{"line":44,"column":1}}},"fnMap":{"0":{"name":"(anonymous_0)","decl":{"start":{"line":8,"column":44},"end":{"line":8,"column":45}},"loc":{"start":{"line":8,"column":51},"end":{"line":12,"column":1}},"line":8},"1":{"name":"(anonymous_1)","decl":{"start":{"line":18,"column":27},"end":{"line":18,"column":28}},"loc":{"start":{"line":18,"column":64},"end":{"line":39,"column":1}},"line":18}},"branchMap":{},"s":{"0":1,"1":2,"2":1,"3":2,"4":2,"5":1},"f":{"0":2,"1":2},"b":{},"_coverageSchema":"1a1c01bbd47fc00a2c39e90264f33305004495a9","hash":"6955e0822d385b95fb539b78bb801ea939115a4d"},"/mnt/c/Users/Raymond/Desktop/helixcp-workspace/regulatory-dashboard/packages/library/src/components/Table/HelixTable/index.js":{"path":"/mnt/c/Users/Raymond/Desktop/helixcp-workspace/regulatory-dashboard/packages/library/src/components/Table/HelixTable/index.js","statementMap":{"0":{"start":{"line":11,"column":25},"end":{"line":52,"column":3}},"1":{"start":{"line":11,"column":43},"end":{"line":52,"column":1}},"2":{"start":{"line":68,"column":19},"end":{"line":183,"column":1}},"3":{"start":{"line":81,"column":28},"end":{"line":81,"column":46}},"4":{"start":{"line":84,"column":26},"end":{"line":84,"column":37}},"5":{"start":{"line":87,"column":40},"end":{"line":87,"column":51}},"6":{"start":{"line":93,"column":27},"end":{"line":95,"column":3}},"7":{"start":{"line":94,"column":4},"end":{"line":94,"column":20}},"8":{"start":{"line":101,"column":34},"end":{"line":104,"column":3}},"9":{"start":{"line":102,"column":4},"end":{"line":102,"column":52}},"10":{"start":{"line":103,"column":4},"end":{"line":103,"column":14}},"11":{"start":{"line":107,"column":28},"end":{"line":107,"column":43}},"12":{"start":{"line":110,"column":32},"end":{"line":110,"column":56}},"13":{"start":{"line":115,"column":17},"end":{"line":119,"column":3}},"14":{"start":{"line":116,"column":18},"end":{"line":116,"column":57}},"15":{"start":{"line":117,"column":4},"end":{"line":117,"column":36}},"16":{"start":{"line":118,"column":4},"end":{"line":118,"column":24}},"17":{"start":{"line":122,"column":42},"end":{"line":122,"column":97}},"18":{"start":{"line":122,"column":82},"end":{"line":122,"column":93}},"19":{"start":{"line":128,"column":19},"end":{"line":158,"column":3}},"20":{"start":{"line":129,"column":22},"end":{"line":129,"column":34}},"21":{"start":{"line":130,"column":4},"end":{"line":157,"column":6}},"22":{"start":{"line":131,"column":8},"end":{"line":155,"column":11}},"23":{"start":{"line":131,"column":26},"end":{"line":131,"column":37}},"24":{"start":{"line":133,"column":10},"end":{"line":155,"column":11}},"25":{"start":{"line":134,"column":13},"end":{"line":153,"column":19}},"26":{"start":{"line":135,"column":37},"end":{"line":135,"column":52}},"27":{"start":{"line":136,"column":14},"end":{"line":140,"column":15}},"28":{"start":{"line":137,"column":16},"end":{"line":139,"column":46}},"29":{"start":{"line":141,"column":14},"end":{"line":149,"column":15}},"30":{"start":{"line":142,"column":38},"end":{"line":144,"column":22}},"31":{"start":{"line":143,"column":18},"end":{"line":143,"column":52}},"32":{"start":{"line":145,"column":16},"end":{"line":145,"column":80}},"33":{"start":{"line":147,"column":16},"end":{"line":147,"column":48}},"34":{"start":{"line":148,"column":16},"end":{"line":148,"column":28}},"35":{"start":{"line":160,"column":2},"end":{"line":182,"column":3}},"36":{"start":{"line":185,"column":0},"end":{"line":196,"column":1}},"37":{"start":{"line":198,"column":0},"end":{"line":203,"column":1}},"38":{"start":{"line":202,"column":27},"end":{"line":202,"column":31}}},"fnMap":{"0":{"name":"(anonymous_0)","decl":{"start":{"line":11,"column":36},"end":{"line":11,"column":37}},"loc":{"start":{"line":11,"column":43},"end":{"line":52,"column":1}},"line":11},"1":{"name":"(anonymous_1)","decl":{"start":{"line":68,"column":19},"end":{"line":68,"column":20}},"loc":{"start":{"line":79,"column":8},"end":{"line":183,"column":1}},"line":79},"2":{"name":"(anonymous_2)","decl":{"start":{"line":93,"column":27},"end":{"line":93,"column":28}},"loc":{"start":{"line":93,"column":40},"end":{"line":95,"column":3}},"line":93},"3":{"name":"(anonymous_3)","decl":{"start":{"line":101,"column":34},"end":{"line":101,"column":35}},"loc":{"start":{"line":101,"column":45},"end":{"line":104,"column":3}},"line":101},"4":{"name":"(anonymous_4)","decl":{"start":{"line":115,"column":17},"end":{"line":115,"column":18}},"loc":{"start":{"line":115,"column":31},"end":{"line":119,"column":3}},"line":115},"5":{"name":"(anonymous_5)","decl":{"start":{"line":122,"column":61},"end":{"line":122,"column":62}},"loc":{"start":{"line":122,"column":80},"end":{"line":122,"column":95}},"line":122},"6":{"name":"(anonymous_6)","decl":{"start":{"line":128,"column":19},"end":{"line":128,"column":20}},"loc":{"start":{"line":128,"column":30},"end":{"line":158,"column":3}},"line":128},"7":{"name":"(anonymous_7)","decl":{"start":{"line":130,"column":30},"end":{"line":130,"column":31}},"loc":{"start":{"line":130,"column":49},"end":{"line":156,"column":7}},"line":130},"8":{"name":"(anonymous_8)","decl":{"start":{"line":133,"column":29},"end":{"line":133,"column":30}},"loc":{"start":{"line":134,"column":13},"end":{"line":153,"column":19}},"line":134},"9":{"name":"(anonymous_9)","decl":{"start":{"line":134,"column":28},"end":{"line":134,"column":29}},"loc":{"start":{"line":134,"column":40},"end":{"line":150,"column":13}},"line":134},"10":{"name":"(anonymous_10)","decl":{"start":{"line":142,"column":65},"end":{"line":142,"column":66}},"loc":{"start":{"line":142,"column":84},"end":{"line":144,"column":17}},"line":142},"11":{"name":"(anonymous_11)","decl":{"start":{"line":202,"column":21},"end":{"line":202,"column":22}},"loc":{"start":{"line":202,"column":27},"end":{"line":202,"column":31}},"line":202}},"branchMap":{"0":{"loc":{"start":{"line":116,"column":18},"end":{"line":116,"column":57}},"type":"binary-expr","locations":[{"start":{"line":116,"column":18},"end":{"line":116,"column":38}},{"start":{"line":116,"column":42},"end":{"line":116,"column":57}}],"line":116},"1":{"loc":{"start":{"line":117,"column":13},"end":{"line":117,"column":35}},"type":"cond-expr","locations":[{"start":{"line":117,"column":21},"end":{"line":117,"column":27}},{"start":{"line":117,"column":30},"end":{"line":117,"column":35}}],"line":117},"2":{"loc":{"start":{"line":131,"column":8},"end":{"line":155,"column":11}},"type":"if","locations":[{"start":{"line":131,"column":8},"end":{"line":155,"column":11}},{"start":{"line":131,"column":8},"end":{"line":155,"column":11}}],"line":131},"3":{"loc":{"start":{"line":134,"column":13},"end":{"line":153,"column":19}},"type":"cond-expr","locations":[{"start":{"line":152,"column":14},"end":{"line":152,"column":18}},{"start":{"line":153,"column":14},"end":{"line":153,"column":19}}],"line":134},"4":{"loc":{"start":{"line":136,"column":14},"end":{"line":140,"column":15}},"type":"if","locations":[{"start":{"line":136,"column":14},"end":{"line":140,"column":15}},{"start":{"line":136,"column":14},"end":{"line":140,"column":15}}],"line":136},"5":{"loc":{"start":{"line":162,"column":5},"end":{"line":179,"column":23}},"type":"cond-expr","locations":[{"start":{"line":163,"column":6},"end":{"line":172,"column":9}},{"start":{"line":174,"column":6},"end":{"line":179,"column":23}}],"line":162}},"s":{"0":1,"1":2,"2":1,"3":2,"4":2,"5":2,"6":2,"7":0,"8":2,"9":0,"10":0,"11":2,"12":2,"13":2,"14":0,"15":0,"16":0,"17":2,"18":2,"19":2,"20":0,"21":0,"22":0,"23":0,"24":0,"25":0,"26":0,"27":0,"28":0,"29":0,"30":0,"31":0,"32":0,"33":0,"34":0,"35":2,"36":1,"37":1,"38":0},"f":{"0":2,"1":2,"2":0,"3":0,"4":0,"5":2,"6":0,"7":0,"8":0,"9":0,"10":0,"11":0},"b":{"0":[0,0],"1":[0,0],"2":[0,0],"3":[0,0],"4":[0,0],"5":[2,0]},"_coverageSchema":"1a1c01bbd47fc00a2c39e90264f33305004495a9","hash":"2286ebc7fbfef62e325080481927324f04e41eec"},"/mnt/c/Users/Raymond/Desktop/helixcp-workspace/regulatory-dashboard/packages/library/src/components/Table/HelixTableCell/index.js":{"path":"/mnt/c/Users/Raymond/Desktop/helixcp-workspace/regulatory-dashboard/packages/library/src/components/Table/HelixTableCell/index.js","statementMap":{"0":{"start":{"line":12,"column":29},"end":{"line":98,"column":3}},"1":{"start":{"line":12,"column":47},"end":{"line":98,"column":1}},"2":{"start":{"line":115,"column":23},"end":{"line":339,"column":1}},"3":{"start":{"line":136,"column":28},"end":{"line":136,"column":55}},"4":{"start":{"line":137,"column":52},"end":{"line":137,"column":91}},"5":{"start":{"line":138,"column":40},"end":{"line":138,"column":54}},"6":{"start":{"line":139,"column":40},"end":{"line":139,"column":55}},"7":{"start":{"line":142,"column":32},"end":{"line":142,"column":54}},"8":{"start":{"line":145,"column":28},"end":{"line":147,"column":3}},"9":{"start":{"line":146,"column":4},"end":{"line":146,"column":28}},"10":{"start":{"line":151,"column":27},"end":{"line":157,"column":3}},"11":{"start":{"line":152,"column":4},"end":{"line":152,"column":23}},"12":{"start":{"line":153,"column":4},"end":{"line":153,"column":24}},"13":{"start":{"line":154,"column":4},"end":{"line":154,"column":31}},"14":{"start":{"line":155,"column":4},"end":{"line":155,"column":24}},"15":{"start":{"line":156,"column":4},"end":{"line":156,"column":108}},"16":{"start":{
[...]
umn":13},"end":{"line":193,"column":19}},"type":"cond-expr","locations":[{"start":{"line":192,"column":14},"end":{"line":192,"column":18}},{"start":{"line":193,"column":14},"end":{"line":193,"column":19}}],"line":174},"4":{"loc":{"start":{"line":176,"column":14},"end":{"line":180,"column":15}},"type":"if","locations":[{"start":{"line":176,"column":14},"end":{"line":180,"column":15}},{"start":{"line":176,"column":14},"end":{"line":180,"column":15}}],"line":176},"5":{"loc":{"start":{"line":273,"column":21},"end":{"line":273,"column":93}},"type":"binary-expr","locations":[{"start":{"line":273,"column":21},"end":{"line":273,"column":45}},{"start":{"line":273,"column":49},"end":{"line":273,"column":77}},{"start":{"line":273,"column":81},"end":{"line":273,"column":93}}],"line":273},"6":{"loc":{"start":{"line":305,"column":7},"end":{"line":305,"column":92}},"type":"cond-expr","locations":[{"start":{"line":305,"column":20},"end":{"line":305,"column":85}},{"start":{"line":305,"column":88},"end":{"line":305,"column":92}}],"line":305},"7":{"loc":{"start":{"line":306,"column":8},"end":{"line":306,"column":98}},"type":"cond-expr","locations":[{"start":{"line":306,"column":24},"end":{"line":306,"column":91}},{"start":{"line":306,"column":94},"end":{"line":306,"column":98}}],"line":306}},"s":{"0":1,"1":1,"2":1,"3":1,"4":1,"5":1,"6":1,"7":1,"8":1,"9":1,"10":1,"11":1,"12":1,"13":1,"14":1,"15":0,"16":1,"17":0,"18":0,"19":1,"20":0,"21":0,"22":0,"23":1,"24":0,"25":0,"26":0,"27":0,"28":0,"29":0,"30":0,"31":0,"32":0,"33":0,"34":0,"35":0,"36":0,"37":0,"38":0,"39":1,"40":0,"41":1,"42":0,"43":1,"44":0,"45":1,"46":0,"47":1,"48":0,"49":1,"50":0,"51":1,"52":8,"53":8,"54":2,"55":0,"56":0,"57":8,"58":1,"59":20,"60":1,"61":2,"62":1,"63":1,"64":1,"65":1,"66":1},"f":{"0":1,"1":1,"2":1,"3":0,"4":0,"5":0,"6":0,"7":0,"8":0,"9":0,"10":0,"11":0,"12":0,"13":0,"14":0,"15":0,"16":0,"17":8,"18":2,"19":0,"20":0,"21":20,"22":2,"23":1},"b":{"0":[0,0],"1":[0,0],"2":[0,0],"3":[0,0],"4":[0,0],"5":[8,6,4],"6":[1,0],"7":[1,0]},"_coverageSchema":"1a1c01bbd47fc00a2c39e90264f33305004495a9","hash":"f70fa87c55a14c8f428f1137f78942491788ea60"},"/mnt/c/Users/Raymond/Desktop/helixcp-workspace/regulatory-dashboard/packages/library/src/stories/HelixTableGeneric.stories.js":{"path":"/mnt/c/Users/Raymond/Desktop/helixcp-workspace/regulatory-dashboard/packages/library/src/stories/HelixTableGeneric.stories.js","statementMap":{"0":{"start":{"line":25,"column":23},"end":{"line":40,"column":1}},"1":{"start":{"line":41,"column":25},"end":{"line":41,"column":78}},"2":{"start":{"line":43,"column":27},"end":{"line":49,"column":2}},"3":{"start":{"line":44,"column":2},"end":{"line":48,"column":4}},"4":{"start":{"line":54,"column":39},"end":{"line":72,"column":1}},"5":{"start":{"line":57,"column":26},"end":{"line":57,"column":57}},"6":{"start":{"line":59,"column":32},"end":{"line":59,"column":66}},"7":{"start":{"line":61,"column":2},"end":{"line":71,"column":3}},"8":{"start":{"line":77,"column":0},"end":{"line":87,"column":1}}},"fnMap":{"0":{"name":"(anonymous_0)","decl":{"start":{"line":43,"column":48},"end":{"line":43,"column":49}},"loc":{"start":{"line":43,"column":55},"end":{"line":49,"column":1}},"line":43},"1":{"name":"(anonymous_1)","decl":{"start":{"line":54,"column":39},"end":{"line":54,"column":40}},"loc":{"start":{"line":54,"column":49},"end":{"line":72,"column":1}},"line":54}},"branchMap":{},"s":{"0":1,"1":1,"2":1,"3":5,"4":1,"5":1,"6":1,"7":1,"8":1},"f":{"0":5,"1":1},"b":{},"_coverageSchema":"1a1c01bbd47fc00a2c39e90264f33305004495a9","hash":"365ae406d7434c38c4389cb8b198c58845cecc81"},"/mnt/c/Users/Raymond/Desktop/helixcp-workspace/regulatory-dashboard/packages/library/src/components/Table/HelixCollapsibleRow/index.js":{"path":"/mnt/c/Users/Raymond/Desktop/helixcp-workspace/regulatory-dashboard/packages/library/src/components/Table/HelixCollapsibleRow/index.js","statementMap":{"0":{"start":{"line":8,"column":34},"end":{"line":64,"column":2}},"1":{"start":{"line":80,"column":139},"end":{"line":80,"column":144}},"2":{"start":{"line":83,"column":26},"end":{"line":83,"column":41}},"3":{"start":{"line":86,"column":37},"end":{"line":86,"column":64}},"4":{"start":{"line":88,"column":2},"end":{"line":131,"column":4}},"5":{"start":{"line":92,"column":74},"end":{"line":92,"column":88}},"6":{"start":{"line":97,"column":10},"end":{"line":99,"column":11}},"7":{"start":{"line":113,"column":24},"end":{"line":113,"column":87}},"8":{"start":{"line":120,"column":24},"end":{"line":120,"column":74}},"9":{"start":{"line":134,"column":0},"end":{"line":143,"column":1}},"10":{"start":{"line":145,"column":0},"end":{"line":148,"column":1}},"11":{"start":{"line":147,"column":28},"end":{"line":147,"column":32}}},"fnMap":{"0":{"name":"HelixCollapsibleRow","decl":{"start":{"line":69,"column":9},"end":{"line":69,"column":28}},"loc":{"start":{"line":69,"column":36},"end":{"line":132,"column":1}},"line":69},"1":{"name":"(anonymous_1)","decl":{"start":{"line":92,"column":68},"end":{"line":92,"column":69}},"loc":{"start":{"line":92,"column":74},"end":{"line":92,"column":88}},"line":92},"2":{"name":"(anonymous_2)","decl":{"start":{"line":96,"column":21},"end":{"line":96,"column":22}},"loc":{"start":{"line":96,"column":46},"end":{"line":100,"column":9}},"line":96},"3":{"name":"(anonymous_3)","decl":{"start":{"line":112,"column":49},"end":{"line":112,"column":50}},"loc":{"start":{"line":112,"column":74},"end":{"line":114,"column":23}},"line":112},"4":{"name":"(anonymous_4)","decl":{"start":{"line":119,"column":46},"end":{"line":119,"column":47}},"loc":{"start":{"line":119,"column":65},"end":{"line":121,"column":23}},"line":119},"5":{"name":"(anonymous_5)","decl":{"start":{"line":147,"column":22},"end":{"line":147,"column":23}},"loc":{"start":{"line":147,"column":28},"end":{"line":147,"column":32}},"line":147}},"branchMap":{"0":{"loc":{"start":{"line":93,"column":13},"end":{"line":93,"column":71}},"type":"cond-expr","locations":[{"start":{"line":93,"column":20},"end":{"line":93,"column":43}},{"start":{"line":93,"column":46},"end":{"line":93,"column":71}}],"line":93},"1":{"loc":{"start":{"line":106,"column":17},"end":{"line":124,"column":24}},"type":"cond-expr","locations":[{"start":{"line":107,"column":16},"end":{"line":107,"column":105}},{"start":{"line":109,"column":16},"end":{"line":124,"column":24}}],"line":106}},"s":{"0":1,"1":3,"2":3,"3":3,"4":3,"5":0,"6":12,"7":15,"8":15,"9":1,"10":1,"11":0},"f":{"0":3,"1":0,"2":12,"3":15,"4":15,"5":0},"b":{"0":[0,3],"1":[0,3]},"_coverageSchema":"1a1c01bbd47fc00a2c39e90264f33305004495a9","hash":"b66f5be47b41a80366e99dd929c179709918a707"},"/mnt/c/Users/Raymond/Desktop/helixcp-workspace/regulatory-dashboard/packages/library/src/stories/HelixTableWithCollapsibleRow.stories.js":{"path":"/mnt/c/Users/Raymond/Desktop/helixcp-workspace/regulatory-dashboard/packages/library/src/stories/HelixTableWithCollapsibleRow.stories.js","statementMap":{"0":{"start":{"line":28,"column":16},"end":{"line":54,"column":1}},"1":{"start":{"line":57,"column":13},"end":{"line":94,"column":1}},"2":{"start":{"line":97,"column":23},"end":{"line":97,"column":34}},"3":{"start":{"line":104,"column":27},"end":{"line":108,"column":1}},"4":{"start":{"line":105,"column":4},"end":{"line":107,"column":5}},"5":{"start":{"line":116,"column":35},"end":{"line":136,"column":1}},"6":{"start":{"line":122,"column":39},"end":{"line":122,"column":115}},"7":{"start":{"line":123,"column":31},"end":{"line":123,"column":111}},"8":{"start":{"line":124,"column":4},"end":{"line":135,"column":5}},"9":{"start":{"line":145,"column":25},"end":{"line":150,"column":1}},"10":{"start":{"line":146,"column":27},"end":{"line":146,"column":42}},"11":{"start":{"line":147,"column":4},"end":{"line":149,"column":5}},"12":{"start":{"line":156,"column":32},"end":{"line":156,"column":59}},"13":{"start":{"line":156,"column":44},"end":{"line":156,"column":59}},"14":{"start":{"line":162,"column":29},"end":{"line":162,"column":51}},"15":{"start":{"line":162,"column":38},"end":{"line":162,"column":51}},"16":{"start":{"line":165,"column":31},"end":{"line":165,"column":41}},"17":{"start":{"line":165,"column":37},"end":{"line":165,"column":41}},"18":{"start":{"line":170,"column":50},"end":{"line":177,"column":1}},"19":{"start":{"line":171,"column":4},"end":{"line":176,"column":5}},"20":{"start":{"line":182,"column":0},"end":{"line":193,"column":1}}},"fnMap":{"0":{"name":"(anonymous_0)","decl":{"start":{"line":104,"column":27},"end":{"line":104,"column":28}},"loc":{"start":{"line":104,"column":102},"end":{"line":108,"column":1}},"line":104},"1":{"name":"(anonymous_1)","decl":{"start":{"line":116,"column":35},"end":{"line":116,"column":36}},"loc":{"start":{"line":121,"column":5},"end":{"line":136,"column":1}},"line":121},"2":{"name":"(anonymous_2)","decl":{"start":{"line":145,"column":25},"end":{"line":145,"column":26}},"loc":{"start":{"line":145,"column":65},"end":{"line":150,"column":1}},"line":145},"3":{"name":"(anonymous_3)","decl":{"start":{"line":156,"column":32},"end":{"line":156,"column":33}},"loc":{"start":{"line":156,"column":44},"end":{"line":156,"column":59}},"line":156},"4":{"name":"(anonymous_4)","decl":{"start":{"line":162,"column":29},"end":{"line":162,"column":30}},"loc":{"start":{"line":162,"column":38},"end":{"line":162,"column":51}},"line":162},"5":{"name":"(anonymous_5)","decl":{"start":{"line":165,"column":31},"end":{"line":165,"column":32}},"loc":{"start":{"line":165,"column":37},"end":{"line":165,"column":41}},"line":165},"6":{"name":"(anonymous_6)","decl":{"start":{"line":170,"column":50},"end":{"line":170,"column":51}},"loc":{"start":{"line":170,"column":60},"end":{"line":177,"column":1}},"line":170}},"branchMap":{},"s":{"0":1,"1":1,"2":1,"3":1,"4":0,"5":1,"6":3,"7":3,"8":3,"9":1,"10":12,"11":12,"12":1,"13":20,"14":1,"15":0,"16":1,"17":1,"18":1,"19":1,"20":1},"f":{"0":0,"1":3,"2":12,"3":20,"4":0,"5":1,"6":1},"b":{},"_coverageSchema":"1a1c01bbd47fc00a2c39e90264f33305004495a9","hash":"87997bd25f338e66bb462d2f28ec4b96b1b03eb6"},"/mnt/c/Users/Raymond/Desktop/helixcp-workspace/regulatory-dashboard/packages/library/src/stories/HelixTextField.stories.js":{"path":"/mnt/c/Users/Raymond/Desktop/helixcp-workspace/regulatory-dashboard/packages/library/src/stories/HelixTextField.stories.js","statementMap":{"0":{"start":{"line":28,"column":36},"end":{"line":35,"column":1}},"1":{"start":{"line":29,"column":4},"end":{"line":34,"column":5}},"2":{"start":{"line":40,"column":0},"end":{"line":44,"column":1}}},"fnMap":{"0":{"name":"(anonymous_0)","decl":{"start":{"line":28,"column":36},"end":{"line":28,"column":37}},"loc":{"start":{"line":28,"column":46},"end":{"line":35,"column":1}},"line":28}},"branchMap":{},"s":{"0":1,"1":1,"2":1},"f":{"0":1},"b":{},"_coverageSchema":"1a1c01bbd47fc00a2c39e90264f33305004495a9","hash":"9b90c609ab75b57efcfcac2187cbf1872f5a8f6d"},"/mnt/c/Users/Raymond/Desktop/helixcp-workspace/regulatory-dashboard/packages/library/src/components/HelixVerticalTab/index.js":{"path":"/mnt/c/Users/Raymond/Desktop/helixcp-workspace/regulatory-dashboard/packages/library/src/components/HelixVerticalTab/index.js","statementMap":{"0":{"start":{"line":6,"column":32},"end":{"line":25,"column":3}},"1":{"start":{"line":6,"column":55},"end":{"line":25,"column":1}},"2":{"start":{"line":29,"column":35},"end":{"line":29,"column":60}},"3":{"start":{"line":31,"column":2},"end":{"line":52,"column":3}},"4":{"start":{"line":55,"column":0},"end":{"line":60,"column":1}},"5":{"start":{"line":62,"column":0},"end":{"line":65,"column":1}},"6":{"start":{"line":63,"column":29},"end":{"line":63,"column":33}},"7":{"start":{"line":64,"column":31},"end":{"line":64,"column":35}}},"fnMap":{"0":{"name":"(anonymous_0)","decl":{"start":{"line":6,"column":43},"end":{"line":6,"column":44}},"loc":{"start":{"line":6,"column":55},"end":{"line":25,"column":1}},"line":6},"1":{"name":"HelixVerticalTabs","decl":{"start":{"line":27,"column":9},"end":{"line":27,"column":26}},"loc":{"start":{"line":27,"column":34},"end":{"line":53,"column":1}},"line":27},"2":{"name":"(anonymous_2)","decl":{"start":{"line":63,"column":23},"end":{"line":63,"column":24}},"loc":{"start":{"line":63,"column":29},"end":{"line":63,"column":33}},"line":63},"3":{"name":"(anonymous_3)","decl":{"start":{"line":64,"column":25},"end":{"line":64,"column":26}},"loc":{"start":{"line":64,"column":31},"end":{"line":64,"column":35}},"line":64}},"branchMap":{},"s":{"0":1,"1":1,"2":2,"3":1,"4":1,"5":1,"6":1,"7":1},"f":{"0":1,"1":2,"2":1,"3":1},"b":{},"_coverageSchema":"1a1c01bbd47fc00a2c39e90264f33305004495a9","hash":"762348bc9d76b5365e1c4fb2f1aeeca95fbedba4"},"/mnt/c/Users/Raymond/Desktop/helixcp-workspace/regulatory-dashboard/packages/library/src/components/HelixTabPanel/index.js":{"path":"/mnt/c/Users/Raymond/Desktop/helixcp-workspace/regulatory-dashboard/packages/library/src/components/HelixTabPanel/index.js","statementMap":{"0":{"start":{"line":6,"column":28},"end":{"line":10,"column":3}},"1":{"start":{"line":6,"column":51},"end":{"line":10,"column":1}},"2":{"start":{"line":14,"column":31},"end":{"line":14,"column":52}},"3":{"start":{"line":17,"column":47},"end":{"line":17,"column":52}},"4":{"start":{"line":19,"column":2},"end":{"line":33,"column":3}},"5":{"start":{"line":36,"column":0},"end":{"line":40,"column":1}}},"fnMap":{"0":{"name":"(anonymous_0)","decl":{"start":{"line":6,"column":39},"end":{"line":6,"column":40}},"loc":{"start":{"line":6,"column":51},"end":{"line":10,"column":1}},"line":6},"1":{"name":"HelixTabPanel","decl":{"start":{"line":12,"column":9},"end":{"line":12,"column":22}},"loc":{"start":{"line":12,"column":30},"end":{"line":34,"column":1}},"line":12}},"branchMap":{"0":{"loc":{"start":{"line":27,"column":7},"end":{"line":31,"column":7}},"type":"binary-expr","locations":[{"start":{"line":27,"column":7},"end":{"line":27,"column":22}},{"start":{"line":28,"column":8},"end":{"line":30,"column":14}}],"line":27}},"s":{"0":1,"1":1,"2":3,"3":3,"4":3,"5":1},"f":{"0":1,"1":3},"b":{"0":[3,1]},"_coverageSchema":"1a1c01bbd47fc00a2c39e90264f33305004495a9","hash":"7c31a7d7481de6d533a1ad9c1fd2d8a2ad09fc05"},"/mnt/c/Users/Raymond/Desktop/helixcp-workspace/regulatory-dashboard/packages/library/src/stories/HelixVerticalTabWithTabPanel.stories.js":{"path":"/mnt/c/Users/Raymond/Desktop/helixcp-workspace/regulatory-dashboard/packages/library/src/stories/HelixVerticalTabWithTabPanel.stories.js","statementMap":{"0":{"start":{"line":28,"column":19},"end":{"line":28,"column":50}},"1":{"start":{"line":31,"column":21},"end":{"line":31,"column":102}},"2":{"start":{"line":34,"column":24},"end":{"line":43,"column":1}},"3":{"start":{"line":35,"column":4},"end":{"line":42,"column":6}},"4":{"start":{"line":36,"column":8},"end":{"line":41,"column":9}},"5":{"start":{"line":46,"column":29},"end":{"line":56,"column":1}},"6":{"start":{"line":47,"column":4},"end":{"line":55,"column":6}},"7":{"start":{"line":48,"column":8},"end":{"line":54,"column":9}},"8":{"start":{"line":61,"column":50},"end":{"line":68,"column":1}},"9":{"start":{"line":62,"column":4},"end":{"line":67,"column":5}},"10":{"start":{"line":73,"column":0},"end":{"line":78,"column":1}},"11":{"start":{"line":76,"column":24},"end":{"line":76,"column":28}}},"fnMap":{"0":{"name":"(anonymous_0)","decl":{"start":{"line":34,"column":24},"end":{"line":34,"column":25}},"loc":{"start":{"line":34,"column":30},"end":{"line":43,"column":1}},"line":34},"1":{"name":"(anonymous_1)","decl":{"start":{"line":35,"column":26},"end":{"line":35,"column":27}},"loc":{"start":{"line":35,"column":45},"end":{"line":42,"column":5}},"line":35},"2":{"name":"(anonymous_2)","decl":{"start":{"line":46,"column":29},"end":{"line":46,"column":30}},"loc":{"start":{"line":46,"column":43},"end":{"line":56,"column":1}},"line":46},"3":{"name":"(anonymous_3)","decl":{"start":{"line":47,"column":28},"end":{"line":47,"column":29}},"loc":{"start":{"line":47,"column":57},"end":{"line":55,"column":5}},"line":47},"4":{"name":"(anonymous_4)","decl":{"start":{"line":61,"column":50},"end":{"line":61,"column":51}},"loc":{"start":{"line":61,"column":60},"end":{"line":68,"column":1}},"line":61},"5":{"name":"(anonymous_5)","decl":{"start":{"line":76,"column":18},"end":{"line":76,"column":19}},"loc":{"start":{"line":76,"column":24},"end":{"line":76,"column":28}},"line":76}},"branchMap":{},"s":{"0":1,"1":1,"2":1,"3":1,"4":3,"5":1,"6":1,"7":3,"8":1,"9":2,"10":1,"11":0},"f":{"0":1,"1":3,"2":1,"3":3,"4":2,"5":0},"b":{},"_coverageSchema":"1a1c01bbd47fc00a2c39e90264f33305004495a9","hash":"5b18a59fe34952c3612ca5ad3e108814e87bd991"},"/mnt/c/Users/Raymond/Desktop/helixcp-workspace/regulatory-dashboard/packages/library/src/components/MUIButton/index.js":{"path":"/mnt/c/Users/Raymond/Desktop/helixcp-workspace/regulatory-dashboard/packages/library/src/components/MUIButton/index.js","statementMap":{"0":{"start":{"line":4,"column":18},"end":{"line":8,"column":1}},"1":{"start":{"line":5,"column":4},"end":{"line":7,"column":16}}},"fnMap":{"0":{"name":"(anonymous_0)","decl":{"start":{"line":4,"column":18},"end":{"line":4,"column":19}},"loc":{"start":{"line":4,"column":47},"end":{"line":8,"column":1}},"line":4}},"branchMap":{},"s":{"0":1,"1":4},"f":{"0":4},"b":{},"_coverageSchema":"1a1c01bbd47fc00a2c39e90264f33305004495a9","hash":"768a3dfccb00b3ec4731768a544ab27d57e11c60"},"/mnt/c/Users/Raymond/Desktop/helixcp-workspace/regulatory-dashboard/packages/library/src/stories/MUIButton.stories.js":{"path":"/mnt/c/Users/Raymond/Desktop/helixcp-workspace/regulatory-dashboard/packages/library/src/stories/MUIButton.stories.js","statementMap":{"0":{"start":{"line":11,"column":27},"end":{"line":11,"column":100}},"1":{"start":{"line":11,"column":33},"end":{"line":11,"column":100}},"2":{"start":{"line":13,"column":29},"end":{"line":21,"column":3}},"3":{"start":{"line":14,"column":0},"end":{"line":21,"column":3}},"4":{"start":{"line":22,"column":30},"end":{"line":22,"column":115}},"5":{"start":{"line":22,"column":36},"end":{"line":22,"column":115}}},"fnMap":{"0":{"name":"(anonymous_0)","decl":{"start":{"line":11,"column":27},"end":{"line":11,"column":28}},"loc":{"start":{"line":11,"column":33},"end":{"line":11,"column":100}},"line":11},"1":{"name":"(anonymous_1)","decl":{"start":{"line":13,"column":29},"end":{"line":13,"column":30}},"loc":{"start":{"line":14,"column":0},"end":{"line":21,"column":3}},"line":14},"2":{"name":"(anonymous_2)","decl":{"start":{"line":22,"column":30},"end":{"line":22,"column":31}},"loc":{"start":{"line":22,"column":36},"end":{"line":22,"column":115}},"line":22}},"branchMap":{},"s":{"0":1,"1":1,"2":1,"3":1,"4":1,"5":1},"f":{"0":1,"1":1,"2":1},"b":{},"_coverageSchema":"1a1c01bbd47fc00a2c39e90264f33305004495a9","hash":"19859fea548601c05c8d243bb4b787550a64cb28"},"/mnt/c/Users/Raymond/Desktop/helixcp-workspace/regulatory-dashboard/packages/library/src/stories/Notification.stories.js":{"path":"/mnt/c/Users/Raymond/Desktop/helixcp-workspace/regulatory-dashboard/packages/library/src/stories/Notification.stories.js","statementMap":{"0":{"start":{"line":23,"column":34},"end":{"line":51,"column":1}},"1":{"start":{"line":26,"column":44},"end":{"line":30,"column":6}},"2":{"start":{"line":32,"column":24},"end":{"line":38,"column":5}},"3":{"start":{"line":33,"column":8},"end":{"line":33,"column":37}},"4":{"start":{"line":34,"column":8},"end":{"line":37,"column":10}},"5":{"start":{"line":40,"column":4},"end":{"line":50,"column":5}},"6":{"start":{"line":56,"column":0},"end":{"line":60,"column":1}}},"fnMap":{"0":{"name":"(anonymous_0)","decl":{"start":{"line":23,"column":34},"end":{"line":23,"column":35}},"loc":{"start":{"line":23,"column":43},"end":{"line":51,"column":1}},"line":23},"1":{"name":"(anonymous_1)","decl":{"start":{"line":32,"column":24},"end":{"line":32,"column":25}},"loc":{"start":{"line":32,"column":30},"end":{"line":38,"column":5}},"line":32}},"branchMap":{},"s":{"0":1,"1":1,"2":1,"3":0,"4":0,"5":1,"6":1},"f":{"0":1,"1":0},"b":{},"_coverageSchema":"1a1c01bbd47fc00a2c39e90264f33305004495a9","hash":"7d39eca05e5fbbdd02393b54b41a7e8967d505b4"}}}